
AVRASM ver. 2.1.30  D:\Bahareh\Semester 8\Files\Microprocessor Lab\Microprocessor\Session 7\Software\List\HW7.asm Sat Apr 20 11:54:57 2024

D:\Bahareh\Semester 8\Files\Microprocessor Lab\Microprocessor\Session 7\Software\List\HW7.asm(1072): warning: Register r4 already defined by the .DEF directive
D:\Bahareh\Semester 8\Files\Microprocessor Lab\Microprocessor\Session 7\Software\List\HW7.asm(1073): warning: Register r7 already defined by the .DEF directive
D:\Bahareh\Semester 8\Files\Microprocessor Lab\Microprocessor\Session 7\Software\List\HW7.asm(1074): warning: Register r6 already defined by the .DEF directive
D:\Bahareh\Semester 8\Files\Microprocessor Lab\Microprocessor\Session 7\Software\List\HW7.asm(1075): warning: Register r9 already defined by the .DEF directive
                 
                 
                 ;CodeVisionAVR C Compiler V2.05.3 Standard
                 ;(C) Copyright 1998-2011 Pavel Haiduc, HP InfoTech s.r.l.
                 ;http://www.hpinfotech.com
                 
                 ;Chip type                : ATmega32
                 ;Program type             : Application
                 ;Clock frequency          : 8.000000 MHz
                 ;Memory model             : Small
                 ;Optimize for             : Size
                 ;(s)printf features       : int, width
                 ;(s)scanf features        : int, width
                 ;External RAM size        : 0
                 ;Data Stack size          : 512 byte(s)
                 ;Heap size                : 0 byte(s)
                 ;Promote 'char' to 'int'  : Yes
                 ;'char' is unsigned       : Yes
                 ;8 bit enums              : Yes
                 ;Global 'const' stored in FLASH     : No
                 ;Enhanced function parameter passing: Yes
                 ;Enhanced core instructions         : On
                 ;Smart register allocation          : On
                 ;Automatic register allocation      : On
                 
                 	#pragma AVRPART ADMIN PART_NAME ATmega32
                 	#pragma AVRPART MEMORY PROG_FLASH 32768
                 	#pragma AVRPART MEMORY EEPROM 1024
                 	#pragma AVRPART MEMORY INT_SRAM SIZE 2143
                 	#pragma AVRPART MEMORY INT_SRAM START_ADDR 0x60
                 
                 	#define CALL_SUPPORTED 1
                 
                 	.LISTMAC
                 	.EQU UDRE=0x5
                 	.EQU RXC=0x7
                 	.EQU USR=0xB
                 	.EQU UDR=0xC
                 	.EQU SPSR=0xE
                 	.EQU SPDR=0xF
                 	.EQU EERE=0x0
                 	.EQU EEWE=0x1
                 	.EQU EEMWE=0x2
                 	.EQU EECR=0x1C
                 	.EQU EEDR=0x1D
                 	.EQU EEARL=0x1E
                 	.EQU EEARH=0x1F
                 	.EQU WDTCR=0x21
                 	.EQU MCUCR=0x35
                 	.EQU GICR=0x3B
                 	.EQU SPL=0x3D
                 	.EQU SPH=0x3E
                 	.EQU SREG=0x3F
                 
                 	.DEF R0X0=R0
                 	.DEF R0X1=R1
                 	.DEF R0X2=R2
                 	.DEF R0X3=R3
                 	.DEF R0X4=R4
                 	.DEF R0X5=R5
                 	.DEF R0X6=R6
                 	.DEF R0X7=R7
                 	.DEF R0X8=R8
                 	.DEF R0X9=R9
                 	.DEF R0XA=R10
                 	.DEF R0XB=R11
                 	.DEF R0XC=R12
                 	.DEF R0XD=R13
                 	.DEF R0XE=R14
                 	.DEF R0XF=R15
                 	.DEF R0X10=R16
                 	.DEF R0X11=R17
                 	.DEF R0X12=R18
                 	.DEF R0X13=R19
                 	.DEF R0X14=R20
                 	.DEF R0X15=R21
                 	.DEF R0X16=R22
                 	.DEF R0X17=R23
                 	.DEF R0X18=R24
                 	.DEF R0X19=R25
                 	.DEF R0X1A=R26
                 	.DEF R0X1B=R27
                 	.DEF R0X1C=R28
                 	.DEF R0X1D=R29
                 	.DEF R0X1E=R30
                 	.DEF R0X1F=R31
                 
                 	.EQU __SRAM_START=0x0060
                 	.EQU __SRAM_END=0x085F
                 	.EQU __DSTACK_SIZE=0x0200
                 	.EQU __HEAP_SIZE=0x0000
                 	.EQU __CLEAR_SRAM_SIZE=__SRAM_END-__SRAM_START+1
                 
                 	.MACRO __CPD1N
                 	CPI  R30,LOW(@0)
                 	LDI  R26,HIGH(@0)
                 	CPC  R31,R26
                 	LDI  R26,BYTE3(@0)
                 	CPC  R22,R26
                 	LDI  R26,BYTE4(@0)
                 	CPC  R23,R26
                 	.ENDM
                 
                 	.MACRO __CPD2N
                 	CPI  R26,LOW(@0)
                 	LDI  R30,HIGH(@0)
                 	CPC  R27,R30
                 	LDI  R30,BYTE3(@0)
                 	CPC  R24,R30
                 	LDI  R30,BYTE4(@0)
                 	CPC  R25,R30
                 	.ENDM
                 
                 	.MACRO __CPWRR
                 	CP   R@0,R@2
                 	CPC  R@1,R@3
                 	.ENDM
                 
                 	.MACRO __CPWRN
                 	CPI  R@0,LOW(@2)
                 	LDI  R30,HIGH(@2)
                 	CPC  R@1,R30
                 	.ENDM
                 
                 	.MACRO __ADDB1MN
                 	SUBI R30,LOW(-@0-(@1))
                 	.ENDM
                 
                 	.MACRO __ADDB2MN
                 	SUBI R26,LOW(-@0-(@1))
                 	.ENDM
                 
                 	.MACRO __ADDW1MN
                 	SUBI R30,LOW(-@0-(@1))
                 	SBCI R31,HIGH(-@0-(@1))
                 	.ENDM
                 
                 	.MACRO __ADDW2MN
                 	SUBI R26,LOW(-@0-(@1))
                 	SBCI R27,HIGH(-@0-(@1))
                 	.ENDM
                 
                 	.MACRO __ADDW1FN
                 	SUBI R30,LOW(-2*@0-(@1))
                 	SBCI R31,HIGH(-2*@0-(@1))
                 	.ENDM
                 
                 	.MACRO __ADDD1FN
                 	SUBI R30,LOW(-2*@0-(@1))
                 	SBCI R31,HIGH(-2*@0-(@1))
                 	SBCI R22,BYTE3(-2*@0-(@1))
                 	.ENDM
                 
                 	.MACRO __ADDD1N
                 	SUBI R30,LOW(-@0)
                 	SBCI R31,HIGH(-@0)
                 	SBCI R22,BYTE3(-@0)
                 	SBCI R23,BYTE4(-@0)
                 	.ENDM
                 
                 	.MACRO __ADDD2N
                 	SUBI R26,LOW(-@0)
                 	SBCI R27,HIGH(-@0)
                 	SBCI R24,BYTE3(-@0)
                 	SBCI R25,BYTE4(-@0)
                 	.ENDM
                 
                 	.MACRO __SUBD1N
                 	SUBI R30,LOW(@0)
                 	SBCI R31,HIGH(@0)
                 	SBCI R22,BYTE3(@0)
                 	SBCI R23,BYTE4(@0)
                 	.ENDM
                 
                 	.MACRO __SUBD2N
                 	SUBI R26,LOW(@0)
                 	SBCI R27,HIGH(@0)
                 	SBCI R24,BYTE3(@0)
                 	SBCI R25,BYTE4(@0)
                 	.ENDM
                 
                 	.MACRO __ANDBMNN
                 	LDS  R30,@0+(@1)
                 	ANDI R30,LOW(@2)
                 	STS  @0+(@1),R30
                 	.ENDM
                 
                 	.MACRO __ANDWMNN
                 	LDS  R30,@0+(@1)
                 	ANDI R30,LOW(@2)
                 	STS  @0+(@1),R30
                 	LDS  R30,@0+(@1)+1
                 	ANDI R30,HIGH(@2)
                 	STS  @0+(@1)+1,R30
                 	.ENDM
                 
                 	.MACRO __ANDD1N
                 	ANDI R30,LOW(@0)
                 	ANDI R31,HIGH(@0)
                 	ANDI R22,BYTE3(@0)
                 	ANDI R23,BYTE4(@0)
                 	.ENDM
                 
                 	.MACRO __ANDD2N
                 	ANDI R26,LOW(@0)
                 	ANDI R27,HIGH(@0)
                 	ANDI R24,BYTE3(@0)
                 	ANDI R25,BYTE4(@0)
                 	.ENDM
                 
                 	.MACRO __ORBMNN
                 	LDS  R30,@0+(@1)
                 	ORI  R30,LOW(@2)
                 	STS  @0+(@1),R30
                 	.ENDM
                 
                 	.MACRO __ORWMNN
                 	LDS  R30,@0+(@1)
                 	ORI  R30,LOW(@2)
                 	STS  @0+(@1),R30
                 	LDS  R30,@0+(@1)+1
                 	ORI  R30,HIGH(@2)
                 	STS  @0+(@1)+1,R30
                 	.ENDM
                 
                 	.MACRO __ORD1N
                 	ORI  R30,LOW(@0)
                 	ORI  R31,HIGH(@0)
                 	ORI  R22,BYTE3(@0)
                 	ORI  R23,BYTE4(@0)
                 	.ENDM
                 
                 	.MACRO __ORD2N
                 	ORI  R26,LOW(@0)
                 	ORI  R27,HIGH(@0)
                 	ORI  R24,BYTE3(@0)
                 	ORI  R25,BYTE4(@0)
                 	.ENDM
                 
                 	.MACRO __DELAY_USB
                 	LDI  R24,LOW(@0)
                 __DELAY_USB_LOOP:
                 	DEC  R24
                 	BRNE __DELAY_USB_LOOP
                 	.ENDM
                 
                 	.MACRO __DELAY_USW
                 	LDI  R24,LOW(@0)
                 	LDI  R25,HIGH(@0)
                 __DELAY_USW_LOOP:
                 	SBIW R24,1
                 	BRNE __DELAY_USW_LOOP
                 	.ENDM
                 
                 	.MACRO __GETD1S
                 	LDD  R30,Y+@0
                 	LDD  R31,Y+@0+1
                 	LDD  R22,Y+@0+2
                 	LDD  R23,Y+@0+3
                 	.ENDM
                 
                 	.MACRO __GETD2S
                 	LDD  R26,Y+@0
                 	LDD  R27,Y+@0+1
                 	LDD  R24,Y+@0+2
                 	LDD  R25,Y+@0+3
                 	.ENDM
                 
                 	.MACRO __PUTD1S
                 	STD  Y+@0,R30
                 	STD  Y+@0+1,R31
                 	STD  Y+@0+2,R22
                 	STD  Y+@0+3,R23
                 	.ENDM
                 
                 	.MACRO __PUTD2S
                 	STD  Y+@0,R26
                 	STD  Y+@0+1,R27
                 	STD  Y+@0+2,R24
                 	STD  Y+@0+3,R25
                 	.ENDM
                 
                 	.MACRO __PUTDZ2
                 	STD  Z+@0,R26
                 	STD  Z+@0+1,R27
                 	STD  Z+@0+2,R24
                 	STD  Z+@0+3,R25
                 	.ENDM
                 
                 	.MACRO __CLRD1S
                 	STD  Y+@0,R30
                 	STD  Y+@0+1,R30
                 	STD  Y+@0+2,R30
                 	STD  Y+@0+3,R30
                 	.ENDM
                 
                 	.MACRO __POINTB1MN
                 	LDI  R30,LOW(@0+(@1))
                 	.ENDM
                 
                 	.MACRO __POINTW1MN
                 	LDI  R30,LOW(@0+(@1))
                 	LDI  R31,HIGH(@0+(@1))
                 	.ENDM
                 
                 	.MACRO __POINTD1M
                 	LDI  R30,LOW(@0)
                 	LDI  R31,HIGH(@0)
                 	LDI  R22,BYTE3(@0)
                 	LDI  R23,BYTE4(@0)
                 	.ENDM
                 
                 	.MACRO __POINTW1FN
                 	LDI  R30,LOW(2*@0+(@1))
                 	LDI  R31,HIGH(2*@0+(@1))
                 	.ENDM
                 
                 	.MACRO __POINTD1FN
                 	LDI  R30,LOW(2*@0+(@1))
                 	LDI  R31,HIGH(2*@0+(@1))
                 	LDI  R22,BYTE3(2*@0+(@1))
                 	LDI  R23,BYTE4(2*@0+(@1))
                 	.ENDM
                 
                 	.MACRO __POINTB2MN
                 	LDI  R26,LOW(@0+(@1))
                 	.ENDM
                 
                 	.MACRO __POINTW2MN
                 	LDI  R26,LOW(@0+(@1))
                 	LDI  R27,HIGH(@0+(@1))
                 	.ENDM
                 
                 	.MACRO __POINTW2FN
                 	LDI  R26,LOW(2*@0+(@1))
                 	LDI  R27,HIGH(2*@0+(@1))
                 	.ENDM
                 
                 	.MACRO __POINTD2FN
                 	LDI  R26,LOW(2*@0+(@1))
                 	LDI  R27,HIGH(2*@0+(@1))
                 	LDI  R24,BYTE3(2*@0+(@1))
                 	LDI  R25,BYTE4(2*@0+(@1))
                 	.ENDM
                 
                 	.MACRO __POINTBRM
                 	LDI  R@0,LOW(@1)
                 	.ENDM
                 
                 	.MACRO __POINTWRM
                 	LDI  R@0,LOW(@2)
                 	LDI  R@1,HIGH(@2)
                 	.ENDM
                 
                 	.MACRO __POINTBRMN
                 	LDI  R@0,LOW(@1+(@2))
                 	.ENDM
                 
                 	.MACRO __POINTWRMN
                 	LDI  R@0,LOW(@2+(@3))
                 	LDI  R@1,HIGH(@2+(@3))
                 	.ENDM
                 
                 	.MACRO __POINTWRFN
                 	LDI  R@0,LOW(@2*2+(@3))
                 	LDI  R@1,HIGH(@2*2+(@3))
                 	.ENDM
                 
                 	.MACRO __GETD1N
                 	LDI  R30,LOW(@0)
                 	LDI  R31,HIGH(@0)
                 	LDI  R22,BYTE3(@0)
                 	LDI  R23,BYTE4(@0)
                 	.ENDM
                 
                 	.MACRO __GETD2N
                 	LDI  R26,LOW(@0)
                 	LDI  R27,HIGH(@0)
                 	LDI  R24,BYTE3(@0)
                 	LDI  R25,BYTE4(@0)
                 	.ENDM
                 
                 	.MACRO __GETB1MN
                 	LDS  R30,@0+(@1)
                 	.ENDM
                 
                 	.MACRO __GETB1HMN
                 	LDS  R31,@0+(@1)
                 	.ENDM
                 
                 	.MACRO __GETW1MN
                 	LDS  R30,@0+(@1)
                 	LDS  R31,@0+(@1)+1
                 	.ENDM
                 
                 	.MACRO __GETD1MN
                 	LDS  R30,@0+(@1)
                 	LDS  R31,@0+(@1)+1
                 	LDS  R22,@0+(@1)+2
                 	LDS  R23,@0+(@1)+3
                 	.ENDM
                 
                 	.MACRO __GETBRMN
                 	LDS  R@0,@1+(@2)
                 	.ENDM
                 
                 	.MACRO __GETWRMN
                 	LDS  R@0,@2+(@3)
                 	LDS  R@1,@2+(@3)+1
                 	.ENDM
                 
                 	.MACRO __GETWRZ
                 	LDD  R@0,Z+@2
                 	LDD  R@1,Z+@2+1
                 	.ENDM
                 
                 	.MACRO __GETD2Z
                 	LDD  R26,Z+@0
                 	LDD  R27,Z+@0+1
                 	LDD  R24,Z+@0+2
                 	LDD  R25,Z+@0+3
                 	.ENDM
                 
                 	.MACRO __GETB2MN
                 	LDS  R26,@0+(@1)
                 	.ENDM
                 
                 	.MACRO __GETW2MN
                 	LDS  R26,@0+(@1)
                 	LDS  R27,@0+(@1)+1
                 	.ENDM
                 
                 	.MACRO __GETD2MN
                 	LDS  R26,@0+(@1)
                 	LDS  R27,@0+(@1)+1
                 	LDS  R24,@0+(@1)+2
                 	LDS  R25,@0+(@1)+3
                 	.ENDM
                 
                 	.MACRO __PUTB1MN
                 	STS  @0+(@1),R30
                 	.ENDM
                 
                 	.MACRO __PUTW1MN
                 	STS  @0+(@1),R30
                 	STS  @0+(@1)+1,R31
                 	.ENDM
                 
                 	.MACRO __PUTD1MN
                 	STS  @0+(@1),R30
                 	STS  @0+(@1)+1,R31
                 	STS  @0+(@1)+2,R22
                 	STS  @0+(@1)+3,R23
                 	.ENDM
                 
                 	.MACRO __PUTB1EN
                 	LDI  R26,LOW(@0+(@1))
                 	LDI  R27,HIGH(@0+(@1))
                 	CALL __EEPROMWRB
                 	.ENDM
                 
                 	.MACRO __PUTW1EN
                 	LDI  R26,LOW(@0+(@1))
                 	LDI  R27,HIGH(@0+(@1))
                 	CALL __EEPROMWRW
                 	.ENDM
                 
                 	.MACRO __PUTD1EN
                 	LDI  R26,LOW(@0+(@1))
                 	LDI  R27,HIGH(@0+(@1))
                 	CALL __EEPROMWRD
                 	.ENDM
                 
                 	.MACRO __PUTBR0MN
                 	STS  @0+(@1),R0
                 	.ENDM
                 
                 	.MACRO __PUTBMRN
                 	STS  @0+(@1),R@2
                 	.ENDM
                 
                 	.MACRO __PUTWMRN
                 	STS  @0+(@1),R@2
                 	STS  @0+(@1)+1,R@3
                 	.ENDM
                 
                 	.MACRO __PUTBZR
                 	STD  Z+@1,R@0
                 	.ENDM
                 
                 	.MACRO __PUTWZR
                 	STD  Z+@2,R@0
                 	STD  Z+@2+1,R@1
                 	.ENDM
                 
                 	.MACRO __GETW1R
                 	MOV  R30,R@0
                 	MOV  R31,R@1
                 	.ENDM
                 
                 	.MACRO __GETW2R
                 	MOV  R26,R@0
                 	MOV  R27,R@1
                 	.ENDM
                 
                 	.MACRO __GETWRN
                 	LDI  R@0,LOW(@2)
                 	LDI  R@1,HIGH(@2)
                 	.ENDM
                 
                 	.MACRO __PUTW1R
                 	MOV  R@0,R30
                 	MOV  R@1,R31
                 	.ENDM
                 
                 	.MACRO __PUTW2R
                 	MOV  R@0,R26
                 	MOV  R@1,R27
                 	.ENDM
                 
                 	.MACRO __ADDWRN
                 	SUBI R@0,LOW(-@2)
                 	SBCI R@1,HIGH(-@2)
                 	.ENDM
                 
                 	.MACRO __ADDWRR
                 	ADD  R@0,R@2
                 	ADC  R@1,R@3
                 	.ENDM
                 
                 	.MACRO __SUBWRN
                 	SUBI R@0,LOW(@2)
                 	SBCI R@1,HIGH(@2)
                 	.ENDM
                 
                 	.MACRO __SUBWRR
                 	SUB  R@0,R@2
                 	SBC  R@1,R@3
                 	.ENDM
                 
                 	.MACRO __ANDWRN
                 	ANDI R@0,LOW(@2)
                 	ANDI R@1,HIGH(@2)
                 	.ENDM
                 
                 	.MACRO __ANDWRR
                 	AND  R@0,R@2
                 	AND  R@1,R@3
                 	.ENDM
                 
                 	.MACRO __ORWRN
                 	ORI  R@0,LOW(@2)
                 	ORI  R@1,HIGH(@2)
                 	.ENDM
                 
                 	.MACRO __ORWRR
                 	OR   R@0,R@2
                 	OR   R@1,R@3
                 	.ENDM
                 
                 	.MACRO __EORWRR
                 	EOR  R@0,R@2
                 	EOR  R@1,R@3
                 	.ENDM
                 
                 	.MACRO __GETWRS
                 	LDD  R@0,Y+@2
                 	LDD  R@1,Y+@2+1
                 	.ENDM
                 
                 	.MACRO __PUTBSR
                 	STD  Y+@1,R@0
                 	.ENDM
                 
                 	.MACRO __PUTWSR
                 	STD  Y+@2,R@0
                 	STD  Y+@2+1,R@1
                 	.ENDM
                 
                 	.MACRO __MOVEWRR
                 	MOV  R@0,R@2
                 	MOV  R@1,R@3
                 	.ENDM
                 
                 	.MACRO __INWR
                 	IN   R@0,@2
                 	IN   R@1,@2+1
                 	.ENDM
                 
                 	.MACRO __OUTWR
                 	OUT  @2+1,R@1
                 	OUT  @2,R@0
                 	.ENDM
                 
                 	.MACRO __CALL1MN
                 	LDS  R30,@0+(@1)
                 	LDS  R31,@0+(@1)+1
                 	ICALL
                 	.ENDM
                 
                 	.MACRO __CALL1FN
                 	LDI  R30,LOW(2*@0+(@1))
                 	LDI  R31,HIGH(2*@0+(@1))
                 	CALL __GETW1PF
                 	ICALL
                 	.ENDM
                 
                 	.MACRO __CALL2EN
                 	LDI  R26,LOW(@0+(@1))
                 	LDI  R27,HIGH(@0+(@1))
                 	CALL __EEPROMRDW
                 	ICALL
                 	.ENDM
                 
                 	.MACRO __GETW1STACK
                 	IN   R26,SPL
                 	IN   R27,SPH
                 	ADIW R26,@0+1
                 	LD   R30,X+
                 	LD   R31,X
                 	.ENDM
                 
                 	.MACRO __GETD1STACK
                 	IN   R26,SPL
                 	IN   R27,SPH
                 	ADIW R26,@0+1
                 	LD   R30,X+
                 	LD   R31,X+
                 	LD   R22,X
                 	.ENDM
                 
                 	.MACRO __NBST
                 	BST  R@0,@1
                 	IN   R30,SREG
                 	LDI  R31,0x40
                 	EOR  R30,R31
                 	OUT  SREG,R30
                 	.ENDM
                 
                 
                 	.MACRO __PUTB1SN
                 	LDD  R26,Y+@0
                 	LDD  R27,Y+@0+1
                 	SUBI R26,LOW(-@1)
                 	SBCI R27,HIGH(-@1)
                 	ST   X,R30
                 	.ENDM
                 
                 	.MACRO __PUTW1SN
                 	LDD  R26,Y+@0
                 	LDD  R27,Y+@0+1
                 	SUBI R26,LOW(-@1)
                 	SBCI R27,HIGH(-@1)
                 	ST   X+,R30
                 	ST   X,R31
                 	.ENDM
                 
                 	.MACRO __PUTD1SN
                 	LDD  R26,Y+@0
                 	LDD  R27,Y+@0+1
                 	SUBI R26,LOW(-@1)
                 	SBCI R27,HIGH(-@1)
                 	CALL __PUTDP1
                 	.ENDM
                 
                 	.MACRO __PUTB1SNS
                 	LDD  R26,Y+@0
                 	LDD  R27,Y+@0+1
                 	ADIW R26,@1
                 	ST   X,R30
                 	.ENDM
                 
                 	.MACRO __PUTW1SNS
                 	LDD  R26,Y+@0
                 	LDD  R27,Y+@0+1
                 	ADIW R26,@1
                 	ST   X+,R30
                 	ST   X,R31
                 	.ENDM
                 
                 	.MACRO __PUTD1SNS
                 	LDD  R26,Y+@0
                 	LDD  R27,Y+@0+1
                 	ADIW R26,@1
                 	CALL __PUTDP1
                 	.ENDM
                 
                 	.MACRO __PUTB1PMN
                 	LDS  R26,@0
                 	LDS  R27,@0+1
                 	SUBI R26,LOW(-@1)
                 	SBCI R27,HIGH(-@1)
                 	ST   X,R30
                 	.ENDM
                 
                 	.MACRO __PUTW1PMN
                 	LDS  R26,@0
                 	LDS  R27,@0+1
                 	SUBI R26,LOW(-@1)
                 	SBCI R27,HIGH(-@1)
                 	ST   X+,R30
                 	ST   X,R31
                 	.ENDM
                 
                 	.MACRO __PUTD1PMN
                 	LDS  R26,@0
                 	LDS  R27,@0+1
                 	SUBI R26,LOW(-@1)
                 	SBCI R27,HIGH(-@1)
                 	CALL __PUTDP1
                 	.ENDM
                 
                 	.MACRO __PUTB1PMNS
                 	LDS  R26,@0
                 	LDS  R27,@0+1
                 	ADIW R26,@1
                 	ST   X,R30
                 	.ENDM
                 
                 	.MACRO __PUTW1PMNS
                 	LDS  R26,@0
                 	LDS  R27,@0+1
                 	ADIW R26,@1
                 	ST   X+,R30
                 	ST   X,R31
                 	.ENDM
                 
                 	.MACRO __PUTD1PMNS
                 	LDS  R26,@0
                 	LDS  R27,@0+1
                 	ADIW R26,@1
                 	CALL __PUTDP1
                 	.ENDM
                 
                 	.MACRO __PUTB1RN
                 	MOVW R26,R@0
                 	SUBI R26,LOW(-@1)
                 	SBCI R27,HIGH(-@1)
                 	ST   X,R30
                 	.ENDM
                 
                 	.MACRO __PUTW1RN
                 	MOVW R26,R@0
                 	SUBI R26,LOW(-@1)
                 	SBCI R27,HIGH(-@1)
                 	ST   X+,R30
                 	ST   X,R31
                 	.ENDM
                 
                 	.MACRO __PUTD1RN
                 	MOVW R26,R@0
                 	SUBI R26,LOW(-@1)
                 	SBCI R27,HIGH(-@1)
                 	CALL __PUTDP1
                 	.ENDM
                 
                 	.MACRO __PUTB1RNS
                 	MOVW R26,R@0
                 	ADIW R26,@1
                 	ST   X,R30
                 	.ENDM
                 
                 	.MACRO __PUTW1RNS
                 	MOVW R26,R@0
                 	ADIW R26,@1
                 	ST   X+,R30
                 	ST   X,R31
                 	.ENDM
                 
                 	.MACRO __PUTD1RNS
                 	MOVW R26,R@0
                 	ADIW R26,@1
                 	CALL __PUTDP1
                 	.ENDM
                 
                 	.MACRO __PUTB1RON
                 	MOV  R26,R@0
                 	MOV  R27,R@1
                 	SUBI R26,LOW(-@2)
                 	SBCI R27,HIGH(-@2)
                 	ST   X,R30
                 	.ENDM
                 
                 	.MACRO __PUTW1RON
                 	MOV  R26,R@0
                 	MOV  R27,R@1
                 	SUBI R26,LOW(-@2)
                 	SBCI R27,HIGH(-@2)
                 	ST   X+,R30
                 	ST   X,R31
                 	.ENDM
                 
                 	.MACRO __PUTD1RON
                 	MOV  R26,R@0
                 	MOV  R27,R@1
                 	SUBI R26,LOW(-@2)
                 	SBCI R27,HIGH(-@2)
                 	CALL __PUTDP1
                 	.ENDM
                 
                 	.MACRO __PUTB1RONS
                 	MOV  R26,R@0
                 	MOV  R27,R@1
                 	ADIW R26,@2
                 	ST   X,R30
                 	.ENDM
                 
                 	.MACRO __PUTW1RONS
                 	MOV  R26,R@0
                 	MOV  R27,R@1
                 	ADIW R26,@2
                 	ST   X+,R30
                 	ST   X,R31
                 	.ENDM
                 
                 	.MACRO __PUTD1RONS
                 	MOV  R26,R@0
                 	MOV  R27,R@1
                 	ADIW R26,@2
                 	CALL __PUTDP1
                 	.ENDM
                 
                 
                 	.MACRO __GETB1SX
                 	MOVW R30,R28
                 	SUBI R30,LOW(-@0)
                 	SBCI R31,HIGH(-@0)
                 	LD   R30,Z
                 	.ENDM
                 
                 	.MACRO __GETB1HSX
                 	MOVW R30,R28
                 	SUBI R30,LOW(-@0)
                 	SBCI R31,HIGH(-@0)
                 	LD   R31,Z
                 	.ENDM
                 
                 	.MACRO __GETW1SX
                 	MOVW R30,R28
                 	SUBI R30,LOW(-@0)
                 	SBCI R31,HIGH(-@0)
                 	LD   R0,Z+
                 	LD   R31,Z
                 	MOV  R30,R0
                 	.ENDM
                 
                 	.MACRO __GETD1SX
                 	MOVW R30,R28
                 	SUBI R30,LOW(-@0)
                 	SBCI R31,HIGH(-@0)
                 	LD   R0,Z+
                 	LD   R1,Z+
                 	LD   R22,Z+
                 	LD   R23,Z
                 	MOVW R30,R0
                 	.ENDM
                 
                 	.MACRO __GETB2SX
                 	MOVW R26,R28
                 	SUBI R26,LOW(-@0)
                 	SBCI R27,HIGH(-@0)
                 	LD   R26,X
                 	.ENDM
                 
                 	.MACRO __GETW2SX
                 	MOVW R26,R28
                 	SUBI R26,LOW(-@0)
                 	SBCI R27,HIGH(-@0)
                 	LD   R0,X+
                 	LD   R27,X
                 	MOV  R26,R0
                 	.ENDM
                 
                 	.MACRO __GETD2SX
                 	MOVW R26,R28
                 	SUBI R26,LOW(-@0)
                 	SBCI R27,HIGH(-@0)
                 	LD   R0,X+
                 	LD   R1,X+
                 	LD   R24,X+
                 	LD   R25,X
                 	MOVW R26,R0
                 	.ENDM
                 
                 	.MACRO __GETBRSX
                 	MOVW R30,R28
                 	SUBI R30,LOW(-@1)
                 	SBCI R31,HIGH(-@1)
                 	LD   R@0,Z
                 	.ENDM
                 
                 	.MACRO __GETWRSX
                 	MOVW R30,R28
                 	SUBI R30,LOW(-@2)
                 	SBCI R31,HIGH(-@2)
                 	LD   R@0,Z+
                 	LD   R@1,Z
                 	.ENDM
                 
                 	.MACRO __GETBRSX2
                 	MOVW R26,R28
                 	SUBI R26,LOW(-@1)
                 	SBCI R27,HIGH(-@1)
                 	LD   R@0,X
                 	.ENDM
                 
                 	.MACRO __GETWRSX2
                 	MOVW R26,R28
                 	SUBI R26,LOW(-@2)
                 	SBCI R27,HIGH(-@2)
                 	LD   R@0,X+
                 	LD   R@1,X
                 	.ENDM
                 
                 	.MACRO __LSLW8SX
                 	MOVW R30,R28
                 	SUBI R30,LOW(-@0)
                 	SBCI R31,HIGH(-@0)
                 	LD   R31,Z
                 	CLR  R30
                 	.ENDM
                 
                 	.MACRO __PUTB1SX
                 	MOVW R26,R28
                 	SUBI R26,LOW(-@0)
                 	SBCI R27,HIGH(-@0)
                 	ST   X,R30
                 	.ENDM
                 
                 	.MACRO __PUTW1SX
                 	MOVW R26,R28
                 	SUBI R26,LOW(-@0)
                 	SBCI R27,HIGH(-@0)
                 	ST   X+,R30
                 	ST   X,R31
                 	.ENDM
                 
                 	.MACRO __PUTD1SX
                 	MOVW R26,R28
                 	SUBI R26,LOW(-@0)
                 	SBCI R27,HIGH(-@0)
                 	ST   X+,R30
                 	ST   X+,R31
                 	ST   X+,R22
                 	ST   X,R23
                 	.ENDM
                 
                 	.MACRO __CLRW1SX
                 	MOVW R26,R28
                 	SUBI R26,LOW(-@0)
                 	SBCI R27,HIGH(-@0)
                 	ST   X+,R30
                 	ST   X,R30
                 	.ENDM
                 
                 	.MACRO __CLRD1SX
                 	MOVW R26,R28
                 	SUBI R26,LOW(-@0)
                 	SBCI R27,HIGH(-@0)
                 	ST   X+,R30
                 	ST   X+,R30
                 	ST   X+,R30
                 	ST   X,R30
                 	.ENDM
                 
                 	.MACRO __PUTB2SX
                 	MOVW R30,R28
                 	SUBI R30,LOW(-@0)
                 	SBCI R31,HIGH(-@0)
                 	ST   Z,R26
                 	.ENDM
                 
                 	.MACRO __PUTW2SX
                 	MOVW R30,R28
                 	SUBI R30,LOW(-@0)
                 	SBCI R31,HIGH(-@0)
                 	ST   Z+,R26
                 	ST   Z,R27
                 	.ENDM
                 
                 	.MACRO __PUTD2SX
                 	MOVW R30,R28
                 	SUBI R30,LOW(-@0)
                 	SBCI R31,HIGH(-@0)
                 	ST   Z+,R26
                 	ST   Z+,R27
                 	ST   Z+,R24
                 	ST   Z,R25
                 	.ENDM
                 
                 	.MACRO __PUTBSRX
                 	MOVW R30,R28
                 	SUBI R30,LOW(-@1)
                 	SBCI R31,HIGH(-@1)
                 	ST   Z,R@0
                 	.ENDM
                 
                 	.MACRO __PUTWSRX
                 	MOVW R30,R28
                 	SUBI R30,LOW(-@2)
                 	SBCI R31,HIGH(-@2)
                 	ST   Z+,R@0
                 	ST   Z,R@1
                 	.ENDM
                 
                 	.MACRO __PUTB1SNX
                 	MOVW R26,R28
                 	SUBI R26,LOW(-@0)
                 	SBCI R27,HIGH(-@0)
                 	LD   R0,X+
                 	LD   R27,X
                 	MOV  R26,R0
                 	SUBI R26,LOW(-@1)
                 	SBCI R27,HIGH(-@1)
                 	ST   X,R30
                 	.ENDM
                 
                 	.MACRO __PUTW1SNX
                 	MOVW R26,R28
                 	SUBI R26,LOW(-@0)
                 	SBCI R27,HIGH(-@0)
                 	LD   R0,X+
                 	LD   R27,X
                 	MOV  R26,R0
                 	SUBI R26,LOW(-@1)
                 	SBCI R27,HIGH(-@1)
                 	ST   X+,R30
                 	ST   X,R31
                 	.ENDM
                 
                 	.MACRO __PUTD1SNX
                 	MOVW R26,R28
                 	SUBI R26,LOW(-@0)
                 	SBCI R27,HIGH(-@0)
                 	LD   R0,X+
                 	LD   R27,X
                 	MOV  R26,R0
                 	SUBI R26,LOW(-@1)
                 	SBCI R27,HIGH(-@1)
                 	ST   X+,R30
                 	ST   X+,R31
                 	ST   X+,R22
                 	ST   X,R23
                 	.ENDM
                 
                 	.MACRO __MULBRR
                 	MULS R@0,R@1
                 	MOVW R30,R0
                 	.ENDM
                 
                 	.MACRO __MULBRRU
                 	MUL  R@0,R@1
                 	MOVW R30,R0
                 	.ENDM
                 
                 	.MACRO __MULBRR0
                 	MULS R@0,R@1
                 	.ENDM
                 
                 	.MACRO __MULBRRU0
                 	MUL  R@0,R@1
                 	.ENDM
                 
                 	.MACRO __MULBNWRU
                 	LDI  R26,@2
                 	MUL  R26,R@0
                 	MOVW R30,R0
                 	MUL  R26,R@1
                 	ADD  R31,R0
                 	.ENDM
                 
                 ;NAME DEFINITIONS FOR GLOBAL VARIABLES ALLOCATED TO REGISTERS
                 	.DEF _temp=R4
                 	.DEF __lcd_x=R7
                 	.DEF __lcd_y=R6
                 	.DEF __lcd_maxx=R9
                 
                 	.CSEG
                 	.ORG 0x00
                 
                 ;START OF CODE MARKER
                 __START_OF_CODE:
                 
                 ;INTERRUPT VECTORS
000000 940c 0041 	JMP  __RESET
000002 940c 0000 	JMP  0x00
000004 940c 0000 	JMP  0x00
000006 940c 0000 	JMP  0x00
000008 940c 0000 	JMP  0x00
00000a 940c 0000 	JMP  0x00
00000c 940c 0000 	JMP  0x00
00000e 940c 0000 	JMP  0x00
000010 940c 0000 	JMP  0x00
000012 940c 0000 	JMP  0x00
000014 940c 0000 	JMP  0x00
000016 940c 0000 	JMP  0x00
000018 940c 0000 	JMP  0x00
00001a 940c 0000 	JMP  0x00
00001c 940c 0000 	JMP  0x00
00001e 940c 0000 	JMP  0x00
000020 940c 0000 	JMP  0x00
000022 940c 0000 	JMP  0x00
000024 940c 0000 	JMP  0x00
000026 940c 0000 	JMP  0x00
000028 940c 0000 	JMP  0x00
                 
                 _0x0:
00002a 4554
00002b 504d
00002c 5245
00002d 5441      	.DB  0x54,0x45,0x4D,0x50,0x45,0x52,0x41,0x54
00002e 5255
00002f 0045      	.DB  0x55,0x52,0x45,0x0
                 _0x2000060:
D:\Bahareh\Semester 8\Files\Microprocessor Lab\Microprocessor\Session 7\Software\List\HW7.asm(1110): warning: .cseg .db misalignment - padding zero byte
000030 0001      	.DB  0x1
                 _0x2000000:
000031 4e2d
000032 4e41
000033 4900
000034 464e      	.DB  0x2D,0x4E,0x41,0x4E,0x0,0x49,0x4E,0x46
D:\Bahareh\Semester 8\Files\Microprocessor Lab\Microprocessor\Session 7\Software\List\HW7.asm(1113): warning: .cseg .db misalignment - padding zero byte
000035 0000      	.DB  0x0
                 _0x2020003:
000036 c080      	.DB  0x80,0xC0
                 
                 __GLOBAL_INI_TBL:
000037 000c      	.DW  0x0C
000038 0260      	.DW  _0x6
000039 0054      	.DW  _0x0*2
                 
00003a 0001      	.DW  0x01
00003b 0271      	.DW  __seed_G100
00003c 0060      	.DW  _0x2000060*2
                 
00003d 0002      	.DW  0x02
00003e 0275      	.DW  __base_y_G101
00003f 006c      	.DW  _0x2020003*2
                 
                 _0xFFFFFFFF:
000040 0000      	.DW  0
                 
                 __RESET:
000041 94f8      	CLI
000042 27ee      	CLR  R30
000043 bbec      	OUT  EECR,R30
                 
                 ;INTERRUPT VECTORS ARE PLACED
                 ;AT THE START OF FLASH
000044 e0f1      	LDI  R31,1
000045 bffb      	OUT  GICR,R31
000046 bfeb      	OUT  GICR,R30
000047 bfe5      	OUT  MCUCR,R30
                 
                 ;DISABLE WATCHDOG
000048 e1f8      	LDI  R31,0x18
000049 bdf1      	OUT  WDTCR,R31
00004a bde1      	OUT  WDTCR,R30
                 
                 ;CLEAR R2-R14
00004b e08d      	LDI  R24,(14-2)+1
00004c e0a2      	LDI  R26,2
00004d 27bb      	CLR  R27
                 __CLEAR_REG:
00004e 93ed      	ST   X+,R30
00004f 958a      	DEC  R24
000050 f7e9      	BRNE __CLEAR_REG
                 
                 ;CLEAR SRAM
000051 e080      	LDI  R24,LOW(__CLEAR_SRAM_SIZE)
000052 e098      	LDI  R25,HIGH(__CLEAR_SRAM_SIZE)
000053 e6a0      	LDI  R26,__SRAM_START
                 __CLEAR_SRAM:
000054 93ed      	ST   X+,R30
000055 9701      	SBIW R24,1
000056 f7e9      	BRNE __CLEAR_SRAM
                 
                 ;GLOBAL VARIABLES INITIALIZATION
000057 e6ee      	LDI  R30,LOW(__GLOBAL_INI_TBL*2)
000058 e0f0      	LDI  R31,HIGH(__GLOBAL_INI_TBL*2)
                 __GLOBAL_INI_NEXT:
000059 9185      	LPM  R24,Z+
00005a 9195      	LPM  R25,Z+
00005b 9700      	SBIW R24,0
00005c f061      	BREQ __GLOBAL_INI_END
00005d 91a5      	LPM  R26,Z+
00005e 91b5      	LPM  R27,Z+
00005f 9005      	LPM  R0,Z+
000060 9015      	LPM  R1,Z+
000061 01bf      	MOVW R22,R30
000062 01f0      	MOVW R30,R0
                 __GLOBAL_INI_LOOP:
000063 9005      	LPM  R0,Z+
000064 920d      	ST   X+,R0
000065 9701      	SBIW R24,1
000066 f7e1      	BRNE __GLOBAL_INI_LOOP
000067 01fb      	MOVW R30,R22
000068 cff0      	RJMP __GLOBAL_INI_NEXT
                 __GLOBAL_INI_END:
                 
                 ;HARDWARE STACK POINTER INITIALIZATION
000069 e5ef      	LDI  R30,LOW(__SRAM_END-__HEAP_SIZE)
00006a bfed      	OUT  SPL,R30
00006b e0e8      	LDI  R30,HIGH(__SRAM_END-__HEAP_SIZE)
00006c bfee      	OUT  SPH,R30
                 
                 ;DATA STACK POINTER INITIALIZATION
00006d e6c0      	LDI  R28,LOW(__SRAM_START+__DSTACK_SIZE)
00006e e0d2      	LDI  R29,HIGH(__SRAM_START+__DSTACK_SIZE)
                 
00006f 940c 0080 	JMP  _main
                 
                 	.ESEG
                 	.ORG 0
                 
                 	.DSEG
                 	.ORG 0x260
                 
                 	.CSEG
                 ;/*****************************************************
                 ;This program was produced by the
                 ;CodeWizardAVR V2.05.3 Standard
                 ;Automatic Program Generator
                 ;© Copyright 1998-2011 Pavel Haiduc, HP InfoTech s.r.l.
                 ;http://www.hpinfotech.com
                 ;
                 ;Project :
                 ;Version :
                 ;Date    : 4/20/2024
                 ;Author  : kavousi.b99@gmail.com - Bahareh Kavousi nejad - 99431217
                 ;Company : IUST
                 ;Comments:
                 ;
                 ;
                 ;Chip type               : ATmega32
                 ;Program type            : Application
                 ;AVR Core Clock frequency: 8.000000 MHz
                 ;Memory model            : Small
                 ;External RAM size       : 0
                 ;Data Stack size         : 512
                 ;*****************************************************/
                 ;/*
                 ;Bahareh Kavousi nejad - 99431217
                 ;*/
                 ;#include <mega32.h>
                 	#ifndef __SLEEP_DEFINED__
                 	#define __SLEEP_DEFINED__
                 	.EQU __se_bit=0x80
                 	.EQU __sm_mask=0x70
                 	.EQU __sm_powerdown=0x20
                 	.EQU __sm_powersave=0x30
                 	.EQU __sm_standby=0x60
                 	.EQU __sm_ext_standby=0x70
                 	.EQU __sm_adc_noise_red=0x10
                 	.SET power_ctrl_reg=mcucr
                 	#endif
                 ;#include <stdlib.h>
                 ;#include <delay.h>
                 ;
                 ;// Alphanumeric LCD functions
                 ;#include <alcd.h>
                 ;
                 ;#define ADC_VREF_TYPE 0x40
                 ;
                 ;int temp;
                 ;char show_arr[5];
                 ;
                 ;unsigned int read_adc(unsigned char adc_input) {
                 ; 0000 0026 unsigned int read_adc(unsigned char adc_input) {
                 
                 	.CSEG
                 _read_adc:
                 ; 0000 0027     ADMUX=adc_input | (ADC_VREF_TYPE & 0xff);
000071 93aa      	ST   -Y,R26
                 ;	adc_input -> Y+0
000072 81e8      	LD   R30,Y
000073 64e0      	ORI  R30,0x40
000074 b9e7      	OUT  0x7,R30
                 ; 0000 0028 
                 ; 0000 0029     // Delay needed for the stabilization of the ADC input voltage
                 ; 0000 002A     delay_us(10);
                +
000075 e18b     +LDI R24 , LOW ( 27 )
                +__DELAY_USB_LOOP :
000076 958a     +DEC R24
000077 f7f1     +BRNE __DELAY_USB_LOOP
                 	__DELAY_USB 27
                 ; 0000 002B 
                 ; 0000 002C     ADCSRA|=0x40;
000078 9a36      	SBI  0x6,6
                 ; 0000 002D     while ((ADCSRA & 0x10)==0);
                 _0x3:
000079 9b34      	SBIS 0x6,4
00007a cffe      	RJMP _0x3
                 ; 0000 002E     ADCSRA|=0x10;
00007b 9a34      	SBI  0x6,4
                 ; 0000 002F     return ADCW;
00007c b1e4      	IN   R30,0x4
00007d b1f5      	IN   R31,0x4+1
00007e 940c 0236 	JMP  _0x20A0002
                 ; 0000 0030 }
                 ;
                 ;void main(void) {
                 ; 0000 0032 void main(void) {
                 _main:
                 ; 0000 0033     // Declare your local variables here
                 ; 0000 0034 
                 ; 0000 0035     // Input/Output Ports initialization
                 ; 0000 0036     // Port A initialization
                 ; 0000 0037     // Func7=In Func6=In Func5=In Func4=In Func3=In Func2=In Func1=In Func0=In
                 ; 0000 0038     // State7=T State6=T State5=T State4=T State3=T State2=T State1=T State0=T
                 ; 0000 0039     PORTA=0x00;
000080 e0e0      	LDI  R30,LOW(0)
000081 bbeb      	OUT  0x1B,R30
                 ; 0000 003A     DDRA=0x00;
000082 bbea      	OUT  0x1A,R30
                 ; 0000 003B 
                 ; 0000 003C     // Port B initialization
                 ; 0000 003D     // Func7=In Func6=In Func5=In Func4=In Func3=In Func2=In Func1=In Func0=In
                 ; 0000 003E     // State7=T State6=T State5=T State4=T State3=T State2=T State1=T State0=T
                 ; 0000 003F     PORTB=0x00;
000083 bbe8      	OUT  0x18,R30
                 ; 0000 0040     DDRB=0x00;
000084 bbe7      	OUT  0x17,R30
                 ; 0000 0041 
                 ; 0000 0042     // Port C initialization
                 ; 0000 0043     // Func7=In Func6=In Func5=In Func4=In Func3=In Func2=In Func1=In Func0=In
                 ; 0000 0044     // State7=T State6=T State5=T State4=T State3=T State2=T State1=T State0=T
                 ; 0000 0045     PORTC=0xFF;
000085 efef      	LDI  R30,LOW(255)
000086 bbe5      	OUT  0x15,R30
                 ; 0000 0046     DDRC=0x00;
000087 e0e0      	LDI  R30,LOW(0)
000088 bbe4      	OUT  0x14,R30
                 ; 0000 0047 
                 ; 0000 0048     // Port D initialization
                 ; 0000 0049     // Func7=In Func6=In Func5=In Func4=In Func3=In Func2=In Func1=In Func0=In
                 ; 0000 004A     // State7=T State6=T State5=T State4=T State3=T State2=T State1=T State0=T
                 ; 0000 004B     PORTD=0x00;
000089 bbe2      	OUT  0x12,R30
                 ; 0000 004C     DDRD=0x00;
00008a bbe1      	OUT  0x11,R30
                 ; 0000 004D 
                 ; 0000 004E     // Timer/Counter 0 initialization
                 ; 0000 004F     // Clock source: System Clock
                 ; 0000 0050     // Clock value: Timer 0 Stopped
                 ; 0000 0051     // Mode: Normal top=0xFF
                 ; 0000 0052     // OC0 output: Disconnected
                 ; 0000 0053     TCCR0=0x00;
00008b bfe3      	OUT  0x33,R30
                 ; 0000 0054     TCNT0=0x00;
00008c bfe2      	OUT  0x32,R30
                 ; 0000 0055     OCR0=0x00;
00008d bfec      	OUT  0x3C,R30
                 ; 0000 0056 
                 ; 0000 0057     // Timer/Counter 1 initialization
                 ; 0000 0058     // Clock source: System Clock
                 ; 0000 0059     // Clock value: Timer1 Stopped
                 ; 0000 005A     // Mode: Normal top=0xFFFF
                 ; 0000 005B     // OC1A output: Discon.
                 ; 0000 005C     // OC1B output: Discon.
                 ; 0000 005D     // Noise Canceler: Off
                 ; 0000 005E     // Input Capture on Falling Edge
                 ; 0000 005F     // Timer1 Overflow Interrupt: Off
                 ; 0000 0060     // Input Capture Interrupt: Off
                 ; 0000 0061     // Compare A Match Interrupt: Off
                 ; 0000 0062     // Compare B Match Interrupt: Off
                 ; 0000 0063     TCCR1A=0x00;
00008e bdef      	OUT  0x2F,R30
                 ; 0000 0064     TCCR1B=0x00;
00008f bdee      	OUT  0x2E,R30
                 ; 0000 0065     TCNT1H=0x00;
000090 bded      	OUT  0x2D,R30
                 ; 0000 0066     TCNT1L=0x00;
000091 bdec      	OUT  0x2C,R30
                 ; 0000 0067     ICR1H=0x00;
000092 bde7      	OUT  0x27,R30
                 ; 0000 0068     ICR1L=0x00;
000093 bde6      	OUT  0x26,R30
                 ; 0000 0069     OCR1AH=0x00;
000094 bdeb      	OUT  0x2B,R30
                 ; 0000 006A     OCR1AL=0x00;
000095 bdea      	OUT  0x2A,R30
                 ; 0000 006B     OCR1BH=0x00;
000096 bde9      	OUT  0x29,R30
                 ; 0000 006C     OCR1BL=0x00;
000097 bde8      	OUT  0x28,R30
                 ; 0000 006D 
                 ; 0000 006E     // Timer/Counter 2 initialization
                 ; 0000 006F     // Clock source: System Clock
                 ; 0000 0070     // Clock value: Timer2 Stopped
                 ; 0000 0071     // Mode: Normal top=0xFF
                 ; 0000 0072     // OC2 output: Disconnected
                 ; 0000 0073     ASSR=0x00;
000098 bde2      	OUT  0x22,R30
                 ; 0000 0074     TCCR2=0x00;
000099 bde5      	OUT  0x25,R30
                 ; 0000 0075     TCNT2=0x00;
00009a bde4      	OUT  0x24,R30
                 ; 0000 0076     OCR2=0x00;
00009b bde3      	OUT  0x23,R30
                 ; 0000 0077 
                 ; 0000 0078     // External Interrupt(s) initialization
                 ; 0000 0079     // INT0: Off
                 ; 0000 007A     // INT1: Off
                 ; 0000 007B     // INT2: Off
                 ; 0000 007C     MCUCR=0x00;
00009c bfe5      	OUT  0x35,R30
                 ; 0000 007D     MCUCSR=0x00;
00009d bfe4      	OUT  0x34,R30
                 ; 0000 007E 
                 ; 0000 007F     // Timer(s)/Counter(s) Interrupt(s) initialization
                 ; 0000 0080     TIMSK=0x00;
00009e bfe9      	OUT  0x39,R30
                 ; 0000 0081 
                 ; 0000 0082     // USART initialization
                 ; 0000 0083     // USART disabled
                 ; 0000 0084     UCSRB=0x00;
00009f b9ea      	OUT  0xA,R30
                 ; 0000 0085 
                 ; 0000 0086     // Analog Comparator initialization
                 ; 0000 0087     // Analog Comparator: Off
                 ; 0000 0088     // Analog Comparator Input Capture by Timer/Counter 1: Off
                 ; 0000 0089     ACSR=0x80;
0000a0 e8e0      	LDI  R30,LOW(128)
0000a1 b9e8      	OUT  0x8,R30
                 ; 0000 008A     SFIOR=0x00;
0000a2 e0e0      	LDI  R30,LOW(0)
0000a3 bfe0      	OUT  0x30,R30
                 ; 0000 008B 
                 ; 0000 008C     // ADC initialization
                 ; 0000 008D     // ADC Clock frequency: 250.000 kHz
                 ; 0000 008E     // ADC Voltage Reference: AVCC pin
                 ; 0000 008F     ADMUX=ADC_VREF_TYPE & 0xff;
0000a4 e4e0      	LDI  R30,LOW(64)
0000a5 b9e7      	OUT  0x7,R30
                 ; 0000 0090     ADCSRA=0x85;
0000a6 e8e5      	LDI  R30,LOW(133)
0000a7 b9e6      	OUT  0x6,R30
                 ; 0000 0091 
                 ; 0000 0092     // SPI initialization
                 ; 0000 0093     // SPI disabled
                 ; 0000 0094     SPCR=0x00;
0000a8 e0e0      	LDI  R30,LOW(0)
0000a9 b9ed      	OUT  0xD,R30
                 ; 0000 0095 
                 ; 0000 0096     // TWI initialization
                 ; 0000 0097     // TWI disabled
                 ; 0000 0098     TWCR=0x00;
0000aa bfe6      	OUT  0x36,R30
                 ; 0000 0099 
                 ; 0000 009A     // Alphanumeric LCD initialization
                 ; 0000 009B     // Connections are specified in the
                 ; 0000 009C     // Project|Configure|C Compiler|Libraries|Alphanumeric LCD menu:
                 ; 0000 009D     // RS - PORTC Bit 0
                 ; 0000 009E     // RD - PORTC Bit 1
                 ; 0000 009F     // EN - PORTC Bit 2
                 ; 0000 00A0     // D4 - PORTC Bit 4
                 ; 0000 00A1     // D5 - PORTC Bit 5
                 ; 0000 00A2     // D6 - PORTC Bit 6
                 ; 0000 00A3     // D7 - PORTC Bit 7
                 ; 0000 00A4     // Characters/line: 16
                 ; 0000 00A5     lcd_init(16);
0000ab e1a0      	LDI  R26,LOW(16)
0000ac 940e 020a 	CALL _lcd_init
                 ; 0000 00A6     lcd_clear();
0000ae 940e 01d8 	CALL _lcd_clear
                 ; 0000 00A7     lcd_gotoxy(2,0);
0000b0 e0e2      	LDI  R30,LOW(2)
0000b1 93ea      	ST   -Y,R30
0000b2 e0a0      	LDI  R26,LOW(0)
0000b3 940e 01cb 	CALL _lcd_gotoxy
                 ; 0000 00A8     lcd_puts("TEMPERATURE");
                +
0000b5 e6a0     +LDI R26 , LOW ( _0x6 + ( 0 ) )
0000b6 e0b2     +LDI R27 , HIGH ( _0x6 + ( 0 ) )
                 	__POINTW2MN _0x6,0
0000b7 940e 01f9 	CALL _lcd_puts
                 ; 0000 00A9 
                 ; 0000 00AA     while(1) {
                 _0x7:
                 ; 0000 00AB          temp = read_adc(0);
0000b9 e0a0      	LDI  R26,LOW(0)
0000ba dfb6      	RCALL _read_adc
0000bb 012f      	MOVW R4,R30
                 ; 0000 00AC          temp = (temp * 4.8898) ;
0000bc 01f2      	MOVW R30,R4
0000bd 940e 028d 	CALL SUBOPT_0x0
                +
0000bf e3ae     +LDI R26 , LOW ( 0x409C793E )
0000c0 e7b9     +LDI R27 , HIGH ( 0x409C793E )
0000c1 e98c     +LDI R24 , BYTE3 ( 0x409C793E )
0000c2 e490     +LDI R25 , BYTE4 ( 0x409C793E )
                 	__GETD2N 0x409C793E
0000c3 940e 03e2 	CALL __MULF12
0000c5 940e 0321 	CALL __CFD1
0000c7 012f      	MOVW R4,R30
                 ; 0000 00AD          temp = temp/10  ;
0000c8 01d2      	MOVW R26,R4
0000c9 e0ea      	LDI  R30,LOW(10)
0000ca e0f0      	LDI  R31,HIGH(10)
0000cb 940e 04b9 	CALL __DIVW21
0000cd 012f      	MOVW R4,R30
                 ; 0000 00AE          lcd_gotoxy(5,1);
0000ce e0e5      	LDI  R30,LOW(5)
0000cf 93ea      	ST   -Y,R30
0000d0 e0a1      	LDI  R26,LOW(1)
0000d1 940e 01cb 	CALL _lcd_gotoxy
                 ; 0000 00AF          ftoa(temp,2,show_arr);
0000d3 01f2      	MOVW R30,R4
0000d4 940e 028d 	CALL SUBOPT_0x0
0000d6 940e 04db 	CALL __PUTPARD1
0000d8 e0e2      	LDI  R30,LOW(2)
0000d9 93ea      	ST   -Y,R30
0000da e6ac      	LDI  R26,LOW(_show_arr)
0000db e0b2      	LDI  R27,HIGH(_show_arr)
0000dc 940e 00e8 	CALL _ftoa
                 ; 0000 00B0          lcd_puts(show_arr);
0000de e6ac      	LDI  R26,LOW(_show_arr)
0000df e0b2      	LDI  R27,HIGH(_show_arr)
0000e0 940e 01f9 	CALL _lcd_puts
                 ; 0000 00B1          delay_ms(1000);
0000e2 eea8      	LDI  R26,LOW(1000)
0000e3 e0b3      	LDI  R27,HIGH(1000)
0000e4 940e 02e2 	CALL _delay_ms
                 ; 0000 00B2     }
0000e6 cfd2      	RJMP _0x7
                 ; 0000 00B3 }
                 _0xA:
0000e7 cfff      	RJMP _0xA
                 
                 	.DSEG
                 _0x6:
000260           	.BYTE 0xC
                 
                 	.CSEG
                 _ftoa:
0000e8 93ba      	ST   -Y,R27
0000e9 93aa      	ST   -Y,R26
0000ea 9724      	SBIW R28,4
0000eb e0e0      	LDI  R30,LOW(0)
0000ec 83e8      	ST   Y,R30
0000ed 83e9      	STD  Y+1,R30
0000ee 83ea      	STD  Y+2,R30
0000ef e3ef      	LDI  R30,LOW(63)
0000f0 83eb      	STD  Y+3,R30
0000f1 931a      	ST   -Y,R17
0000f2 930a      	ST   -Y,R16
0000f3 85eb      	LDD  R30,Y+11
0000f4 85fc      	LDD  R31,Y+11+1
0000f5 3fef      	CPI  R30,LOW(0xFFFF)
0000f6 efaf      	LDI  R26,HIGH(0xFFFF)
0000f7 07fa      	CPC  R31,R26
0000f8 f439      	BRNE _0x200000D
0000f9 940e 0292 	CALL SUBOPT_0x1
                +
0000fb e6a2     +LDI R26 , LOW ( 2 * _0x2000000 + ( 0 ) )
0000fc e0b0     +LDI R27 , HIGH ( 2 * _0x2000000 + ( 0 ) )
                 	__POINTW2FN _0x2000000,0
0000fd 940e 0280 	CALL _strcpyf
0000ff c0a7      	RJMP _0x20A0004
                 _0x200000D:
000100 3fef      	CPI  R30,LOW(0x7FFF)
000101 e7af      	LDI  R26,HIGH(0x7FFF)
000102 07fa      	CPC  R31,R26
000103 f439      	BRNE _0x200000C
000104 940e 0292 	CALL SUBOPT_0x1
                +
000106 e6a3     +LDI R26 , LOW ( 2 * _0x2000000 + ( 1 ) )
000107 e0b0     +LDI R27 , HIGH ( 2 * _0x2000000 + ( 1 ) )
                 	__POINTW2FN _0x2000000,1
000108 940e 0280 	CALL _strcpyf
00010a c09c      	RJMP _0x20A0004
                 _0x200000C:
00010b 85ac      	LDD  R26,Y+12
00010c 23aa      	TST  R26
00010d f462      	BRPL _0x200000F
                +
00010e 85e9     +LDD R30 , Y + 9
00010f 85fa     +LDD R31 , Y + 9 + 1
000110 856b     +LDD R22 , Y + 9 + 2
000111 857c     +LDD R23 , Y + 9 + 3
                 	__GETD1S 9
000112 940e 02ec 	CALL __ANEGF1
000114 940e 0297 	CALL SUBOPT_0x2
000116 940e 029c 	CALL SUBOPT_0x3
000118 e2ed      	LDI  R30,LOW(45)
000119 93ec      	ST   X,R30
                 _0x200000F:
00011a 85a8      	LDD  R26,Y+8
00011b 30a7      	CPI  R26,LOW(0x7)
00011c f010      	BRLO _0x2000010
00011d e0e6      	LDI  R30,LOW(6)
00011e 87e8      	STD  Y+8,R30
                 _0x2000010:
00011f 8518      	LDD  R17,Y+8
                 _0x2000011:
000120 2fe1      	MOV  R30,R17
000121 5011      	SUBI R17,1
000122 30e0      	CPI  R30,0
000123 f039      	BREQ _0x2000013
000124 940e 02a3 	CALL SUBOPT_0x4
000126 940e 02a8 	CALL SUBOPT_0x5
000128 940e 02af 	CALL SUBOPT_0x6
00012a cff5      	RJMP _0x2000011
                 _0x2000013:
00012b 940e 02b4 	CALL SUBOPT_0x7
00012d 940e 0392 	CALL __ADDF12
00012f 940e 0297 	CALL SUBOPT_0x2
000131 e010      	LDI  R17,LOW(0)
                +
000132 e0e0     +LDI R30 , LOW ( 0x3F800000 )
000133 e0f0     +LDI R31 , HIGH ( 0x3F800000 )
000134 e860     +LDI R22 , BYTE3 ( 0x3F800000 )
000135 e37f     +LDI R23 , BYTE4 ( 0x3F800000 )
                 	__GETD1N 0x3F800000
000136 940e 02af 	CALL SUBOPT_0x6
                 _0x2000014:
000138 940e 02b4 	CALL SUBOPT_0x7
00013a 940e 0475 	CALL __CMPF12
00013c f088      	BRLO _0x2000016
00013d 940e 02a3 	CALL SUBOPT_0x4
00013f 940e 02bd 	CALL SUBOPT_0x8
000141 940e 02af 	CALL SUBOPT_0x6
000143 5f1f      	SUBI R17,-LOW(1)
000144 3217      	CPI  R17,39
000145 f038      	BRLO _0x2000017
000146 940e 0292 	CALL SUBOPT_0x1
                +
000148 e6a7     +LDI R26 , LOW ( 2 * _0x2000000 + ( 5 ) )
000149 e0b0     +LDI R27 , HIGH ( 2 * _0x2000000 + ( 5 ) )
                 	__POINTW2FN _0x2000000,5
00014a 940e 0280 	CALL _strcpyf
00014c c05a      	RJMP _0x20A0004
                 _0x2000017:
00014d cfea      	RJMP _0x2000014
                 _0x2000016:
00014e 3010      	CPI  R17,0
00014f f429      	BRNE _0x2000018
000150 940e 029c 	CALL SUBOPT_0x3
000152 e3e0      	LDI  R30,LOW(48)
000153 93ec      	ST   X,R30
000154 c02a      	RJMP _0x2000019
                 _0x2000018:
                 _0x200001A:
000155 2fe1      	MOV  R30,R17
000156 5011      	SUBI R17,1
000157 30e0      	CPI  R30,0
000158 f131      	BREQ _0x200001C
000159 940e 02a3 	CALL SUBOPT_0x4
00015b 940e 02a8 	CALL SUBOPT_0x5
                +
00015d e0a0     +LDI R26 , LOW ( 0x3F000000 )
00015e e0b0     +LDI R27 , HIGH ( 0x3F000000 )
00015f e080     +LDI R24 , BYTE3 ( 0x3F000000 )
000160 e39f     +LDI R25 , BYTE4 ( 0x3F000000 )
                 	__GETD2N 0x3F000000
000161 940e 0392 	CALL __ADDF12
000163 01df      	MOVW R26,R30
000164 01cb      	MOVW R24,R22
000165 940e 0269 	CALL _floor
000167 940e 02af 	CALL SUBOPT_0x6
000169 940e 02b4 	CALL SUBOPT_0x7
00016b 940e 0430 	CALL __DIVF21
00016d 940e 031f 	CALL __CFD1U
00016f 2f0e      	MOV  R16,R30
000170 940e 029c 	CALL SUBOPT_0x3
000172 940e 02c4 	CALL SUBOPT_0x9
000174 940e 02a3 	CALL SUBOPT_0x4
000176 940e 028d 	CALL SUBOPT_0x0
000178 940e 03e2 	CALL __MULF12
00017a 940e 02ca 	CALL SUBOPT_0xA
00017c 940e 02cf 	CALL SUBOPT_0xB
00017e cfd6      	RJMP _0x200001A
                 _0x200001C:
                 _0x2000019:
00017f 85e8      	LDD  R30,Y+8
000180 30e0      	CPI  R30,0
000181 f109      	BREQ _0x20A0003
000182 940e 029c 	CALL SUBOPT_0x3
000184 e2ee      	LDI  R30,LOW(46)
000185 93ec      	ST   X,R30
                 _0x200001E:
000186 85e8      	LDD  R30,Y+8
000187 50e1      	SUBI R30,LOW(1)
000188 87e8      	STD  Y+8,R30
000189 5fef      	SUBI R30,-LOW(1)
00018a f0c1      	BREQ _0x2000020
00018b 940e 02ca 	CALL SUBOPT_0xA
00018d 940e 02bd 	CALL SUBOPT_0x8
00018f 940e 0297 	CALL SUBOPT_0x2
                +
000191 85e9     +LDD R30 , Y + 9
000192 85fa     +LDD R31 , Y + 9 + 1
000193 856b     +LDD R22 , Y + 9 + 2
000194 857c     +LDD R23 , Y + 9 + 3
                 	__GETD1S 9
000195 940e 031f 	CALL __CFD1U
000197 2f0e      	MOV  R16,R30
000198 940e 029c 	CALL SUBOPT_0x3
00019a 940e 02c4 	CALL SUBOPT_0x9
00019c 940e 02ca 	CALL SUBOPT_0xA
00019e 940e 028d 	CALL SUBOPT_0x0
0001a0 940e 02cf 	CALL SUBOPT_0xB
0001a2 cfe3      	RJMP _0x200001E
                 _0x2000020:
                 _0x20A0003:
0001a3 81ae      	LDD  R26,Y+6
0001a4 81bf      	LDD  R27,Y+6+1
0001a5 e0e0      	LDI  R30,LOW(0)
0001a6 93ec      	ST   X,R30
                 _0x20A0004:
0001a7 8119      	LDD  R17,Y+1
0001a8 8108      	LDD  R16,Y+0
0001a9 962d      	ADIW R28,13
0001aa 9508      	RET
                 
                 	.DSEG
                 
                 	.CSEG
                 	#ifndef __SLEEP_DEFINED__
                 	#endif
                 
                 	.DSEG
                 
                 	.CSEG
                 __lcd_write_nibble_G101:
0001ab 93aa      	ST   -Y,R26
0001ac b3e5      	IN   R30,0x15
0001ad 70ef      	ANDI R30,LOW(0xF)
0001ae 2fae      	MOV  R26,R30
0001af 81e8      	LD   R30,Y
0001b0 7fe0      	ANDI R30,LOW(0xF0)
0001b1 2bea      	OR   R30,R26
0001b2 bbe5      	OUT  0x15,R30
                +
0001b3 e085     +LDI R24 , LOW ( 5 )
                +__DELAY_USB_LOOP :
0001b4 958a     +DEC R24
0001b5 f7f1     +BRNE __DELAY_USB_LOOP
                 	__DELAY_USB 5
0001b6 9aaa      	SBI  0x15,2
                +
0001b7 e08d     +LDI R24 , LOW ( 13 )
                +__DELAY_USB_LOOP :
0001b8 958a     +DEC R24
0001b9 f7f1     +BRNE __DELAY_USB_LOOP
                 	__DELAY_USB 13
0001ba 98aa      	CBI  0x15,2
                +
0001bb e08d     +LDI R24 , LOW ( 13 )
                +__DELAY_USB_LOOP :
0001bc 958a     +DEC R24
0001bd f7f1     +BRNE __DELAY_USB_LOOP
                 	__DELAY_USB 13
0001be c077      	RJMP _0x20A0002
                 __lcd_write_data:
0001bf 93aa      	ST   -Y,R26
0001c0 81a8      	LD   R26,Y
0001c1 dfe9      	RCALL __lcd_write_nibble_G101
0001c2 81e8          ld    r30,y
0001c3 95e2          swap  r30
0001c4 83e8          st    y,r30
0001c5 81a8      	LD   R26,Y
0001c6 dfe4      	RCALL __lcd_write_nibble_G101
                +
0001c7 e885     +LDI R24 , LOW ( 133 )
                +__DELAY_USB_LOOP :
0001c8 958a     +DEC R24
0001c9 f7f1     +BRNE __DELAY_USB_LOOP
                 	__DELAY_USB 133
0001ca c06b      	RJMP _0x20A0002
                 _lcd_gotoxy:
0001cb 93aa      	ST   -Y,R26
0001cc 81e8      	LD   R30,Y
0001cd e0f0      	LDI  R31,0
0001ce 58eb      	SUBI R30,LOW(-__base_y_G101)
0001cf 4ffd      	SBCI R31,HIGH(-__base_y_G101)
0001d0 81e0      	LD   R30,Z
0001d1 81a9      	LDD  R26,Y+1
0001d2 0fae      	ADD  R26,R30
0001d3 dfeb      	RCALL __lcd_write_data
0001d4 8079      	LDD  R7,Y+1
0001d5 8068      	LDD  R6,Y+0
0001d6 9622      	ADIW R28,2
0001d7 9508      	RET
                 _lcd_clear:
0001d8 e0a2      	LDI  R26,LOW(2)
0001d9 940e 02d4 	CALL SUBOPT_0xC
0001db e0ac      	LDI  R26,LOW(12)
0001dc dfe2      	RCALL __lcd_write_data
0001dd e0a1      	LDI  R26,LOW(1)
0001de 940e 02d4 	CALL SUBOPT_0xC
0001e0 e0e0      	LDI  R30,LOW(0)
0001e1 2e6e      	MOV  R6,R30
0001e2 2e7e      	MOV  R7,R30
0001e3 9508      	RET
                 _lcd_putchar:
0001e4 93aa      	ST   -Y,R26
0001e5 81a8      	LD   R26,Y
0001e6 30aa      	CPI  R26,LOW(0xA)
0001e7 f011      	BREQ _0x2020005
0001e8 1479      	CP   R7,R9
0001e9 f048      	BRLO _0x2020004
                 _0x2020005:
0001ea e0e0      	LDI  R30,LOW(0)
0001eb 93ea      	ST   -Y,R30
0001ec 9463      	INC  R6
0001ed 2da6      	MOV  R26,R6
0001ee dfdc      	RCALL _lcd_gotoxy
0001ef 81a8      	LD   R26,Y
0001f0 30aa      	CPI  R26,LOW(0xA)
0001f1 f409      	BRNE _0x2020007
0001f2 c043      	RJMP _0x20A0002
                 _0x2020007:
                 _0x2020004:
0001f3 9473      	INC  R7
0001f4 9aa8      	SBI  0x15,0
0001f5 81a8      	LD   R26,Y
0001f6 dfc8      	RCALL __lcd_write_data
0001f7 98a8      	CBI  0x15,0
0001f8 c03d      	RJMP _0x20A0002
                 _lcd_puts:
0001f9 93ba      	ST   -Y,R27
0001fa 93aa      	ST   -Y,R26
0001fb 931a      	ST   -Y,R17
                 _0x2020008:
0001fc 81a9      	LDD  R26,Y+1
0001fd 81ba      	LDD  R27,Y+1+1
0001fe 91ed      	LD   R30,X+
0001ff 83a9      	STD  Y+1,R26
000200 83ba      	STD  Y+1+1,R27
000201 2f1e      	MOV  R17,R30
000202 30e0      	CPI  R30,0
000203 f019      	BREQ _0x202000A
000204 2fa1      	MOV  R26,R17
000205 dfde      	RCALL _lcd_putchar
000206 cff5      	RJMP _0x2020008
                 _0x202000A:
000207 8118      	LDD  R17,Y+0
000208 9623      	ADIW R28,3
000209 9508      	RET
                 _lcd_init:
00020a 93aa      	ST   -Y,R26
00020b b3e4      	IN   R30,0x14
00020c 6fe0      	ORI  R30,LOW(0xF0)
00020d bbe4      	OUT  0x14,R30
00020e 9aa2      	SBI  0x14,2
00020f 9aa0      	SBI  0x14,0
000210 9aa1      	SBI  0x14,1
000211 98aa      	CBI  0x15,2
000212 98a8      	CBI  0x15,0
000213 98a9      	CBI  0x15,1
000214 8098      	LDD  R9,Y+0
000215 81e8      	LD   R30,Y
000216 58e0      	SUBI R30,-LOW(128)
                +
000217 93e0 0277+STS __base_y_G101 + ( 2 ) , R30
                 	__PUTB1MN __base_y_G101,2
000219 81e8      	LD   R30,Y
00021a 54e0      	SUBI R30,-LOW(192)
                +
00021b 93e0 0278+STS __base_y_G101 + ( 3 ) , R30
                 	__PUTB1MN __base_y_G101,3
00021d e1a4      	LDI  R26,LOW(20)
00021e e0b0      	LDI  R27,0
00021f 940e 02e2 	CALL _delay_ms
000221 940e 02da 	CALL SUBOPT_0xD
000223 940e 02da 	CALL SUBOPT_0xD
000225 940e 02da 	CALL SUBOPT_0xD
000227 e2a0      	LDI  R26,LOW(32)
000228 df82      	RCALL __lcd_write_nibble_G101
                +
000229 ec88     +LDI R24 , LOW ( 200 )
00022a e090     +LDI R25 , HIGH ( 200 )
                +__DELAY_USW_LOOP :
00022b 9701     +SBIW R24 , 1
00022c f7f1     +BRNE __DELAY_USW_LOOP
                 	__DELAY_USW 200
00022d e2a8      	LDI  R26,LOW(40)
00022e df90      	RCALL __lcd_write_data
00022f e0a4      	LDI  R26,LOW(4)
000230 df8e      	RCALL __lcd_write_data
000231 e8a5      	LDI  R26,LOW(133)
000232 df8c      	RCALL __lcd_write_data
000233 e0a6      	LDI  R26,LOW(6)
000234 df8a      	RCALL __lcd_write_data
000235 dfa2      	RCALL _lcd_clear
                 _0x20A0002:
000236 9621      	ADIW R28,1
000237 9508      	RET
                 
                 	.CSEG
                 
                 	.CSEG
                 _ftrunc:
000238 940e 04e0 	CALL __PUTPARD2
00023a 817b         ldd  r23,y+3
00023b 816a         ldd  r22,y+2
00023c 81f9         ldd  r31,y+1
00023d 81e8         ld   r30,y
00023e fb77         bst  r23,7
00023f 0f77         lsl  r23
000240 fd67         sbrc r22,7
000241 6071         sbr  r23,1
000242 2f97         mov  r25,r23
000243 579e         subi r25,0x7e
000244 f081         breq __ftrunc0
000245 f078         brcs __ftrunc0
000246 3198         cpi  r25,24
000247 f490         brsh __ftrunc1
000248 27aa         clr  r26
000249 27bb         clr  r27
00024a 2788         clr  r24
                 __ftrunc2:
00024b 9408         sec
00024c 9587         ror  r24
00024d 95b7         ror  r27
00024e 95a7         ror  r26
00024f 959a         dec  r25
000250 f7d1         brne __ftrunc2
000251 23ea         and  r30,r26
000252 23fb         and  r31,r27
000253 2368         and  r22,r24
000254 c005         rjmp __ftrunc1
                 __ftrunc0:
000255 94e8         clt
000256 2777         clr  r23
000257 27ee         clr  r30
000258 27ff         clr  r31
000259 2766         clr  r22
                 __ftrunc1:
00025a 776f         cbr  r22,0x80
00025b 9576         lsr  r23
00025c f408         brcc __ftrunc3
00025d 6860         sbr  r22,0x80
                 __ftrunc3:
00025e f977         bld  r23,7
00025f 91a9         ld   r26,y+
000260 91b9         ld   r27,y+
000261 9189         ld   r24,y+
000262 9199         ld   r25,y+
000263 17ea         cp   r30,r26
000264 07fb         cpc  r31,r27
000265 0768         cpc  r22,r24
000266 0779         cpc  r23,r25
000267 fb97         bst  r25,7
000268 9508         ret
                 _floor:
000269 940e 04e0 	CALL __PUTPARD2
00026b 940e 04d1 	CALL __GETD2S0
00026d 940e 0238 	CALL _ftrunc
00026f 940e 04d6 	CALL __PUTD1S0
000271 f419          brne __floor1
                 __floor0:
000272 940e 04cc 	CALL __GETD1S0
000274 c009      	RJMP _0x20A0001
                 __floor1:
000275 f7e6          brtc __floor0
000276 940e 04cc 	CALL __GETD1S0
                +
000278 e0a0     +LDI R26 , LOW ( 0x3F800000 )
000279 e0b0     +LDI R27 , HIGH ( 0x3F800000 )
00027a e880     +LDI R24 , BYTE3 ( 0x3F800000 )
00027b e39f     +LDI R25 , BYTE4 ( 0x3F800000 )
                 	__GETD2N 0x3F800000
00027c 940e 038b 	CALL __SUBF12
                 _0x20A0001:
00027e 9624      	ADIW R28,4
00027f 9508      	RET
                 
                 	.CSEG
                 _strcpyf:
000280 93ba      	ST   -Y,R27
000281 93aa      	ST   -Y,R26
000282 91e9          ld   r30,y+
000283 91f9          ld   r31,y+
000284 91a9          ld   r26,y+
000285 91b9          ld   r27,y+
000286 01cd          movw r24,r26
                 strcpyf0:
000287 9005      	lpm  r0,z+
000288 920d          st   x+,r0
000289 2000          tst  r0
00028a f7e1          brne strcpyf0
00028b 01fc          movw r30,r24
00028c 9508          ret
                 
                 	.DSEG
                 _show_arr:
00026c           	.BYTE 0x5
                 __seed_G100:
000271           	.BYTE 0x4
                 __base_y_G101:
000275           	.BYTE 0x4
                 
                 	.CSEG
                 ;OPTIMIZER ADDED SUBROUTINE, CALLED 4 TIMES, CODE SIZE REDUCTION:3 WORDS
                 SUBOPT_0x0:
00028d 940e 04a1 	CALL __CWD1
00028f 940e 0358 	CALL __CDF1
000291 9508      	RET
                 
                 ;OPTIMIZER ADDED SUBROUTINE, CALLED 3 TIMES, CODE SIZE REDUCTION:1 WORDS
                 SUBOPT_0x1:
000292 81ee      	LDD  R30,Y+6
000293 81ff      	LDD  R31,Y+6+1
000294 93fa      	ST   -Y,R31
000295 93ea      	ST   -Y,R30
000296 9508      	RET
                 
                 ;OPTIMIZER ADDED SUBROUTINE, CALLED 5 TIMES, CODE SIZE REDUCTION:5 WORDS
                 SUBOPT_0x2:
                +
000297 87e9     +STD Y + 9 , R30
000298 87fa     +STD Y + 9 + 1 , R31
000299 876b     +STD Y + 9 + 2 , R22
00029a 877c     +STD Y + 9 + 3 , R23
                 	__PUTD1S 9
00029b 9508      	RET
                 
                 ;OPTIMIZER ADDED SUBROUTINE, CALLED 5 TIMES, CODE SIZE REDUCTION:13 WORDS
                 SUBOPT_0x3:
00029c 81ae      	LDD  R26,Y+6
00029d 81bf      	LDD  R27,Y+6+1
00029e 9611      	ADIW R26,1
00029f 83ae      	STD  Y+6,R26
0002a0 83bf      	STD  Y+6+1,R27
0002a1 9711      	SBIW R26,1
0002a2 9508      	RET
                 
                 ;OPTIMIZER ADDED SUBROUTINE, CALLED 4 TIMES, CODE SIZE REDUCTION:3 WORDS
                 SUBOPT_0x4:
                +
0002a3 81aa     +LDD R26 , Y + 2
0002a4 81bb     +LDD R27 , Y + 2 + 1
0002a5 818c     +LDD R24 , Y + 2 + 2
0002a6 819d     +LDD R25 , Y + 2 + 3
                 	__GETD2S 2
0002a7 9508      	RET
                 
                 ;OPTIMIZER ADDED SUBROUTINE, CALLED 2 TIMES, CODE SIZE REDUCTION:1 WORDS
                 SUBOPT_0x5:
                +
0002a8 eced     +LDI R30 , LOW ( 0x3DCCCCCD )
0002a9 ecfc     +LDI R31 , HIGH ( 0x3DCCCCCD )
0002aa ec6c     +LDI R22 , BYTE3 ( 0x3DCCCCCD )
0002ab e37d     +LDI R23 , BYTE4 ( 0x3DCCCCCD )
                 	__GETD1N 0x3DCCCCCD
0002ac 940e 03e2 	CALL __MULF12
0002ae 9508      	RET
                 
                 ;OPTIMIZER ADDED SUBROUTINE, CALLED 4 TIMES, CODE SIZE REDUCTION:3 WORDS
                 SUBOPT_0x6:
                +
0002af 83ea     +STD Y + 2 , R30
0002b0 83fb     +STD Y + 2 + 1 , R31
0002b1 836c     +STD Y + 2 + 2 , R22
0002b2 837d     +STD Y + 2 + 3 , R23
                 	__PUTD1S 2
0002b3 9508      	RET
                 
                 ;OPTIMIZER ADDED SUBROUTINE, CALLED 3 TIMES, CODE SIZE REDUCTION:9 WORDS
                 SUBOPT_0x7:
                +
0002b4 81ea     +LDD R30 , Y + 2
0002b5 81fb     +LDD R31 , Y + 2 + 1
0002b6 816c     +LDD R22 , Y + 2 + 2
0002b7 817d     +LDD R23 , Y + 2 + 3
                 	__GETD1S 2
                +
0002b8 85a9     +LDD R26 , Y + 9
0002b9 85ba     +LDD R27 , Y + 9 + 1
0002ba 858b     +LDD R24 , Y + 9 + 2
0002bb 859c     +LDD R25 , Y + 9 + 3
                 	__GETD2S 9
0002bc 9508      	RET
                 
                 ;OPTIMIZER ADDED SUBROUTINE, CALLED 2 TIMES, CODE SIZE REDUCTION:1 WORDS
                 SUBOPT_0x8:
                +
0002bd e0e0     +LDI R30 , LOW ( 0x41200000 )
0002be e0f0     +LDI R31 , HIGH ( 0x41200000 )
0002bf e260     +LDI R22 , BYTE3 ( 0x41200000 )
0002c0 e471     +LDI R23 , BYTE4 ( 0x41200000 )
                 	__GETD1N 0x41200000
0002c1 940e 03e2 	CALL __MULF12
0002c3 9508      	RET
                 
                 ;OPTIMIZER ADDED SUBROUTINE, CALLED 2 TIMES, CODE SIZE REDUCTION:2 WORDS
                 SUBOPT_0x9:
0002c4 2fe0      	MOV  R30,R16
0002c5 5de0      	SUBI R30,-LOW(48)
0002c6 93ec      	ST   X,R30
0002c7 2fe0      	MOV  R30,R16
0002c8 e0f0      	LDI  R31,0
0002c9 9508      	RET
                 
                 ;OPTIMIZER ADDED SUBROUTINE, CALLED 3 TIMES, CODE SIZE REDUCTION:1 WORDS
                 SUBOPT_0xA:
                +
0002ca 85a9     +LDD R26 , Y + 9
0002cb 85ba     +LDD R27 , Y + 9 + 1
0002cc 858b     +LDD R24 , Y + 9 + 2
0002cd 859c     +LDD R25 , Y + 9 + 3
                 	__GETD2S 9
0002ce 9508      	RET
                 
                 ;OPTIMIZER ADDED SUBROUTINE, CALLED 2 TIMES, CODE SIZE REDUCTION:1 WORDS
                 SUBOPT_0xB:
0002cf 940e 04e5 	CALL __SWAPD12
0002d1 940e 038b 	CALL __SUBF12
0002d3 cfc3      	RJMP SUBOPT_0x2
                 
                 ;OPTIMIZER ADDED SUBROUTINE, CALLED 2 TIMES, CODE SIZE REDUCTION:3 WORDS
                 SUBOPT_0xC:
0002d4 940e 01bf 	CALL __lcd_write_data
0002d6 e0a3      	LDI  R26,LOW(3)
0002d7 e0b0      	LDI  R27,0
0002d8 940c 02e2 	JMP  _delay_ms
                 
                 ;OPTIMIZER ADDED SUBROUTINE, CALLED 3 TIMES, CODE SIZE REDUCTION:7 WORDS
                 SUBOPT_0xD:
0002da e3a0      	LDI  R26,LOW(48)
0002db 940e 01ab 	CALL __lcd_write_nibble_G101
                +
0002dd ec88     +LDI R24 , LOW ( 200 )
0002de e090     +LDI R25 , HIGH ( 200 )
                +__DELAY_USW_LOOP :
0002df 9701     +SBIW R24 , 1
0002e0 f7f1     +BRNE __DELAY_USW_LOOP
                 	__DELAY_USW 200
0002e1 9508      	RET
                 
                 
                 	.CSEG
                 _delay_ms:
0002e2 9610      	adiw r26,0
0002e3 f039      	breq __delay_ms1
                 __delay_ms0:
                +
0002e4 ed80     +LDI R24 , LOW ( 0x7D0 )
0002e5 e097     +LDI R25 , HIGH ( 0x7D0 )
                +__DELAY_USW_LOOP :
0002e6 9701     +SBIW R24 , 1
0002e7 f7f1     +BRNE __DELAY_USW_LOOP
                 	__DELAY_USW 0x7D0
0002e8 95a8      	wdr
0002e9 9711      	sbiw r26,1
0002ea f7c9      	brne __delay_ms0
                 __delay_ms1:
0002eb 9508      	ret
                 
                 __ANEGF1:
0002ec 9730      	SBIW R30,0
0002ed 4060      	SBCI R22,0
0002ee 4070      	SBCI R23,0
0002ef f009      	BREQ __ANEGF10
0002f0 5870      	SUBI R23,0x80
                 __ANEGF10:
0002f1 9508      	RET
                 
                 __ROUND_REPACK:
0002f2 2355      	TST  R21
0002f3 f442      	BRPL __REPACK
0002f4 3850      	CPI  R21,0x80
0002f5 f411      	BRNE __ROUND_REPACK0
0002f6 ffe0      	SBRS R30,0
0002f7 c004      	RJMP __REPACK
                 __ROUND_REPACK0:
0002f8 9631      	ADIW R30,1
0002f9 1f69      	ADC  R22,R25
0002fa 1f79      	ADC  R23,R25
0002fb f06b      	BRVS __REPACK1
                 
                 __REPACK:
0002fc e850      	LDI  R21,0x80
0002fd 2757      	EOR  R21,R23
0002fe f411      	BRNE __REPACK0
0002ff 935f      	PUSH R21
000300 c0cf      	RJMP __ZERORES
                 __REPACK0:
000301 3f5f      	CPI  R21,0xFF
000302 f031      	BREQ __REPACK1
000303 0f66      	LSL  R22
000304 0c00      	LSL  R0
000305 9557      	ROR  R21
000306 9567      	ROR  R22
000307 2f75      	MOV  R23,R21
000308 9508      	RET
                 __REPACK1:
000309 935f      	PUSH R21
00030a 2000      	TST  R0
00030b f00a      	BRMI __REPACK2
00030c c0cf      	RJMP __MAXRES
                 __REPACK2:
00030d c0c8      	RJMP __MINRES
                 
                 __UNPACK:
00030e e850      	LDI  R21,0x80
00030f 2e19      	MOV  R1,R25
000310 2215      	AND  R1,R21
000311 0f88      	LSL  R24
000312 1f99      	ROL  R25
000313 2795      	EOR  R25,R21
000314 0f55      	LSL  R21
000315 9587      	ROR  R24
                 
                 __UNPACK1:
000316 e850      	LDI  R21,0x80
000317 2e07      	MOV  R0,R23
000318 2205      	AND  R0,R21
000319 0f66      	LSL  R22
00031a 1f77      	ROL  R23
00031b 2775      	EOR  R23,R21
00031c 0f55      	LSL  R21
00031d 9567      	ROR  R22
00031e 9508      	RET
                 
                 __CFD1U:
00031f 9468      	SET
000320 c001      	RJMP __CFD1U0
                 __CFD1:
000321 94e8      	CLT
                 __CFD1U0:
000322 935f      	PUSH R21
000323 dff2      	RCALL __UNPACK1
000324 3870      	CPI  R23,0x80
000325 f018      	BRLO __CFD10
000326 3f7f      	CPI  R23,0xFF
000327 f408      	BRCC __CFD10
000328 c0a7      	RJMP __ZERORES
                 __CFD10:
000329 e156      	LDI  R21,22
00032a 1b57      	SUB  R21,R23
00032b f4aa      	BRPL __CFD11
00032c 9551      	NEG  R21
00032d 3058      	CPI  R21,8
00032e f40e      	BRTC __CFD19
00032f 3059      	CPI  R21,9
                 __CFD19:
000330 f030      	BRLO __CFD17
000331 efef      	SER  R30
000332 efff      	SER  R31
000333 ef6f      	SER  R22
000334 e77f      	LDI  R23,0x7F
000335 f977      	BLD  R23,7
000336 c01a      	RJMP __CFD15
                 __CFD17:
000337 2777      	CLR  R23
000338 2355      	TST  R21
000339 f0b9      	BREQ __CFD15
                 __CFD18:
00033a 0fee      	LSL  R30
00033b 1fff      	ROL  R31
00033c 1f66      	ROL  R22
00033d 1f77      	ROL  R23
00033e 955a      	DEC  R21
00033f f7d1      	BRNE __CFD18
000340 c010      	RJMP __CFD15
                 __CFD11:
000341 2777      	CLR  R23
                 __CFD12:
000342 3058      	CPI  R21,8
000343 f028      	BRLO __CFD13
000344 2fef      	MOV  R30,R31
000345 2ff6      	MOV  R31,R22
000346 2f67      	MOV  R22,R23
000347 5058      	SUBI R21,8
000348 cff9      	RJMP __CFD12
                 __CFD13:
000349 2355      	TST  R21
00034a f031      	BREQ __CFD15
                 __CFD14:
00034b 9576      	LSR  R23
00034c 9567      	ROR  R22
00034d 95f7      	ROR  R31
00034e 95e7      	ROR  R30
00034f 955a      	DEC  R21
000350 f7d1      	BRNE __CFD14
                 __CFD15:
000351 2000      	TST  R0
000352 f40a      	BRPL __CFD16
000353 d145      	RCALL __ANEGD1
                 __CFD16:
000354 915f      	POP  R21
000355 9508      	RET
                 
                 __CDF1U:
000356 9468      	SET
000357 c001      	RJMP __CDF1U0
                 __CDF1:
000358 94e8      	CLT
                 __CDF1U0:
000359 9730      	SBIW R30,0
00035a 4060      	SBCI R22,0
00035b 4070      	SBCI R23,0
00035c f0b1      	BREQ __CDF10
00035d 2400      	CLR  R0
00035e f026      	BRTS __CDF11
00035f 2377      	TST  R23
000360 f412      	BRPL __CDF11
000361 9400      	COM  R0
000362 d136      	RCALL __ANEGD1
                 __CDF11:
000363 2e17      	MOV  R1,R23
000364 e17e      	LDI  R23,30
000365 2011      	TST  R1
                 __CDF12:
000366 f032      	BRMI __CDF13
000367 957a      	DEC  R23
000368 0fee      	LSL  R30
000369 1fff      	ROL  R31
00036a 1f66      	ROL  R22
00036b 1c11      	ROL  R1
00036c cff9      	RJMP __CDF12
                 __CDF13:
00036d 2fef      	MOV  R30,R31
00036e 2ff6      	MOV  R31,R22
00036f 2d61      	MOV  R22,R1
000370 935f      	PUSH R21
000371 df8a      	RCALL __REPACK
000372 915f      	POP  R21
                 __CDF10:
000373 9508      	RET
                 
                 __SWAPACC:
000374 934f      	PUSH R20
000375 01af      	MOVW R20,R30
000376 01fd      	MOVW R30,R26
000377 01da      	MOVW R26,R20
000378 01ab      	MOVW R20,R22
000379 01bc      	MOVW R22,R24
00037a 01ca      	MOVW R24,R20
00037b 2d40      	MOV  R20,R0
00037c 2c01      	MOV  R0,R1
00037d 2e14      	MOV  R1,R20
00037e 914f      	POP  R20
00037f 9508      	RET
                 
                 __UADD12:
000380 0fea      	ADD  R30,R26
000381 1ffb      	ADC  R31,R27
000382 1f68      	ADC  R22,R24
000383 9508      	RET
                 
                 __NEGMAN1:
000384 95e0      	COM  R30
000385 95f0      	COM  R31
000386 9560      	COM  R22
000387 5fef      	SUBI R30,-1
000388 4fff      	SBCI R31,-1
000389 4f6f      	SBCI R22,-1
00038a 9508      	RET
                 
                 __SUBF12:
00038b 935f      	PUSH R21
00038c df81      	RCALL __UNPACK
00038d 3890      	CPI  R25,0x80
00038e f171      	BREQ __ADDF129
00038f e850      	LDI  R21,0x80
000390 2615      	EOR  R1,R21
                 
000391 c004      	RJMP __ADDF120
                 
                 __ADDF12:
000392 935f      	PUSH R21
000393 df7a      	RCALL __UNPACK
000394 3890      	CPI  R25,0x80
000395 f139      	BREQ __ADDF129
                 
                 __ADDF120:
000396 3870      	CPI  R23,0x80
000397 f121      	BREQ __ADDF128
                 __ADDF121:
000398 2f57      	MOV  R21,R23
000399 1b59      	SUB  R21,R25
00039a f12b      	BRVS __ADDF1211
00039b f412      	BRPL __ADDF122
00039c dfd7      	RCALL __SWAPACC
00039d cffa      	RJMP __ADDF121
                 __ADDF122:
00039e 3158      	CPI  R21,24
00039f f018      	BRLO __ADDF123
0003a0 27aa      	CLR  R26
0003a1 27bb      	CLR  R27
0003a2 2788      	CLR  R24
                 __ADDF123:
0003a3 3058      	CPI  R21,8
0003a4 f028      	BRLO __ADDF124
0003a5 2fab      	MOV  R26,R27
0003a6 2fb8      	MOV  R27,R24
0003a7 2788      	CLR  R24
0003a8 5058      	SUBI R21,8
0003a9 cff9      	RJMP __ADDF123
                 __ADDF124:
0003aa 2355      	TST  R21
0003ab f029      	BREQ __ADDF126
                 __ADDF125:
0003ac 9586      	LSR  R24
0003ad 95b7      	ROR  R27
0003ae 95a7      	ROR  R26
0003af 955a      	DEC  R21
0003b0 f7d9      	BRNE __ADDF125
                 __ADDF126:
0003b1 2d50      	MOV  R21,R0
0003b2 2551      	EOR  R21,R1
0003b3 f072      	BRMI __ADDF127
0003b4 dfcb      	RCALL __UADD12
0003b5 f438      	BRCC __ADDF129
0003b6 9567      	ROR  R22
0003b7 95f7      	ROR  R31
0003b8 95e7      	ROR  R30
0003b9 9573      	INC  R23
0003ba f413      	BRVC __ADDF129
0003bb c020      	RJMP __MAXRES
                 __ADDF128:
0003bc dfb7      	RCALL __SWAPACC
                 __ADDF129:
0003bd df3e      	RCALL __REPACK
0003be 915f      	POP  R21
0003bf 9508      	RET
                 __ADDF1211:
0003c0 f7d8      	BRCC __ADDF128
0003c1 cffb      	RJMP __ADDF129
                 __ADDF127:
0003c2 1bea      	SUB  R30,R26
0003c3 0bfb      	SBC  R31,R27
0003c4 0b68      	SBC  R22,R24
0003c5 f051      	BREQ __ZERORES
0003c6 f410      	BRCC __ADDF1210
0003c7 9400      	COM  R0
0003c8 dfbb      	RCALL __NEGMAN1
                 __ADDF1210:
0003c9 2366      	TST  R22
0003ca f392      	BRMI __ADDF129
0003cb 0fee      	LSL  R30
0003cc 1fff      	ROL  R31
0003cd 1f66      	ROL  R22
0003ce 957a      	DEC  R23
0003cf f7cb      	BRVC __ADDF1210
                 
                 __ZERORES:
0003d0 27ee      	CLR  R30
0003d1 27ff      	CLR  R31
0003d2 2766      	CLR  R22
0003d3 2777      	CLR  R23
0003d4 915f      	POP  R21
0003d5 9508      	RET
                 
                 __MINRES:
0003d6 efef      	SER  R30
0003d7 efff      	SER  R31
0003d8 e76f      	LDI  R22,0x7F
0003d9 ef7f      	SER  R23
0003da 915f      	POP  R21
0003db 9508      	RET
                 
                 __MAXRES:
0003dc efef      	SER  R30
0003dd efff      	SER  R31
0003de e76f      	LDI  R22,0x7F
0003df e77f      	LDI  R23,0x7F
0003e0 915f      	POP  R21
0003e1 9508      	RET
                 
                 __MULF12:
0003e2 935f      	PUSH R21
0003e3 df2a      	RCALL __UNPACK
0003e4 3870      	CPI  R23,0x80
0003e5 f351      	BREQ __ZERORES
0003e6 3890      	CPI  R25,0x80
0003e7 f341      	BREQ __ZERORES
0003e8 2401      	EOR  R0,R1
0003e9 9408      	SEC
0003ea 1f79      	ADC  R23,R25
0003eb f423      	BRVC __MULF124
0003ec f31c      	BRLT __ZERORES
                 __MULF125:
0003ed 2000      	TST  R0
0003ee f33a      	BRMI __MINRES
0003ef cfec      	RJMP __MAXRES
                 __MULF124:
0003f0 920f      	PUSH R0
0003f1 931f      	PUSH R17
0003f2 932f      	PUSH R18
0003f3 933f      	PUSH R19
0003f4 934f      	PUSH R20
0003f5 2711      	CLR  R17
0003f6 2722      	CLR  R18
0003f7 2799      	CLR  R25
0003f8 9f68      	MUL  R22,R24
0003f9 01a0      	MOVW R20,R0
0003fa 9f8f      	MUL  R24,R31
0003fb 2d30      	MOV  R19,R0
0003fc 0d41      	ADD  R20,R1
0003fd 1f59      	ADC  R21,R25
0003fe 9f6b      	MUL  R22,R27
0003ff 0d30      	ADD  R19,R0
000400 1d41      	ADC  R20,R1
000401 1f59      	ADC  R21,R25
000402 9f8e      	MUL  R24,R30
000403 d027      	RCALL __MULF126
000404 9fbf      	MUL  R27,R31
000405 d025      	RCALL __MULF126
000406 9f6a      	MUL  R22,R26
000407 d023      	RCALL __MULF126
000408 9fbe      	MUL  R27,R30
000409 d01d      	RCALL __MULF127
00040a 9faf      	MUL  R26,R31
00040b d01b      	RCALL __MULF127
00040c 9fae      	MUL  R26,R30
00040d 0d11      	ADD  R17,R1
00040e 1f29      	ADC  R18,R25
00040f 1f39      	ADC  R19,R25
000410 1f49      	ADC  R20,R25
000411 1f59      	ADC  R21,R25
000412 2fe3      	MOV  R30,R19
000413 2ff4      	MOV  R31,R20
000414 2f65      	MOV  R22,R21
000415 2f52      	MOV  R21,R18
000416 914f      	POP  R20
000417 913f      	POP  R19
000418 912f      	POP  R18
000419 911f      	POP  R17
00041a 900f      	POP  R0
00041b 2366      	TST  R22
00041c f02a      	BRMI __MULF122
00041d 0f55      	LSL  R21
00041e 1fee      	ROL  R30
00041f 1fff      	ROL  R31
000420 1f66      	ROL  R22
000421 c002      	RJMP __MULF123
                 __MULF122:
000422 9573      	INC  R23
000423 f24b      	BRVS __MULF125
                 __MULF123:
000424 decd      	RCALL __ROUND_REPACK
000425 915f      	POP  R21
000426 9508      	RET
                 
                 __MULF127:
000427 0d10      	ADD  R17,R0
000428 1d21      	ADC  R18,R1
000429 1f39      	ADC  R19,R25
00042a c002      	RJMP __MULF128
                 __MULF126:
00042b 0d20      	ADD  R18,R0
00042c 1d31      	ADC  R19,R1
                 __MULF128:
00042d 1f49      	ADC  R20,R25
00042e 1f59      	ADC  R21,R25
00042f 9508      	RET
                 
                 __DIVF21:
000430 935f      	PUSH R21
000431 dedc      	RCALL __UNPACK
000432 3870      	CPI  R23,0x80
000433 f421      	BRNE __DIVF210
000434 2011      	TST  R1
                 __DIVF211:
000435 f40a      	BRPL __DIVF219
000436 cf9f      	RJMP __MINRES
                 __DIVF219:
000437 cfa4      	RJMP __MAXRES
                 __DIVF210:
000438 3890      	CPI  R25,0x80
000439 f409      	BRNE __DIVF218
                 __DIVF217:
00043a cf95      	RJMP __ZERORES
                 __DIVF218:
00043b 2401      	EOR  R0,R1
00043c 9408      	SEC
00043d 0b97      	SBC  R25,R23
00043e f41b      	BRVC __DIVF216
00043f f3d4      	BRLT __DIVF217
000440 2000      	TST  R0
000441 cff3      	RJMP __DIVF211
                 __DIVF216:
000442 2f79      	MOV  R23,R25
000443 931f      	PUSH R17
000444 932f      	PUSH R18
000445 933f      	PUSH R19
000446 934f      	PUSH R20
000447 2411      	CLR  R1
000448 2711      	CLR  R17
000449 2722      	CLR  R18
00044a 2733      	CLR  R19
00044b 2744      	CLR  R20
00044c 2755      	CLR  R21
00044d e290      	LDI  R25,32
                 __DIVF212:
00044e 17ae      	CP   R26,R30
00044f 07bf      	CPC  R27,R31
000450 0786      	CPC  R24,R22
000451 0741      	CPC  R20,R17
000452 f030      	BRLO __DIVF213
000453 1bae      	SUB  R26,R30
000454 0bbf      	SBC  R27,R31
000455 0b86      	SBC  R24,R22
000456 0b41      	SBC  R20,R17
000457 9408      	SEC
000458 c001      	RJMP __DIVF214
                 __DIVF213:
000459 9488      	CLC
                 __DIVF214:
00045a 1f55      	ROL  R21
00045b 1f22      	ROL  R18
00045c 1f33      	ROL  R19
00045d 1c11      	ROL  R1
00045e 1faa      	ROL  R26
00045f 1fbb      	ROL  R27
000460 1f88      	ROL  R24
000461 1f44      	ROL  R20
000462 959a      	DEC  R25
000463 f751      	BRNE __DIVF212
000464 01f9      	MOVW R30,R18
000465 2d61      	MOV  R22,R1
000466 914f      	POP  R20
000467 913f      	POP  R19
000468 912f      	POP  R18
000469 911f      	POP  R17
00046a 2366      	TST  R22
00046b f032      	BRMI __DIVF215
00046c 0f55      	LSL  R21
00046d 1fee      	ROL  R30
00046e 1fff      	ROL  R31
00046f 1f66      	ROL  R22
000470 957a      	DEC  R23
000471 f243      	BRVS __DIVF217
                 __DIVF215:
000472 de7f      	RCALL __ROUND_REPACK
000473 915f      	POP  R21
000474 9508      	RET
                 
                 __CMPF12:
000475 2399      	TST  R25
000476 f09a      	BRMI __CMPF120
000477 2377      	TST  R23
000478 f042      	BRMI __CMPF121
000479 1797      	CP   R25,R23
00047a f048      	BRLO __CMPF122
00047b f429      	BRNE __CMPF121
00047c 17ae      	CP   R26,R30
00047d 07bf      	CPC  R27,R31
00047e 0786      	CPC  R24,R22
00047f f020      	BRLO __CMPF122
000480 f031      	BREQ __CMPF123
                 __CMPF121:
000481 9498      	CLZ
000482 9488      	CLC
000483 9508      	RET
                 __CMPF122:
000484 9498      	CLZ
000485 9408      	SEC
000486 9508      	RET
                 __CMPF123:
000487 9418      	SEZ
000488 9488      	CLC
000489 9508      	RET
                 __CMPF120:
00048a 2377      	TST  R23
00048b f7c2      	BRPL __CMPF122
00048c 1797      	CP   R25,R23
00048d f398      	BRLO __CMPF121
00048e f7a9      	BRNE __CMPF122
00048f 17ea      	CP   R30,R26
000490 07fb      	CPC  R31,R27
000491 0768      	CPC  R22,R24
000492 f388      	BRLO __CMPF122
000493 f399      	BREQ __CMPF123
000494 cfec      	RJMP __CMPF121
                 
                 __ANEGW1:
000495 95f1      	NEG  R31
000496 95e1      	NEG  R30
000497 40f0      	SBCI R31,0
000498 9508      	RET
                 
                 __ANEGD1:
000499 95f0      	COM  R31
00049a 9560      	COM  R22
00049b 9570      	COM  R23
00049c 95e1      	NEG  R30
00049d 4fff      	SBCI R31,-1
00049e 4f6f      	SBCI R22,-1
00049f 4f7f      	SBCI R23,-1
0004a0 9508      	RET
                 
                 __CWD1:
0004a1 2f6f      	MOV  R22,R31
0004a2 0f66      	ADD  R22,R22
0004a3 0b66      	SBC  R22,R22
0004a4 2f76      	MOV  R23,R22
0004a5 9508      	RET
                 
                 __DIVW21U:
0004a6 2400      	CLR  R0
0004a7 2411      	CLR  R1
0004a8 e190      	LDI  R25,16
                 __DIVW21U1:
0004a9 0faa      	LSL  R26
0004aa 1fbb      	ROL  R27
0004ab 1c00      	ROL  R0
0004ac 1c11      	ROL  R1
0004ad 1a0e      	SUB  R0,R30
0004ae 0a1f      	SBC  R1,R31
0004af f418      	BRCC __DIVW21U2
0004b0 0e0e      	ADD  R0,R30
0004b1 1e1f      	ADC  R1,R31
0004b2 c001      	RJMP __DIVW21U3
                 __DIVW21U2:
0004b3 60a1      	SBR  R26,1
                 __DIVW21U3:
0004b4 959a      	DEC  R25
0004b5 f799      	BRNE __DIVW21U1
0004b6 01fd      	MOVW R30,R26
0004b7 01d0      	MOVW R26,R0
0004b8 9508      	RET
                 
                 __DIVW21:
0004b9 d004      	RCALL __CHKSIGNW
0004ba dfeb      	RCALL __DIVW21U
0004bb f40e      	BRTC __DIVW211
0004bc dfd8      	RCALL __ANEGW1
                 __DIVW211:
0004bd 9508      	RET
                 
                 __CHKSIGNW:
0004be 94e8      	CLT
0004bf fff7      	SBRS R31,7
0004c0 c002      	RJMP __CHKSW1
0004c1 dfd3      	RCALL __ANEGW1
0004c2 9468      	SET
                 __CHKSW1:
0004c3 ffb7      	SBRS R27,7
0004c4 c006      	RJMP __CHKSW2
0004c5 95a0      	COM  R26
0004c6 95b0      	COM  R27
0004c7 9611      	ADIW R26,1
0004c8 f800      	BLD  R0,0
0004c9 9403      	INC  R0
0004ca fa00      	BST  R0,0
                 __CHKSW2:
0004cb 9508      	RET
                 
                 __GETD1S0:
0004cc 81e8      	LD   R30,Y
0004cd 81f9      	LDD  R31,Y+1
0004ce 816a      	LDD  R22,Y+2
0004cf 817b      	LDD  R23,Y+3
0004d0 9508      	RET
                 
                 __GETD2S0:
0004d1 81a8      	LD   R26,Y
0004d2 81b9      	LDD  R27,Y+1
0004d3 818a      	LDD  R24,Y+2
0004d4 819b      	LDD  R25,Y+3
0004d5 9508      	RET
                 
                 __PUTD1S0:
0004d6 83e8      	ST   Y,R30
0004d7 83f9      	STD  Y+1,R31
0004d8 836a      	STD  Y+2,R22
0004d9 837b      	STD  Y+3,R23
0004da 9508      	RET
                 
                 __PUTPARD1:
0004db 937a      	ST   -Y,R23
0004dc 936a      	ST   -Y,R22
0004dd 93fa      	ST   -Y,R31
0004de 93ea      	ST   -Y,R30
0004df 9508      	RET
                 
                 __PUTPARD2:
0004e0 939a      	ST   -Y,R25
0004e1 938a      	ST   -Y,R24
0004e2 93ba      	ST   -Y,R27
0004e3 93aa      	ST   -Y,R26
0004e4 9508      	RET
                 
                 __SWAPD12:
0004e5 2e18      	MOV  R1,R24
0004e6 2f86      	MOV  R24,R22
0004e7 2d61      	MOV  R22,R1
0004e8 2e19      	MOV  R1,R25
0004e9 2f97      	MOV  R25,R23
0004ea 2d71      	MOV  R23,R1
                 
                 __SWAPW12:
0004eb 2e1b      	MOV  R1,R27
0004ec 2fbf      	MOV  R27,R31
0004ed 2df1      	MOV  R31,R1
                 
                 __SWAPB12:
0004ee 2e1a      	MOV  R1,R26
0004ef 2fae      	MOV  R26,R30
0004f0 2de1      	MOV  R30,R1
0004f1 9508      	RET
                 
                 ;END OF CODE MARKER
                 __END_OF_CODE:


RESOURCE USE INFORMATION
------------------------

Notice:
The register and instruction counts are symbol table hit counts,
and hence implicitly used resources are not counted, eg, the
'lpm' instruction without operands implicitly uses r0 and z,
none of which are counted.

x,y,z are separate entities in the symbol table and are
counted separately from r26..r31 here.

.dseg memory usage only counts static data declared with .byte

ATmega32 register use summary:
r0 :  37 r1 :  34 r2 :   0 r3 :   0 r4 :   6 r5 :   0 r6 :   4 r7 :   4 
r8 :   0 r9 :   2 r10:   0 r11:   0 r12:   0 r13:   0 r14:   0 r15:   0 
r16:   6 r17:  25 r18:  12 r19:  12 r20:  22 r21:  63 r22:  71 r23:  66 
r24:  59 r25:  52 r26: 104 r27:  52 r28:   7 r29:   1 r30: 199 r31:  68 
x  :  10 y  : 129 z  :   9 
Registers used: 25 out of 35 (71.4%)

ATmega32 instruction use summary:
.lds  :   0 .lds.l:   0 .sts  :   0 .sts.l:   0 adc   :  18 add   :   9 
adiw  :   9 and   :   5 andi  :   2 asr   :   0 bclr  :   0 bld   :   3 
brbc  :   0 brbs  :   0 brcc  :   6 brcs  :   1 break :   0 breq  :  23 
brge  :   0 brhc  :   0 brhs  :   0 brid  :   0 brie  :   0 brlo  :  14 
brlt  :   2 brmi  :   9 brne  :  30 brpl  :   8 brsh  :   1 brtc  :   3 
brts  :   1 brvc  :   4 brvs  :   4 bset  :   0 bst   :   3 call  :  83 
cbi   :   5 cbr   :   1 clc   :   3 clh   :   0 cli   :   1 cln   :   0 
clr   :  31 cls   :   0 clt   :   4 clv   :   0 clz   :   2 com   :  10 
cp    :   7 cpc   :  12 cpi   :  28 cpse  :   0 dec   :  15 des   :   0 
eor   :   7 fmul  :   0 fmuls :   0 fmulsu:   0 icall :   0 ijmp  :   0 
in    :   4 inc   :   5 jmp   :  24 ld    :  24 ldd   :  55 ldi   : 118 
lds   :   0 lpm   :   8 lsl   :  13 lsr   :   3 mov   :  51 movw  :  23 
mul   :   9 muls  :   0 mulsu :   0 neg   :   4 nop   :   0 or    :   1 
ori   :   2 out   :  46 pop   :  18 push  :  18 rcall :  38 ret   :  51 
reti  :   0 rjmp  :  48 rol   :  27 ror   :  15 sbc   :   8 sbci  :  11 
sbi   :   7 sbic  :   0 sbis  :   1 sbiw  :  11 sbr   :   3 sbrc  :   1 
sbrs  :   3 sec   :   5 seh   :   0 sei   :   0 sen   :   0 ser   :   8 
ses   :   0 set   :   3 sev   :   0 sez   :   1 sleep :   0 spm   :   0 
st    :  41 std   :  20 sts   :   2 sub   :   5 subi  :  14 swap  :   1 
tst   :  19 wdr   :   1 
Instructions used: 77 out of 116 (66.4%)

ATmega32 memory use summary [bytes]:
Segment   Begin    End      Code   Data   Used    Size   Use%
---------------------------------------------------------------
[.cseg] 0x000000 0x0009e4   2486     46   2532   32768   7.7%
[.dseg] 0x000060 0x000279      0     25     25    2143   1.2%
[.eseg] 0x000000 0x000000      0      0      0    1024   0.0%

Assembly complete, 0 errors, 6 warnings
