
AVRASM ver. 2.1.30  D:\Bahareh\Semester 8\Files\Microprocessor Lab\Microprocessor\Session 9\Software\List\HW9.asm Thu May 02 10:23:55 2024

D:\Bahareh\Semester 8\Files\Microprocessor Lab\Microprocessor\Session 9\Software\List\HW9.asm(1072): warning: Register r5 already defined by the .DEF directive
D:\Bahareh\Semester 8\Files\Microprocessor Lab\Microprocessor\Session 9\Software\List\HW9.asm(1073): warning: Register r6 already defined by the .DEF directive
D:\Bahareh\Semester 8\Files\Microprocessor Lab\Microprocessor\Session 9\Software\List\HW9.asm(1074): warning: Register r4 already defined by the .DEF directive
D:\Bahareh\Semester 8\Files\Microprocessor Lab\Microprocessor\Session 9\Software\List\HW9.asm(1075): warning: Register r9 already defined by the .DEF directive
D:\Bahareh\Semester 8\Files\Microprocessor Lab\Microprocessor\Session 9\Software\List\HW9.asm(1076): warning: Register r8 already defined by the .DEF directive
                 
                 
                 ;CodeVisionAVR C Compiler V2.05.3 Standard
                 ;(C) Copyright 1998-2011 Pavel Haiduc, HP InfoTech s.r.l.
                 ;http://www.hpinfotech.com
                 
                 ;Chip type                : ATmega32
                 ;Program type             : Application
                 ;Clock frequency          : 8.000000 MHz
                 ;Memory model             : Small
                 ;Optimize for             : Size
                 ;(s)printf features       : int, width
                 ;(s)scanf features        : int, width
                 ;External RAM size        : 0
                 ;Data Stack size          : 512 byte(s)
                 ;Heap size                : 0 byte(s)
                 ;Promote 'char' to 'int'  : Yes
                 ;'char' is unsigned       : Yes
                 ;8 bit enums              : Yes
                 ;Global 'const' stored in FLASH     : No
                 ;Enhanced function parameter passing: Yes
                 ;Enhanced core instructions         : On
                 ;Smart register allocation          : On
                 ;Automatic register allocation      : On
                 
                 	#pragma AVRPART ADMIN PART_NAME ATmega32
                 	#pragma AVRPART MEMORY PROG_FLASH 32768
                 	#pragma AVRPART MEMORY EEPROM 1024
                 	#pragma AVRPART MEMORY INT_SRAM SIZE 2143
                 	#pragma AVRPART MEMORY INT_SRAM START_ADDR 0x60
                 
                 	#define CALL_SUPPORTED 1
                 
                 	.LISTMAC
                 	.EQU UDRE=0x5
                 	.EQU RXC=0x7
                 	.EQU USR=0xB
                 	.EQU UDR=0xC
                 	.EQU SPSR=0xE
                 	.EQU SPDR=0xF
                 	.EQU EERE=0x0
                 	.EQU EEWE=0x1
                 	.EQU EEMWE=0x2
                 	.EQU EECR=0x1C
                 	.EQU EEDR=0x1D
                 	.EQU EEARL=0x1E
                 	.EQU EEARH=0x1F
                 	.EQU WDTCR=0x21
                 	.EQU MCUCR=0x35
                 	.EQU GICR=0x3B
                 	.EQU SPL=0x3D
                 	.EQU SPH=0x3E
                 	.EQU SREG=0x3F
                 
                 	.DEF R0X0=R0
                 	.DEF R0X1=R1
                 	.DEF R0X2=R2
                 	.DEF R0X3=R3
                 	.DEF R0X4=R4
                 	.DEF R0X5=R5
                 	.DEF R0X6=R6
                 	.DEF R0X7=R7
                 	.DEF R0X8=R8
                 	.DEF R0X9=R9
                 	.DEF R0XA=R10
                 	.DEF R0XB=R11
                 	.DEF R0XC=R12
                 	.DEF R0XD=R13
                 	.DEF R0XE=R14
                 	.DEF R0XF=R15
                 	.DEF R0X10=R16
                 	.DEF R0X11=R17
                 	.DEF R0X12=R18
                 	.DEF R0X13=R19
                 	.DEF R0X14=R20
                 	.DEF R0X15=R21
                 	.DEF R0X16=R22
                 	.DEF R0X17=R23
                 	.DEF R0X18=R24
                 	.DEF R0X19=R25
                 	.DEF R0X1A=R26
                 	.DEF R0X1B=R27
                 	.DEF R0X1C=R28
                 	.DEF R0X1D=R29
                 	.DEF R0X1E=R30
                 	.DEF R0X1F=R31
                 
                 	.EQU __SRAM_START=0x0060
                 	.EQU __SRAM_END=0x085F
                 	.EQU __DSTACK_SIZE=0x0200
                 	.EQU __HEAP_SIZE=0x0000
                 	.EQU __CLEAR_SRAM_SIZE=__SRAM_END-__SRAM_START+1
                 
                 	.MACRO __CPD1N
                 	CPI  R30,LOW(@0)
                 	LDI  R26,HIGH(@0)
                 	CPC  R31,R26
                 	LDI  R26,BYTE3(@0)
                 	CPC  R22,R26
                 	LDI  R26,BYTE4(@0)
                 	CPC  R23,R26
                 	.ENDM
                 
                 	.MACRO __CPD2N
                 	CPI  R26,LOW(@0)
                 	LDI  R30,HIGH(@0)
                 	CPC  R27,R30
                 	LDI  R30,BYTE3(@0)
                 	CPC  R24,R30
                 	LDI  R30,BYTE4(@0)
                 	CPC  R25,R30
                 	.ENDM
                 
                 	.MACRO __CPWRR
                 	CP   R@0,R@2
                 	CPC  R@1,R@3
                 	.ENDM
                 
                 	.MACRO __CPWRN
                 	CPI  R@0,LOW(@2)
                 	LDI  R30,HIGH(@2)
                 	CPC  R@1,R30
                 	.ENDM
                 
                 	.MACRO __ADDB1MN
                 	SUBI R30,LOW(-@0-(@1))
                 	.ENDM
                 
                 	.MACRO __ADDB2MN
                 	SUBI R26,LOW(-@0-(@1))
                 	.ENDM
                 
                 	.MACRO __ADDW1MN
                 	SUBI R30,LOW(-@0-(@1))
                 	SBCI R31,HIGH(-@0-(@1))
                 	.ENDM
                 
                 	.MACRO __ADDW2MN
                 	SUBI R26,LOW(-@0-(@1))
                 	SBCI R27,HIGH(-@0-(@1))
                 	.ENDM
                 
                 	.MACRO __ADDW1FN
                 	SUBI R30,LOW(-2*@0-(@1))
                 	SBCI R31,HIGH(-2*@0-(@1))
                 	.ENDM
                 
                 	.MACRO __ADDD1FN
                 	SUBI R30,LOW(-2*@0-(@1))
                 	SBCI R31,HIGH(-2*@0-(@1))
                 	SBCI R22,BYTE3(-2*@0-(@1))
                 	.ENDM
                 
                 	.MACRO __ADDD1N
                 	SUBI R30,LOW(-@0)
                 	SBCI R31,HIGH(-@0)
                 	SBCI R22,BYTE3(-@0)
                 	SBCI R23,BYTE4(-@0)
                 	.ENDM
                 
                 	.MACRO __ADDD2N
                 	SUBI R26,LOW(-@0)
                 	SBCI R27,HIGH(-@0)
                 	SBCI R24,BYTE3(-@0)
                 	SBCI R25,BYTE4(-@0)
                 	.ENDM
                 
                 	.MACRO __SUBD1N
                 	SUBI R30,LOW(@0)
                 	SBCI R31,HIGH(@0)
                 	SBCI R22,BYTE3(@0)
                 	SBCI R23,BYTE4(@0)
                 	.ENDM
                 
                 	.MACRO __SUBD2N
                 	SUBI R26,LOW(@0)
                 	SBCI R27,HIGH(@0)
                 	SBCI R24,BYTE3(@0)
                 	SBCI R25,BYTE4(@0)
                 	.ENDM
                 
                 	.MACRO __ANDBMNN
                 	LDS  R30,@0+(@1)
                 	ANDI R30,LOW(@2)
                 	STS  @0+(@1),R30
                 	.ENDM
                 
                 	.MACRO __ANDWMNN
                 	LDS  R30,@0+(@1)
                 	ANDI R30,LOW(@2)
                 	STS  @0+(@1),R30
                 	LDS  R30,@0+(@1)+1
                 	ANDI R30,HIGH(@2)
                 	STS  @0+(@1)+1,R30
                 	.ENDM
                 
                 	.MACRO __ANDD1N
                 	ANDI R30,LOW(@0)
                 	ANDI R31,HIGH(@0)
                 	ANDI R22,BYTE3(@0)
                 	ANDI R23,BYTE4(@0)
                 	.ENDM
                 
                 	.MACRO __ANDD2N
                 	ANDI R26,LOW(@0)
                 	ANDI R27,HIGH(@0)
                 	ANDI R24,BYTE3(@0)
                 	ANDI R25,BYTE4(@0)
                 	.ENDM
                 
                 	.MACRO __ORBMNN
                 	LDS  R30,@0+(@1)
                 	ORI  R30,LOW(@2)
                 	STS  @0+(@1),R30
                 	.ENDM
                 
                 	.MACRO __ORWMNN
                 	LDS  R30,@0+(@1)
                 	ORI  R30,LOW(@2)
                 	STS  @0+(@1),R30
                 	LDS  R30,@0+(@1)+1
                 	ORI  R30,HIGH(@2)
                 	STS  @0+(@1)+1,R30
                 	.ENDM
                 
                 	.MACRO __ORD1N
                 	ORI  R30,LOW(@0)
                 	ORI  R31,HIGH(@0)
                 	ORI  R22,BYTE3(@0)
                 	ORI  R23,BYTE4(@0)
                 	.ENDM
                 
                 	.MACRO __ORD2N
                 	ORI  R26,LOW(@0)
                 	ORI  R27,HIGH(@0)
                 	ORI  R24,BYTE3(@0)
                 	ORI  R25,BYTE4(@0)
                 	.ENDM
                 
                 	.MACRO __DELAY_USB
                 	LDI  R24,LOW(@0)
                 __DELAY_USB_LOOP:
                 	DEC  R24
                 	BRNE __DELAY_USB_LOOP
                 	.ENDM
                 
                 	.MACRO __DELAY_USW
                 	LDI  R24,LOW(@0)
                 	LDI  R25,HIGH(@0)
                 __DELAY_USW_LOOP:
                 	SBIW R24,1
                 	BRNE __DELAY_USW_LOOP
                 	.ENDM
                 
                 	.MACRO __GETD1S
                 	LDD  R30,Y+@0
                 	LDD  R31,Y+@0+1
                 	LDD  R22,Y+@0+2
                 	LDD  R23,Y+@0+3
                 	.ENDM
                 
                 	.MACRO __GETD2S
                 	LDD  R26,Y+@0
                 	LDD  R27,Y+@0+1
                 	LDD  R24,Y+@0+2
                 	LDD  R25,Y+@0+3
                 	.ENDM
                 
                 	.MACRO __PUTD1S
                 	STD  Y+@0,R30
                 	STD  Y+@0+1,R31
                 	STD  Y+@0+2,R22
                 	STD  Y+@0+3,R23
                 	.ENDM
                 
                 	.MACRO __PUTD2S
                 	STD  Y+@0,R26
                 	STD  Y+@0+1,R27
                 	STD  Y+@0+2,R24
                 	STD  Y+@0+3,R25
                 	.ENDM
                 
                 	.MACRO __PUTDZ2
                 	STD  Z+@0,R26
                 	STD  Z+@0+1,R27
                 	STD  Z+@0+2,R24
                 	STD  Z+@0+3,R25
                 	.ENDM
                 
                 	.MACRO __CLRD1S
                 	STD  Y+@0,R30
                 	STD  Y+@0+1,R30
                 	STD  Y+@0+2,R30
                 	STD  Y+@0+3,R30
                 	.ENDM
                 
                 	.MACRO __POINTB1MN
                 	LDI  R30,LOW(@0+(@1))
                 	.ENDM
                 
                 	.MACRO __POINTW1MN
                 	LDI  R30,LOW(@0+(@1))
                 	LDI  R31,HIGH(@0+(@1))
                 	.ENDM
                 
                 	.MACRO __POINTD1M
                 	LDI  R30,LOW(@0)
                 	LDI  R31,HIGH(@0)
                 	LDI  R22,BYTE3(@0)
                 	LDI  R23,BYTE4(@0)
                 	.ENDM
                 
                 	.MACRO __POINTW1FN
                 	LDI  R30,LOW(2*@0+(@1))
                 	LDI  R31,HIGH(2*@0+(@1))
                 	.ENDM
                 
                 	.MACRO __POINTD1FN
                 	LDI  R30,LOW(2*@0+(@1))
                 	LDI  R31,HIGH(2*@0+(@1))
                 	LDI  R22,BYTE3(2*@0+(@1))
                 	LDI  R23,BYTE4(2*@0+(@1))
                 	.ENDM
                 
                 	.MACRO __POINTB2MN
                 	LDI  R26,LOW(@0+(@1))
                 	.ENDM
                 
                 	.MACRO __POINTW2MN
                 	LDI  R26,LOW(@0+(@1))
                 	LDI  R27,HIGH(@0+(@1))
                 	.ENDM
                 
                 	.MACRO __POINTW2FN
                 	LDI  R26,LOW(2*@0+(@1))
                 	LDI  R27,HIGH(2*@0+(@1))
                 	.ENDM
                 
                 	.MACRO __POINTD2FN
                 	LDI  R26,LOW(2*@0+(@1))
                 	LDI  R27,HIGH(2*@0+(@1))
                 	LDI  R24,BYTE3(2*@0+(@1))
                 	LDI  R25,BYTE4(2*@0+(@1))
                 	.ENDM
                 
                 	.MACRO __POINTBRM
                 	LDI  R@0,LOW(@1)
                 	.ENDM
                 
                 	.MACRO __POINTWRM
                 	LDI  R@0,LOW(@2)
                 	LDI  R@1,HIGH(@2)
                 	.ENDM
                 
                 	.MACRO __POINTBRMN
                 	LDI  R@0,LOW(@1+(@2))
                 	.ENDM
                 
                 	.MACRO __POINTWRMN
                 	LDI  R@0,LOW(@2+(@3))
                 	LDI  R@1,HIGH(@2+(@3))
                 	.ENDM
                 
                 	.MACRO __POINTWRFN
                 	LDI  R@0,LOW(@2*2+(@3))
                 	LDI  R@1,HIGH(@2*2+(@3))
                 	.ENDM
                 
                 	.MACRO __GETD1N
                 	LDI  R30,LOW(@0)
                 	LDI  R31,HIGH(@0)
                 	LDI  R22,BYTE3(@0)
                 	LDI  R23,BYTE4(@0)
                 	.ENDM
                 
                 	.MACRO __GETD2N
                 	LDI  R26,LOW(@0)
                 	LDI  R27,HIGH(@0)
                 	LDI  R24,BYTE3(@0)
                 	LDI  R25,BYTE4(@0)
                 	.ENDM
                 
                 	.MACRO __GETB1MN
                 	LDS  R30,@0+(@1)
                 	.ENDM
                 
                 	.MACRO __GETB1HMN
                 	LDS  R31,@0+(@1)
                 	.ENDM
                 
                 	.MACRO __GETW1MN
                 	LDS  R30,@0+(@1)
                 	LDS  R31,@0+(@1)+1
                 	.ENDM
                 
                 	.MACRO __GETD1MN
                 	LDS  R30,@0+(@1)
                 	LDS  R31,@0+(@1)+1
                 	LDS  R22,@0+(@1)+2
                 	LDS  R23,@0+(@1)+3
                 	.ENDM
                 
                 	.MACRO __GETBRMN
                 	LDS  R@0,@1+(@2)
                 	.ENDM
                 
                 	.MACRO __GETWRMN
                 	LDS  R@0,@2+(@3)
                 	LDS  R@1,@2+(@3)+1
                 	.ENDM
                 
                 	.MACRO __GETWRZ
                 	LDD  R@0,Z+@2
                 	LDD  R@1,Z+@2+1
                 	.ENDM
                 
                 	.MACRO __GETD2Z
                 	LDD  R26,Z+@0
                 	LDD  R27,Z+@0+1
                 	LDD  R24,Z+@0+2
                 	LDD  R25,Z+@0+3
                 	.ENDM
                 
                 	.MACRO __GETB2MN
                 	LDS  R26,@0+(@1)
                 	.ENDM
                 
                 	.MACRO __GETW2MN
                 	LDS  R26,@0+(@1)
                 	LDS  R27,@0+(@1)+1
                 	.ENDM
                 
                 	.MACRO __GETD2MN
                 	LDS  R26,@0+(@1)
                 	LDS  R27,@0+(@1)+1
                 	LDS  R24,@0+(@1)+2
                 	LDS  R25,@0+(@1)+3
                 	.ENDM
                 
                 	.MACRO __PUTB1MN
                 	STS  @0+(@1),R30
                 	.ENDM
                 
                 	.MACRO __PUTW1MN
                 	STS  @0+(@1),R30
                 	STS  @0+(@1)+1,R31
                 	.ENDM
                 
                 	.MACRO __PUTD1MN
                 	STS  @0+(@1),R30
                 	STS  @0+(@1)+1,R31
                 	STS  @0+(@1)+2,R22
                 	STS  @0+(@1)+3,R23
                 	.ENDM
                 
                 	.MACRO __PUTB1EN
                 	LDI  R26,LOW(@0+(@1))
                 	LDI  R27,HIGH(@0+(@1))
                 	CALL __EEPROMWRB
                 	.ENDM
                 
                 	.MACRO __PUTW1EN
                 	LDI  R26,LOW(@0+(@1))
                 	LDI  R27,HIGH(@0+(@1))
                 	CALL __EEPROMWRW
                 	.ENDM
                 
                 	.MACRO __PUTD1EN
                 	LDI  R26,LOW(@0+(@1))
                 	LDI  R27,HIGH(@0+(@1))
                 	CALL __EEPROMWRD
                 	.ENDM
                 
                 	.MACRO __PUTBR0MN
                 	STS  @0+(@1),R0
                 	.ENDM
                 
                 	.MACRO __PUTBMRN
                 	STS  @0+(@1),R@2
                 	.ENDM
                 
                 	.MACRO __PUTWMRN
                 	STS  @0+(@1),R@2
                 	STS  @0+(@1)+1,R@3
                 	.ENDM
                 
                 	.MACRO __PUTBZR
                 	STD  Z+@1,R@0
                 	.ENDM
                 
                 	.MACRO __PUTWZR
                 	STD  Z+@2,R@0
                 	STD  Z+@2+1,R@1
                 	.ENDM
                 
                 	.MACRO __GETW1R
                 	MOV  R30,R@0
                 	MOV  R31,R@1
                 	.ENDM
                 
                 	.MACRO __GETW2R
                 	MOV  R26,R@0
                 	MOV  R27,R@1
                 	.ENDM
                 
                 	.MACRO __GETWRN
                 	LDI  R@0,LOW(@2)
                 	LDI  R@1,HIGH(@2)
                 	.ENDM
                 
                 	.MACRO __PUTW1R
                 	MOV  R@0,R30
                 	MOV  R@1,R31
                 	.ENDM
                 
                 	.MACRO __PUTW2R
                 	MOV  R@0,R26
                 	MOV  R@1,R27
                 	.ENDM
                 
                 	.MACRO __ADDWRN
                 	SUBI R@0,LOW(-@2)
                 	SBCI R@1,HIGH(-@2)
                 	.ENDM
                 
                 	.MACRO __ADDWRR
                 	ADD  R@0,R@2
                 	ADC  R@1,R@3
                 	.ENDM
                 
                 	.MACRO __SUBWRN
                 	SUBI R@0,LOW(@2)
                 	SBCI R@1,HIGH(@2)
                 	.ENDM
                 
                 	.MACRO __SUBWRR
                 	SUB  R@0,R@2
                 	SBC  R@1,R@3
                 	.ENDM
                 
                 	.MACRO __ANDWRN
                 	ANDI R@0,LOW(@2)
                 	ANDI R@1,HIGH(@2)
                 	.ENDM
                 
                 	.MACRO __ANDWRR
                 	AND  R@0,R@2
                 	AND  R@1,R@3
                 	.ENDM
                 
                 	.MACRO __ORWRN
                 	ORI  R@0,LOW(@2)
                 	ORI  R@1,HIGH(@2)
                 	.ENDM
                 
                 	.MACRO __ORWRR
                 	OR   R@0,R@2
                 	OR   R@1,R@3
                 	.ENDM
                 
                 	.MACRO __EORWRR
                 	EOR  R@0,R@2
                 	EOR  R@1,R@3
                 	.ENDM
                 
                 	.MACRO __GETWRS
                 	LDD  R@0,Y+@2
                 	LDD  R@1,Y+@2+1
                 	.ENDM
                 
                 	.MACRO __PUTBSR
                 	STD  Y+@1,R@0
                 	.ENDM
                 
                 	.MACRO __PUTWSR
                 	STD  Y+@2,R@0
                 	STD  Y+@2+1,R@1
                 	.ENDM
                 
                 	.MACRO __MOVEWRR
                 	MOV  R@0,R@2
                 	MOV  R@1,R@3
                 	.ENDM
                 
                 	.MACRO __INWR
                 	IN   R@0,@2
                 	IN   R@1,@2+1
                 	.ENDM
                 
                 	.MACRO __OUTWR
                 	OUT  @2+1,R@1
                 	OUT  @2,R@0
                 	.ENDM
                 
                 	.MACRO __CALL1MN
                 	LDS  R30,@0+(@1)
                 	LDS  R31,@0+(@1)+1
                 	ICALL
                 	.ENDM
                 
                 	.MACRO __CALL1FN
                 	LDI  R30,LOW(2*@0+(@1))
                 	LDI  R31,HIGH(2*@0+(@1))
                 	CALL __GETW1PF
                 	ICALL
                 	.ENDM
                 
                 	.MACRO __CALL2EN
                 	LDI  R26,LOW(@0+(@1))
                 	LDI  R27,HIGH(@0+(@1))
                 	CALL __EEPROMRDW
                 	ICALL
                 	.ENDM
                 
                 	.MACRO __GETW1STACK
                 	IN   R26,SPL
                 	IN   R27,SPH
                 	ADIW R26,@0+1
                 	LD   R30,X+
                 	LD   R31,X
                 	.ENDM
                 
                 	.MACRO __GETD1STACK
                 	IN   R26,SPL
                 	IN   R27,SPH
                 	ADIW R26,@0+1
                 	LD   R30,X+
                 	LD   R31,X+
                 	LD   R22,X
                 	.ENDM
                 
                 	.MACRO __NBST
                 	BST  R@0,@1
                 	IN   R30,SREG
                 	LDI  R31,0x40
                 	EOR  R30,R31
                 	OUT  SREG,R30
                 	.ENDM
                 
                 
                 	.MACRO __PUTB1SN
                 	LDD  R26,Y+@0
                 	LDD  R27,Y+@0+1
                 	SUBI R26,LOW(-@1)
                 	SBCI R27,HIGH(-@1)
                 	ST   X,R30
                 	.ENDM
                 
                 	.MACRO __PUTW1SN
                 	LDD  R26,Y+@0
                 	LDD  R27,Y+@0+1
                 	SUBI R26,LOW(-@1)
                 	SBCI R27,HIGH(-@1)
                 	ST   X+,R30
                 	ST   X,R31
                 	.ENDM
                 
                 	.MACRO __PUTD1SN
                 	LDD  R26,Y+@0
                 	LDD  R27,Y+@0+1
                 	SUBI R26,LOW(-@1)
                 	SBCI R27,HIGH(-@1)
                 	CALL __PUTDP1
                 	.ENDM
                 
                 	.MACRO __PUTB1SNS
                 	LDD  R26,Y+@0
                 	LDD  R27,Y+@0+1
                 	ADIW R26,@1
                 	ST   X,R30
                 	.ENDM
                 
                 	.MACRO __PUTW1SNS
                 	LDD  R26,Y+@0
                 	LDD  R27,Y+@0+1
                 	ADIW R26,@1
                 	ST   X+,R30
                 	ST   X,R31
                 	.ENDM
                 
                 	.MACRO __PUTD1SNS
                 	LDD  R26,Y+@0
                 	LDD  R27,Y+@0+1
                 	ADIW R26,@1
                 	CALL __PUTDP1
                 	.ENDM
                 
                 	.MACRO __PUTB1PMN
                 	LDS  R26,@0
                 	LDS  R27,@0+1
                 	SUBI R26,LOW(-@1)
                 	SBCI R27,HIGH(-@1)
                 	ST   X,R30
                 	.ENDM
                 
                 	.MACRO __PUTW1PMN
                 	LDS  R26,@0
                 	LDS  R27,@0+1
                 	SUBI R26,LOW(-@1)
                 	SBCI R27,HIGH(-@1)
                 	ST   X+,R30
                 	ST   X,R31
                 	.ENDM
                 
                 	.MACRO __PUTD1PMN
                 	LDS  R26,@0
                 	LDS  R27,@0+1
                 	SUBI R26,LOW(-@1)
                 	SBCI R27,HIGH(-@1)
                 	CALL __PUTDP1
                 	.ENDM
                 
                 	.MACRO __PUTB1PMNS
                 	LDS  R26,@0
                 	LDS  R27,@0+1
                 	ADIW R26,@1
                 	ST   X,R30
                 	.ENDM
                 
                 	.MACRO __PUTW1PMNS
                 	LDS  R26,@0
                 	LDS  R27,@0+1
                 	ADIW R26,@1
                 	ST   X+,R30
                 	ST   X,R31
                 	.ENDM
                 
                 	.MACRO __PUTD1PMNS
                 	LDS  R26,@0
                 	LDS  R27,@0+1
                 	ADIW R26,@1
                 	CALL __PUTDP1
                 	.ENDM
                 
                 	.MACRO __PUTB1RN
                 	MOVW R26,R@0
                 	SUBI R26,LOW(-@1)
                 	SBCI R27,HIGH(-@1)
                 	ST   X,R30
                 	.ENDM
                 
                 	.MACRO __PUTW1RN
                 	MOVW R26,R@0
                 	SUBI R26,LOW(-@1)
                 	SBCI R27,HIGH(-@1)
                 	ST   X+,R30
                 	ST   X,R31
                 	.ENDM
                 
                 	.MACRO __PUTD1RN
                 	MOVW R26,R@0
                 	SUBI R26,LOW(-@1)
                 	SBCI R27,HIGH(-@1)
                 	CALL __PUTDP1
                 	.ENDM
                 
                 	.MACRO __PUTB1RNS
                 	MOVW R26,R@0
                 	ADIW R26,@1
                 	ST   X,R30
                 	.ENDM
                 
                 	.MACRO __PUTW1RNS
                 	MOVW R26,R@0
                 	ADIW R26,@1
                 	ST   X+,R30
                 	ST   X,R31
                 	.ENDM
                 
                 	.MACRO __PUTD1RNS
                 	MOVW R26,R@0
                 	ADIW R26,@1
                 	CALL __PUTDP1
                 	.ENDM
                 
                 	.MACRO __PUTB1RON
                 	MOV  R26,R@0
                 	MOV  R27,R@1
                 	SUBI R26,LOW(-@2)
                 	SBCI R27,HIGH(-@2)
                 	ST   X,R30
                 	.ENDM
                 
                 	.MACRO __PUTW1RON
                 	MOV  R26,R@0
                 	MOV  R27,R@1
                 	SUBI R26,LOW(-@2)
                 	SBCI R27,HIGH(-@2)
                 	ST   X+,R30
                 	ST   X,R31
                 	.ENDM
                 
                 	.MACRO __PUTD1RON
                 	MOV  R26,R@0
                 	MOV  R27,R@1
                 	SUBI R26,LOW(-@2)
                 	SBCI R27,HIGH(-@2)
                 	CALL __PUTDP1
                 	.ENDM
                 
                 	.MACRO __PUTB1RONS
                 	MOV  R26,R@0
                 	MOV  R27,R@1
                 	ADIW R26,@2
                 	ST   X,R30
                 	.ENDM
                 
                 	.MACRO __PUTW1RONS
                 	MOV  R26,R@0
                 	MOV  R27,R@1
                 	ADIW R26,@2
                 	ST   X+,R30
                 	ST   X,R31
                 	.ENDM
                 
                 	.MACRO __PUTD1RONS
                 	MOV  R26,R@0
                 	MOV  R27,R@1
                 	ADIW R26,@2
                 	CALL __PUTDP1
                 	.ENDM
                 
                 
                 	.MACRO __GETB1SX
                 	MOVW R30,R28
                 	SUBI R30,LOW(-@0)
                 	SBCI R31,HIGH(-@0)
                 	LD   R30,Z
                 	.ENDM
                 
                 	.MACRO __GETB1HSX
                 	MOVW R30,R28
                 	SUBI R30,LOW(-@0)
                 	SBCI R31,HIGH(-@0)
                 	LD   R31,Z
                 	.ENDM
                 
                 	.MACRO __GETW1SX
                 	MOVW R30,R28
                 	SUBI R30,LOW(-@0)
                 	SBCI R31,HIGH(-@0)
                 	LD   R0,Z+
                 	LD   R31,Z
                 	MOV  R30,R0
                 	.ENDM
                 
                 	.MACRO __GETD1SX
                 	MOVW R30,R28
                 	SUBI R30,LOW(-@0)
                 	SBCI R31,HIGH(-@0)
                 	LD   R0,Z+
                 	LD   R1,Z+
                 	LD   R22,Z+
                 	LD   R23,Z
                 	MOVW R30,R0
                 	.ENDM
                 
                 	.MACRO __GETB2SX
                 	MOVW R26,R28
                 	SUBI R26,LOW(-@0)
                 	SBCI R27,HIGH(-@0)
                 	LD   R26,X
                 	.ENDM
                 
                 	.MACRO __GETW2SX
                 	MOVW R26,R28
                 	SUBI R26,LOW(-@0)
                 	SBCI R27,HIGH(-@0)
                 	LD   R0,X+
                 	LD   R27,X
                 	MOV  R26,R0
                 	.ENDM
                 
                 	.MACRO __GETD2SX
                 	MOVW R26,R28
                 	SUBI R26,LOW(-@0)
                 	SBCI R27,HIGH(-@0)
                 	LD   R0,X+
                 	LD   R1,X+
                 	LD   R24,X+
                 	LD   R25,X
                 	MOVW R26,R0
                 	.ENDM
                 
                 	.MACRO __GETBRSX
                 	MOVW R30,R28
                 	SUBI R30,LOW(-@1)
                 	SBCI R31,HIGH(-@1)
                 	LD   R@0,Z
                 	.ENDM
                 
                 	.MACRO __GETWRSX
                 	MOVW R30,R28
                 	SUBI R30,LOW(-@2)
                 	SBCI R31,HIGH(-@2)
                 	LD   R@0,Z+
                 	LD   R@1,Z
                 	.ENDM
                 
                 	.MACRO __GETBRSX2
                 	MOVW R26,R28
                 	SUBI R26,LOW(-@1)
                 	SBCI R27,HIGH(-@1)
                 	LD   R@0,X
                 	.ENDM
                 
                 	.MACRO __GETWRSX2
                 	MOVW R26,R28
                 	SUBI R26,LOW(-@2)
                 	SBCI R27,HIGH(-@2)
                 	LD   R@0,X+
                 	LD   R@1,X
                 	.ENDM
                 
                 	.MACRO __LSLW8SX
                 	MOVW R30,R28
                 	SUBI R30,LOW(-@0)
                 	SBCI R31,HIGH(-@0)
                 	LD   R31,Z
                 	CLR  R30
                 	.ENDM
                 
                 	.MACRO __PUTB1SX
                 	MOVW R26,R28
                 	SUBI R26,LOW(-@0)
                 	SBCI R27,HIGH(-@0)
                 	ST   X,R30
                 	.ENDM
                 
                 	.MACRO __PUTW1SX
                 	MOVW R26,R28
                 	SUBI R26,LOW(-@0)
                 	SBCI R27,HIGH(-@0)
                 	ST   X+,R30
                 	ST   X,R31
                 	.ENDM
                 
                 	.MACRO __PUTD1SX
                 	MOVW R26,R28
                 	SUBI R26,LOW(-@0)
                 	SBCI R27,HIGH(-@0)
                 	ST   X+,R30
                 	ST   X+,R31
                 	ST   X+,R22
                 	ST   X,R23
                 	.ENDM
                 
                 	.MACRO __CLRW1SX
                 	MOVW R26,R28
                 	SUBI R26,LOW(-@0)
                 	SBCI R27,HIGH(-@0)
                 	ST   X+,R30
                 	ST   X,R30
                 	.ENDM
                 
                 	.MACRO __CLRD1SX
                 	MOVW R26,R28
                 	SUBI R26,LOW(-@0)
                 	SBCI R27,HIGH(-@0)
                 	ST   X+,R30
                 	ST   X+,R30
                 	ST   X+,R30
                 	ST   X,R30
                 	.ENDM
                 
                 	.MACRO __PUTB2SX
                 	MOVW R30,R28
                 	SUBI R30,LOW(-@0)
                 	SBCI R31,HIGH(-@0)
                 	ST   Z,R26
                 	.ENDM
                 
                 	.MACRO __PUTW2SX
                 	MOVW R30,R28
                 	SUBI R30,LOW(-@0)
                 	SBCI R31,HIGH(-@0)
                 	ST   Z+,R26
                 	ST   Z,R27
                 	.ENDM
                 
                 	.MACRO __PUTD2SX
                 	MOVW R30,R28
                 	SUBI R30,LOW(-@0)
                 	SBCI R31,HIGH(-@0)
                 	ST   Z+,R26
                 	ST   Z+,R27
                 	ST   Z+,R24
                 	ST   Z,R25
                 	.ENDM
                 
                 	.MACRO __PUTBSRX
                 	MOVW R30,R28
                 	SUBI R30,LOW(-@1)
                 	SBCI R31,HIGH(-@1)
                 	ST   Z,R@0
                 	.ENDM
                 
                 	.MACRO __PUTWSRX
                 	MOVW R30,R28
                 	SUBI R30,LOW(-@2)
                 	SBCI R31,HIGH(-@2)
                 	ST   Z+,R@0
                 	ST   Z,R@1
                 	.ENDM
                 
                 	.MACRO __PUTB1SNX
                 	MOVW R26,R28
                 	SUBI R26,LOW(-@0)
                 	SBCI R27,HIGH(-@0)
                 	LD   R0,X+
                 	LD   R27,X
                 	MOV  R26,R0
                 	SUBI R26,LOW(-@1)
                 	SBCI R27,HIGH(-@1)
                 	ST   X,R30
                 	.ENDM
                 
                 	.MACRO __PUTW1SNX
                 	MOVW R26,R28
                 	SUBI R26,LOW(-@0)
                 	SBCI R27,HIGH(-@0)
                 	LD   R0,X+
                 	LD   R27,X
                 	MOV  R26,R0
                 	SUBI R26,LOW(-@1)
                 	SBCI R27,HIGH(-@1)
                 	ST   X+,R30
                 	ST   X,R31
                 	.ENDM
                 
                 	.MACRO __PUTD1SNX
                 	MOVW R26,R28
                 	SUBI R26,LOW(-@0)
                 	SBCI R27,HIGH(-@0)
                 	LD   R0,X+
                 	LD   R27,X
                 	MOV  R26,R0
                 	SUBI R26,LOW(-@1)
                 	SBCI R27,HIGH(-@1)
                 	ST   X+,R30
                 	ST   X+,R31
                 	ST   X+,R22
                 	ST   X,R23
                 	.ENDM
                 
                 	.MACRO __MULBRR
                 	MULS R@0,R@1
                 	MOVW R30,R0
                 	.ENDM
                 
                 	.MACRO __MULBRRU
                 	MUL  R@0,R@1
                 	MOVW R30,R0
                 	.ENDM
                 
                 	.MACRO __MULBRR0
                 	MULS R@0,R@1
                 	.ENDM
                 
                 	.MACRO __MULBRRU0
                 	MUL  R@0,R@1
                 	.ENDM
                 
                 	.MACRO __MULBNWRU
                 	LDI  R26,@2
                 	MUL  R26,R@0
                 	MOVW R30,R0
                 	MUL  R26,R@1
                 	ADD  R31,R0
                 	.ENDM
                 
                 ;NAME DEFINITIONS FOR GLOBAL VARIABLES ALLOCATED TO REGISTERS
                 	.DEF _i=R5
                 	.DEF _x=R6
                 	.DEF __lcd_x=R4
                 	.DEF __lcd_y=R9
                 	.DEF __lcd_maxx=R8
                 
                 	.CSEG
                 	.ORG 0x00
                 
                 ;START OF CODE MARKER
                 __START_OF_CODE:
                 
                 ;INTERRUPT VECTORS
000000 940c 0049 	JMP  __RESET
000002 940c 0000 	JMP  0x00
000004 940c 0000 	JMP  0x00
000006 940c 0000 	JMP  0x00
000008 940c 0000 	JMP  0x00
00000a 940c 0000 	JMP  0x00
00000c 940c 0000 	JMP  0x00
00000e 940c 0000 	JMP  0x00
000010 940c 0000 	JMP  0x00
000012 940c 0000 	JMP  0x00
000014 940c 0000 	JMP  0x00
000016 940c 0000 	JMP  0x00
000018 940c 0000 	JMP  0x00
00001a 940c 0000 	JMP  0x00
00001c 940c 0000 	JMP  0x00
00001e 940c 0000 	JMP  0x00
000020 940c 0000 	JMP  0x00
000022 940c 0000 	JMP  0x00
000024 940c 0000 	JMP  0x00
000026 940c 0000 	JMP  0x00
000028 940c 0000 	JMP  0x00
                 
                 _tbl10_G101:
00002a 2710
00002b 03e8
00002c 0064
00002d 000a      	.DB  0x10,0x27,0xE8,0x3,0x64,0x0,0xA,0x0
00002e 0001      	.DB  0x1,0x0
                 _tbl16_G101:
00002f 1000
000030 0100
000031 0010
000032 0001      	.DB  0x0,0x10,0x0,0x1,0x10,0x0,0x1,0x0
                 
                 _0x0:
000033 6142
000034 6168
000035 6572
000036 2068      	.DB  0x42,0x61,0x68,0x61,0x72,0x65,0x68,0x20
000037 614b
000038 6f76
000039 7375
00003a 2069      	.DB  0x4B,0x61,0x76,0x6F,0x75,0x73,0x69,0x20
00003b 656e
00003c 616a
00003d 0064      	.DB  0x6E,0x65,0x6A,0x61,0x64,0x0
                 _0x2000003:
00003e c080      	.DB  0x80,0xC0
                 
                 __GLOBAL_INI_TBL:
00003f 0016      	.DW  0x16
000040 0260      	.DW  _0xB
000041 0066      	.DW  _0x0*2
                 
000042 0016      	.DW  0x16
000043 0276      	.DW  _0xB+22
000044 0066      	.DW  _0x0*2
                 
000045 0002      	.DW  0x02
000046 028c      	.DW  __base_y_G100
000047 007c      	.DW  _0x2000003*2
                 
                 _0xFFFFFFFF:
000048 0000      	.DW  0
                 
                 __RESET:
000049 94f8      	CLI
00004a 27ee      	CLR  R30
00004b bbec      	OUT  EECR,R30
                 
                 ;INTERRUPT VECTORS ARE PLACED
                 ;AT THE START OF FLASH
00004c e0f1      	LDI  R31,1
00004d bffb      	OUT  GICR,R31
00004e bfeb      	OUT  GICR,R30
00004f bfe5      	OUT  MCUCR,R30
                 
                 ;DISABLE WATCHDOG
000050 e1f8      	LDI  R31,0x18
000051 bdf1      	OUT  WDTCR,R31
000052 bde1      	OUT  WDTCR,R30
                 
                 ;CLEAR R2-R14
000053 e08d      	LDI  R24,(14-2)+1
000054 e0a2      	LDI  R26,2
000055 27bb      	CLR  R27
                 __CLEAR_REG:
000056 93ed      	ST   X+,R30
000057 958a      	DEC  R24
000058 f7e9      	BRNE __CLEAR_REG
                 
                 ;CLEAR SRAM
000059 e080      	LDI  R24,LOW(__CLEAR_SRAM_SIZE)
00005a e098      	LDI  R25,HIGH(__CLEAR_SRAM_SIZE)
00005b e6a0      	LDI  R26,__SRAM_START
                 __CLEAR_SRAM:
00005c 93ed      	ST   X+,R30
00005d 9701      	SBIW R24,1
00005e f7e9      	BRNE __CLEAR_SRAM
                 
                 ;GLOBAL VARIABLES INITIALIZATION
00005f e7ee      	LDI  R30,LOW(__GLOBAL_INI_TBL*2)
000060 e0f0      	LDI  R31,HIGH(__GLOBAL_INI_TBL*2)
                 __GLOBAL_INI_NEXT:
000061 9185      	LPM  R24,Z+
000062 9195      	LPM  R25,Z+
000063 9700      	SBIW R24,0
000064 f061      	BREQ __GLOBAL_INI_END
000065 91a5      	LPM  R26,Z+
000066 91b5      	LPM  R27,Z+
000067 9005      	LPM  R0,Z+
000068 9015      	LPM  R1,Z+
000069 01bf      	MOVW R22,R30
00006a 01f0      	MOVW R30,R0
                 __GLOBAL_INI_LOOP:
00006b 9005      	LPM  R0,Z+
00006c 920d      	ST   X+,R0
00006d 9701      	SBIW R24,1
00006e f7e1      	BRNE __GLOBAL_INI_LOOP
00006f 01fb      	MOVW R30,R22
000070 cff0      	RJMP __GLOBAL_INI_NEXT
                 __GLOBAL_INI_END:
                 
                 ;HARDWARE STACK POINTER INITIALIZATION
000071 e5ef      	LDI  R30,LOW(__SRAM_END-__HEAP_SIZE)
000072 bfed      	OUT  SPL,R30
000073 e0e8      	LDI  R30,HIGH(__SRAM_END-__HEAP_SIZE)
000074 bfee      	OUT  SPH,R30
                 
                 ;DATA STACK POINTER INITIALIZATION
000075 e6c0      	LDI  R28,LOW(__SRAM_START+__DSTACK_SIZE)
000076 e0d2      	LDI  R29,HIGH(__SRAM_START+__DSTACK_SIZE)
                 
000077 940c 0079 	JMP  _main
                 
                 	.ESEG
                 	.ORG 0
                 
                 	.DSEG
                 	.ORG 0x260
                 
                 	.CSEG
                 ;/*****************************************************
                 ;This program was produced by the
                 ;CodeWizardAVR V2.05.3 Standard
                 ;Automatic Program Generator
                 ;© Copyright 1998-2011 Pavel Haiduc, HP InfoTech s.r.l.
                 ;http://www.hpinfotech.com
                 ;
                 ;Project :
                 ;Version :
                 ;Date    : 5/1/2024
                 ;Author  : kavousi.b99@gmail.com     Bahareh Kavousi nejad
                 ;Company : IUST
                 ;Comments:
                 ;
                 ;
                 ;Chip type               : ATmega32
                 ;Program type            : Application
                 ;AVR Core Clock frequency: 8.000000 MHz
                 ;Memory model            : Small
                 ;External RAM size       : 0
                 ;Data Stack size         : 512
                 ;*****************************************************/
                 ;/*
                 ;Bahareh Kavousi nejad
                 ;*/
                 ;#include <mega32.h>
                 	#ifndef __SLEEP_DEFINED__
                 	#define __SLEEP_DEFINED__
                 	.EQU __se_bit=0x80
                 	.EQU __sm_mask=0x70
                 	.EQU __sm_powerdown=0x20
                 	.EQU __sm_powersave=0x30
                 	.EQU __sm_standby=0x60
                 	.EQU __sm_ext_standby=0x70
                 	.EQU __sm_adc_noise_red=0x10
                 	.SET power_ctrl_reg=mcucr
                 	#endif
                 ;
                 ;// Alphanumeric LCD functions
                 ;#include <alcd.h>
                 ;
                 ;// Standard Input/Output functions
                 ;#include <stdio.h>
                 ;
                 ;// Declare your global variables here
                 ;void usart_send_string(char *str);
                 ;unsigned char i;
                 ;int x;
                 ;
                 ;void main(void) {
                 ; 0000 0027 void main(void) {
                 
                 	.CSEG
                 _main:
                 ; 0000 0028     unsigned char a;
                 ; 0000 0029 
                 ; 0000 002A     // Input/Output Ports initialization
                 ; 0000 002B     // Port A initialization
                 ; 0000 002C     // Function: Bit7=In Bit6=In Bit5=In Bit4=In Bit3=In Bit2=In Bit1=In Bit0=In
                 ; 0000 002D     DDRA=(0<<DDA7) | (0<<DDA6) | (0<<DDA5) | (0<<DDA4) | (0<<DDA3) | (0<<DDA2) | (0<<DDA1) | (0<<DDA0);
                 ;	a -> R17
000079 e0e0      	LDI  R30,LOW(0)
00007a bbea      	OUT  0x1A,R30
                 ; 0000 002E     // State: Bit7=T Bit6=T Bit5=T Bit4=T Bit3=T Bit2=T Bit1=T Bit0=T
                 ; 0000 002F     PORTA=(0<<PORTA7) | (0<<PORTA6) | (0<<PORTA5) | (0<<PORTA4) | (0<<PORTA3) | (0<<PORTA2) | (0<<PORTA1) | (0<<PORTA0);
00007b bbeb      	OUT  0x1B,R30
                 ; 0000 0030 
                 ; 0000 0031     // Port B initialization
                 ; 0000 0032     // Function: Bit7=In Bit6=In Bit5=In Bit4=In Bit3=In Bit2=In Bit1=In Bit0=In
                 ; 0000 0033     DDRB=(0<<DDB7) | (0<<DDB6) | (0<<DDB5) | (0<<DDB4) | (0<<DDB3) | (0<<DDB2) | (0<<DDB1) | (0<<DDB0);
00007c bbe7      	OUT  0x17,R30
                 ; 0000 0034     // State: Bit7=T Bit6=T Bit5=T Bit4=T Bit3=T Bit2=T Bit1=T Bit0=T
                 ; 0000 0035     PORTB=(0<<PORTB7) | (0<<PORTB6) | (0<<PORTB5) | (0<<PORTB4) | (0<<PORTB3) | (0<<PORTB2) | (0<<PORTB1) | (0<<PORTB0);
00007d bbe8      	OUT  0x18,R30
                 ; 0000 0036 
                 ; 0000 0037     // Port C initialization
                 ; 0000 0038     // Function: Bit7=Out Bit6=Out Bit5=Out Bit4=Out Bit3=Out Bit2=Out Bit1=Out Bit0=Out
                 ; 0000 0039     DDRC=(1<<DDC7) | (1<<DDC6) | (1<<DDC5) | (1<<DDC4) | (1<<DDC3) | (1<<DDC2) | (1<<DDC1) | (1<<DDC0);
00007e efef      	LDI  R30,LOW(255)
00007f bbe4      	OUT  0x14,R30
                 ; 0000 003A     // State: Bit7=0 Bit6=0 Bit5=0 Bit4=0 Bit3=0 Bit2=0 Bit1=0 Bit0=0
                 ; 0000 003B     PORTC=(0<<PORTC7) | (0<<PORTC6) | (0<<PORTC5) | (0<<PORTC4) | (0<<PORTC3) | (0<<PORTC2) | (0<<PORTC1) | (0<<PORTC0);
000080 e0e0      	LDI  R30,LOW(0)
000081 bbe5      	OUT  0x15,R30
                 ; 0000 003C 
                 ; 0000 003D     // Port D initialization
                 ; 0000 003E     // Function: Bit7=In Bit6=In Bit5=In Bit4=In Bit3=In Bit2=In Bit1=In Bit0=In
                 ; 0000 003F     DDRD=(0<<DDD7) | (0<<DDD6) | (0<<DDD5) | (0<<DDD4) | (0<<DDD3) | (0<<DDD2) | (0<<DDD1) | (0<<DDD0);
000082 bbe1      	OUT  0x11,R30
                 ; 0000 0040     // State: Bit7=T Bit6=T Bit5=T Bit4=T Bit3=T Bit2=T Bit1=T Bit0=T
                 ; 0000 0041     PORTD=(0<<PORTD7) | (0<<PORTD6) | (0<<PORTD5) | (0<<PORTD4) | (0<<PORTD3) | (0<<PORTD2) | (0<<PORTD1) | (0<<PORTD0);
000083 bbe2      	OUT  0x12,R30
                 ; 0000 0042 
                 ; 0000 0043     // USART initialization
                 ; 0000 0044     // Communication Parameters: 8 Data, 1 Stop, No Parity
                 ; 0000 0045     // USART Receiver: On
                 ; 0000 0046     // USART Transmitter: On
                 ; 0000 0047     // USART Mode: Asynchronous
                 ; 0000 0048     // USART Baud Rate: 9600
                 ; 0000 0049     UCSRA=0x00;
000084 b9eb      	OUT  0xB,R30
                 ; 0000 004A     UCSRB=0x18;
000085 e1e8      	LDI  R30,LOW(24)
000086 b9ea      	OUT  0xA,R30
                 ; 0000 004B     UCSRC=0x86;
000087 e8e6      	LDI  R30,LOW(134)
000088 bde0      	OUT  0x20,R30
                 ; 0000 004C     UBRRH=0x00;
000089 e0e0      	LDI  R30,LOW(0)
00008a bde0      	OUT  0x20,R30
                 ; 0000 004D     UBRRL=0x33;
00008b e3e3      	LDI  R30,LOW(51)
00008c b9e9      	OUT  0x9,R30
                 ; 0000 004E 
                 ; 0000 004F     // Alphanumeric LCD initialization
                 ; 0000 0050     // Connections are specified in the
                 ; 0000 0051     // Project|Configure|C Compiler|Libraries|Alphanumeric LCD menu:
                 ; 0000 0052     // RS - PORTC Bit 0
                 ; 0000 0053     // RD - PORTC Bit 1
                 ; 0000 0054     // EN - PORTC Bit 2
                 ; 0000 0055     // D4 - PORTC Bit 4
                 ; 0000 0056     // D5 - PORTC Bit 5
                 ; 0000 0057     // D6 - PORTC Bit 6
                 ; 0000 0058     // D7 - PORTC Bit 7
                 ; 0000 0059     // Characters/line: 16
                 ; 0000 005A 
                 ; 0000 005B     lcd_init(16);
00008d e1a0      	LDI  R26,LOW(16)
00008e d0b2      	RCALL _lcd_init
                 ; 0000 005C     lcd_clear();
00008f d07d      	RCALL _lcd_clear
                 ; 0000 005D 
                 ; 0000 005E     while(1) {
                 _0x3:
                 ; 0000 005F         a = getchar();
000090 940e 016f 	CALL _getchar
000092 2f1e      	MOV  R17,R30
                 ; 0000 0060         lcd_putchar(a);
000093 2fa1      	MOV  R26,R17
000094 d084      	RCALL _lcd_putchar
                 ; 0000 0061         putchar(a);
000095 2fa1      	MOV  R26,R17
000096 940e 0173 	CALL _putchar
                 ; 0000 0062         switch (a) {
000098 2fe1      	MOV  R30,R17
000099 e0f0      	LDI  R31,0
                 ; 0000 0063             case 'C':
00009a 34e3      	CPI  R30,LOW(0x43)
00009b e0a0      	LDI  R26,HIGH(0x43)
00009c 07fa      	CPC  R31,R26
00009d f411      	BRNE _0x9
                 ; 0000 0064                 lcd_clear();
00009e d06e      	RCALL _lcd_clear
                 ; 0000 0065                 break;
00009f c026      	RJMP _0x8
                 ; 0000 0066             case 'N':
                 _0x9:
0000a0 34ee      	CPI  R30,LOW(0x4E)
0000a1 e0a0      	LDI  R26,HIGH(0x4E)
0000a2 07fa      	CPC  R31,R26
0000a3 f441      	BRNE _0xA
                 ; 0000 0067                 putchar(0x0D);
0000a4 940e 017a 	CALL SUBOPT_0x0
                 ; 0000 0068                 putchar(0x0A);
                 ; 0000 0069                 usart_send_string("Bahareh Kavousi nejad");
                +
0000a6 e6a0     +LDI R26 , LOW ( _0xB + ( 0 ) )
0000a7 e0b2     +LDI R27 , HIGH ( _0xB + ( 0 ) )
                 	__POINTW2MN _0xB,0
0000a8 d01f      	RCALL _usart_send_string
                 ; 0000 006A                 putchar(0x0D);
0000a9 940e 017a 	CALL SUBOPT_0x0
                 ; 0000 006B                 putchar(0x0A);
                 ; 0000 006C                 break;
0000ab c01a      	RJMP _0x8
                 ; 0000 006D             case 'c':
                 _0xA:
0000ac 36e3      	CPI  R30,LOW(0x63)
0000ad e0a0      	LDI  R26,HIGH(0x63)
0000ae 07fa      	CPC  R31,R26
0000af f471      	BRNE _0xC
                 ; 0000 006E                 x = 0;
0000b0 2466      	CLR  R6
0000b1 2477      	CLR  R7
                 ; 0000 006F                 while (x < 24) {
                 _0xD:
0000b2 e1e8      	LDI  R30,LOW(24)
0000b3 e0f0      	LDI  R31,HIGH(24)
0000b4 166e      	CP   R6,R30
0000b5 067f      	CPC  R7,R31
0000b6 f434      	BRGE _0xF
                 ; 0000 0070                     putchar(0x0D); // CR
0000b7 940e 017a 	CALL SUBOPT_0x0
                 ; 0000 0071                     putchar(0x0A);
                 ; 0000 0072                     x += 1;
0000b9 01f3      	MOVW R30,R6
0000ba 9631      	ADIW R30,1
0000bb 013f      	MOVW R6,R30
                 ; 0000 0073                 }
0000bc cff5      	RJMP _0xD
                 _0xF:
                 ; 0000 0074                 break;
0000bd c008      	RJMP _0x8
                 ; 0000 0075             case 'M':
                 _0xC:
0000be 34ed      	CPI  R30,LOW(0x4D)
0000bf e0a0      	LDI  R26,HIGH(0x4D)
0000c0 07fa      	CPC  R31,R26
0000c1 f421      	BRNE _0x8
                 ; 0000 0076                 lcd_clear();
0000c2 d04a      	RCALL _lcd_clear
                 ; 0000 0077                 lcd_puts("Bahareh Kavousi nejad");
                +
0000c3 e7a6     +LDI R26 , LOW ( _0xB + ( 22 ) )
0000c4 e0b2     +LDI R27 , HIGH ( _0xB + ( 22 ) )
                 	__POINTW2MN _0xB,22
0000c5 d06a      	RCALL _lcd_puts
                 ; 0000 0078                 break;
                 ; 0000 0079         }
                 _0x8:
                 ; 0000 007A     }
0000c6 cfc9      	RJMP _0x3
                 ; 0000 007B }
                 _0x11:
0000c7 cfff      	RJMP _0x11
                 
                 	.DSEG
                 _0xB:
000260           	.BYTE 0x2C
                 ;
                 ;void usart_send_string(char *str) {
                 ; 0000 007D void usart_send_string(char *str) {
                 
                 	.CSEG
                 _usart_send_string:
                 ; 0000 007E     for(i=0;str[i];i++)
0000c8 93ba      	ST   -Y,R27
0000c9 93aa      	ST   -Y,R26
                 ;	*str -> Y+0
0000ca 2455      	CLR  R5
                 _0x13:
0000cb 81a8      	LD   R26,Y
0000cc 81b9      	LDD  R27,Y+1
0000cd 27ee      	CLR  R30
0000ce 0da5      	ADD  R26,R5
0000cf 1fbe      	ADC  R27,R30
0000d0 91ec      	LD   R30,X
0000d1 30e0      	CPI  R30,0
0000d2 f051      	BREQ _0x14
                 ; 0000 007F         putchar(str[i]);
0000d3 81a8      	LD   R26,Y
0000d4 81b9      	LDD  R27,Y+1
0000d5 27ee      	CLR  R30
0000d6 0da5      	ADD  R26,R5
0000d7 1fbe      	ADC  R27,R30
0000d8 91ac      	LD   R26,X
0000d9 940e 0173 	CALL _putchar
0000db 9453      	INC  R5
0000dc cfee      	RJMP _0x13
                 _0x14:
                 ; 0000 0080 }
0000dd c02d      	RJMP _0x2080002
                 	#ifndef __SLEEP_DEFINED__
                 	#endif
                 
                 	.DSEG
                 
                 	.CSEG
                 __lcd_write_nibble_G100:
0000de 93aa      	ST   -Y,R26
0000df b3e5      	IN   R30,0x15
0000e0 70ef      	ANDI R30,LOW(0xF)
0000e1 2fae      	MOV  R26,R30
0000e2 81e8      	LD   R30,Y
0000e3 7fe0      	ANDI R30,LOW(0xF0)
0000e4 2bea      	OR   R30,R26
0000e5 bbe5      	OUT  0x15,R30
                +
0000e6 e085     +LDI R24 , LOW ( 5 )
                +__DELAY_USB_LOOP :
0000e7 958a     +DEC R24
0000e8 f7f1     +BRNE __DELAY_USB_LOOP
                 	__DELAY_USB 5
0000e9 9aaa      	SBI  0x15,2
                +
0000ea e08d     +LDI R24 , LOW ( 13 )
                +__DELAY_USB_LOOP :
0000eb 958a     +DEC R24
0000ec f7f1     +BRNE __DELAY_USB_LOOP
                 	__DELAY_USB 13
0000ed 98aa      	CBI  0x15,2
                +
0000ee e08d     +LDI R24 , LOW ( 13 )
                +__DELAY_USB_LOOP :
0000ef 958a     +DEC R24
0000f0 f7f1     +BRNE __DELAY_USB_LOOP
                 	__DELAY_USB 13
0000f1 940c 0178 	JMP  _0x2080001
                 __lcd_write_data:
0000f3 93aa      	ST   -Y,R26
0000f4 81a8      	LD   R26,Y
0000f5 dfe8      	RCALL __lcd_write_nibble_G100
0000f6 81e8          ld    r30,y
0000f7 95e2          swap  r30
0000f8 83e8          st    y,r30
0000f9 81a8      	LD   R26,Y
0000fa dfe3      	RCALL __lcd_write_nibble_G100
                +
0000fb e885     +LDI R24 , LOW ( 133 )
                +__DELAY_USB_LOOP :
0000fc 958a     +DEC R24
0000fd f7f1     +BRNE __DELAY_USB_LOOP
                 	__DELAY_USB 133
0000fe 940c 0178 	JMP  _0x2080001
                 _lcd_gotoxy:
000100 93aa      	ST   -Y,R26
000101 81e8      	LD   R30,Y
000102 e0f0      	LDI  R31,0
000103 57e4      	SUBI R30,LOW(-__base_y_G100)
000104 4ffd      	SBCI R31,HIGH(-__base_y_G100)
000105 81e0      	LD   R30,Z
000106 81a9      	LDD  R26,Y+1
000107 0fae      	ADD  R26,R30
000108 dfea      	RCALL __lcd_write_data
000109 8049      	LDD  R4,Y+1
00010a 8098      	LDD  R9,Y+0
                 _0x2080002:
00010b 9622      	ADIW R28,2
00010c 9508      	RET
                 _lcd_clear:
00010d e0a2      	LDI  R26,LOW(2)
00010e 940e 0180 	CALL SUBOPT_0x1
000110 e0ac      	LDI  R26,LOW(12)
000111 dfe1      	RCALL __lcd_write_data
000112 e0a1      	LDI  R26,LOW(1)
000113 940e 0180 	CALL SUBOPT_0x1
000115 e0e0      	LDI  R30,LOW(0)
000116 2e9e      	MOV  R9,R30
000117 2e4e      	MOV  R4,R30
000118 9508      	RET
                 _lcd_putchar:
000119 93aa      	ST   -Y,R26
00011a 81a8      	LD   R26,Y
00011b 30aa      	CPI  R26,LOW(0xA)
00011c f011      	BREQ _0x2000005
00011d 1448      	CP   R4,R8
00011e f050      	BRLO _0x2000004
                 _0x2000005:
00011f e0e0      	LDI  R30,LOW(0)
000120 93ea      	ST   -Y,R30
000121 9493      	INC  R9
000122 2da9      	MOV  R26,R9
000123 dfdc      	RCALL _lcd_gotoxy
000124 81a8      	LD   R26,Y
000125 30aa      	CPI  R26,LOW(0xA)
000126 f411      	BRNE _0x2000007
000127 940c 0178 	JMP  _0x2080001
                 _0x2000007:
                 _0x2000004:
000129 9443      	INC  R4
00012a 9aa8      	SBI  0x15,0
00012b 81a8      	LD   R26,Y
00012c dfc6      	RCALL __lcd_write_data
00012d 98a8      	CBI  0x15,0
00012e 940c 0178 	JMP  _0x2080001
                 _lcd_puts:
000130 93ba      	ST   -Y,R27
000131 93aa      	ST   -Y,R26
000132 931a      	ST   -Y,R17
                 _0x2000008:
000133 81a9      	LDD  R26,Y+1
000134 81ba      	LDD  R27,Y+1+1
000135 91ed      	LD   R30,X+
000136 83a9      	STD  Y+1,R26
000137 83ba      	STD  Y+1+1,R27
000138 2f1e      	MOV  R17,R30
000139 30e0      	CPI  R30,0
00013a f019      	BREQ _0x200000A
00013b 2fa1      	MOV  R26,R17
00013c dfdc      	RCALL _lcd_putchar
00013d cff5      	RJMP _0x2000008
                 _0x200000A:
00013e 8118      	LDD  R17,Y+0
00013f 9623      	ADIW R28,3
000140 9508      	RET
                 _lcd_init:
000141 93aa      	ST   -Y,R26
000142 b3e4      	IN   R30,0x14
000143 6fe0      	ORI  R30,LOW(0xF0)
000144 bbe4      	OUT  0x14,R30
000145 9aa2      	SBI  0x14,2
000146 9aa0      	SBI  0x14,0
000147 9aa1      	SBI  0x14,1
000148 98aa      	CBI  0x15,2
000149 98a8      	CBI  0x15,0
00014a 98a9      	CBI  0x15,1
00014b 8088      	LDD  R8,Y+0
00014c 81e8      	LD   R30,Y
00014d 58e0      	SUBI R30,-LOW(128)
                +
00014e 93e0 028e+STS __base_y_G100 + ( 2 ) , R30
                 	__PUTB1MN __base_y_G100,2
000150 81e8      	LD   R30,Y
000151 54e0      	SUBI R30,-LOW(192)
                +
000152 93e0 028f+STS __base_y_G100 + ( 3 ) , R30
                 	__PUTB1MN __base_y_G100,3
000154 e1a4      	LDI  R26,LOW(20)
000155 e0b0      	LDI  R27,0
000156 940e 018e 	CALL _delay_ms
000158 940e 0186 	CALL SUBOPT_0x2
00015a 940e 0186 	CALL SUBOPT_0x2
00015c 940e 0186 	CALL SUBOPT_0x2
00015e e2a0      	LDI  R26,LOW(32)
00015f df7e      	RCALL __lcd_write_nibble_G100
                +
000160 ec88     +LDI R24 , LOW ( 200 )
000161 e090     +LDI R25 , HIGH ( 200 )
                +__DELAY_USW_LOOP :
000162 9701     +SBIW R24 , 1
000163 f7f1     +BRNE __DELAY_USW_LOOP
                 	__DELAY_USW 200
000164 e2a8      	LDI  R26,LOW(40)
000165 df8d      	RCALL __lcd_write_data
000166 e0a4      	LDI  R26,LOW(4)
000167 df8b      	RCALL __lcd_write_data
000168 e8a5      	LDI  R26,LOW(133)
000169 df89      	RCALL __lcd_write_data
00016a e0a6      	LDI  R26,LOW(6)
00016b df87      	RCALL __lcd_write_data
00016c dfa0      	RCALL _lcd_clear
00016d 940c 0178 	JMP  _0x2080001
                 	#ifndef __SLEEP_DEFINED__
                 	#endif
                 
                 	.CSEG
                 _getchar:
                 getchar0:
00016f 9b5f           sbis usr,rxc
000170 cffe           rjmp getchar0
000171 b1ec           in   r30,udr
000172 9508      	RET
                 _putchar:
000173 93aa      	ST   -Y,R26
                 putchar0:
000174 9b5d           sbis usr,udre
000175 cffe           rjmp putchar0
000176 81e8           ld   r30,y
000177 b9ec           out  udr,r30
                 _0x2080001:
000178 9621      	ADIW R28,1
000179 9508      	RET
                 
                 	.CSEG
                 
                 	.CSEG
                 
                 	.DSEG
                 __base_y_G100:
00028c           	.BYTE 0x4
                 
                 	.CSEG
                 ;OPTIMIZER ADDED SUBROUTINE, CALLED 3 TIMES, CODE SIZE REDUCTION:5 WORDS
                 SUBOPT_0x0:
00017a e0ad      	LDI  R26,LOW(13)
00017b 940e 0173 	CALL _putchar
00017d e0aa      	LDI  R26,LOW(10)
00017e 940c 0173 	JMP  _putchar
                 
                 ;OPTIMIZER ADDED SUBROUTINE, CALLED 2 TIMES, CODE SIZE REDUCTION:3 WORDS
                 SUBOPT_0x1:
000180 940e 00f3 	CALL __lcd_write_data
000182 e0a3      	LDI  R26,LOW(3)
000183 e0b0      	LDI  R27,0
000184 940c 018e 	JMP  _delay_ms
                 
                 ;OPTIMIZER ADDED SUBROUTINE, CALLED 3 TIMES, CODE SIZE REDUCTION:7 WORDS
                 SUBOPT_0x2:
000186 e3a0      	LDI  R26,LOW(48)
000187 940e 00de 	CALL __lcd_write_nibble_G100
                +
000189 ec88     +LDI R24 , LOW ( 200 )
00018a e090     +LDI R25 , HIGH ( 200 )
                +__DELAY_USW_LOOP :
00018b 9701     +SBIW R24 , 1
00018c f7f1     +BRNE __DELAY_USW_LOOP
                 	__DELAY_USW 200
00018d 9508      	RET
                 
                 
                 	.CSEG
                 _delay_ms:
00018e 9610      	adiw r26,0
00018f f039      	breq __delay_ms1
                 __delay_ms0:
                +
000190 ed80     +LDI R24 , LOW ( 0x7D0 )
000191 e097     +LDI R25 , HIGH ( 0x7D0 )
                +__DELAY_USW_LOOP :
000192 9701     +SBIW R24 , 1
000193 f7f1     +BRNE __DELAY_USW_LOOP
                 	__DELAY_USW 0x7D0
000194 95a8      	wdr
000195 9711      	sbiw r26,1
000196 f7c9      	brne __delay_ms0
                 __delay_ms1:
000197 9508      	ret
                 
                 ;END OF CODE MARKER
                 __END_OF_CODE:


RESOURCE USE INFORMATION
------------------------

Notice:
The register and instruction counts are symbol table hit counts,
and hence implicitly used resources are not counted, eg, the
'lpm' instruction without operands implicitly uses r0 and z,
none of which are counted.

x,y,z are separate entities in the symbol table and are
counted separately from r26..r31 here.

.dseg memory usage only counts static data declared with .byte

ATmega32 register use summary:
r0 :   4 r1 :   1 r2 :   0 r3 :   0 r4 :   4 r5 :   4 r6 :   4 r7 :   2 
r8 :   2 r9 :   4 r10:   0 r11:   0 r12:   0 r13:   0 r14:   0 r15:   0 
r16:   0 r17:   8 r18:   0 r19:   0 r20:   0 r21:   0 r22:   2 r23:   0 
r24:  21 r25:   5 r26:  59 r27:  14 r28:   4 r29:   1 r30:  86 r31:  14 
x  :   6 y  :  37 z  :   8 
Registers used: 21 out of 35 (60.0%)

ATmega32 instruction use summary:
.lds  :   0 .lds.l:   0 .sts  :   0 .sts.l:   0 adc   :   2 add   :   3 
adiw  :   5 and   :   0 andi  :   2 asr   :   0 bclr  :   0 bld   :   0 
brbc  :   0 brbs  :   0 brcc  :   0 brcs  :   0 break :   0 breq  :   5 
brge  :   1 brhc  :   0 brhs  :   0 brid  :   0 brie  :   0 brlo  :   1 
brlt  :   0 brmi  :   0 brne  :  16 brpl  :   0 brsh  :   0 brtc  :   0 
brts  :   0 brvc  :   0 brvs  :   0 bset  :   0 bst   :   0 call  :  15 
cbi   :   5 cbr   :   0 clc   :   0 clh   :   0 cli   :   1 cln   :   0 
clr   :   7 cls   :   0 clt   :   0 clv   :   0 clz   :   0 com   :   0 
cp    :   2 cpc   :   5 cpi   :   8 cpse  :   0 dec   :   5 des   :   0 
eor   :   0 fmul  :   0 fmuls :   0 fmulsu:   0 icall :   0 ijmp  :   0 
in    :   3 inc   :   3 jmp   :  29 ld    :  17 ldd   :   9 ldi   :  60 
lds   :   0 lpm   :   7 lsl   :   0 lsr   :   0 mov   :  10 movw  :   5 
mul   :   0 muls  :   0 mulsu :   0 neg   :   0 nop   :   0 or    :   1 
ori   :   1 out   :  24 pop   :   0 push  :   0 rcall :  20 ret   :   7 
reti  :   0 rjmp  :  12 rol   :   0 ror   :   0 sbc   :   0 sbci  :   1 
sbi   :   5 sbic  :   0 sbis  :   2 sbiw  :   7 sbr   :   0 sbrc  :   0 
sbrs  :   0 sec   :   0 seh   :   0 sei   :   0 sen   :   0 ser   :   0 
ses   :   0 set   :   0 sev   :   0 sez   :   0 sleep :   0 spm   :   0 
st    :  16 std   :   2 sts   :   2 sub   :   0 subi  :   3 swap  :   1 
tst   :   0 wdr   :   1 
Instructions used: 41 out of 116 (35.3%)

ATmega32 memory use summary [bytes]:
Segment   Begin    End      Code   Data   Used    Size   Use%
---------------------------------------------------------------
[.cseg] 0x000000 0x000330    754     62    816   32768   2.5%
[.dseg] 0x000060 0x000290      0     48     48    2143   2.2%
[.eseg] 0x000000 0x000000      0      0      0    1024   0.0%

Assembly complete, 0 errors, 5 warnings
