
AVRASM ver. 2.1.30  C:\Users\kavou\Desktop\CodeVisionAVR Projects\MP_Bahareh Kavousi nejad_99431217_4_NEW\List\MyProj2.asm Tue Mar 12 23:01:25 2024

C:\Users\kavou\Desktop\CodeVisionAVR Projects\MP_Bahareh Kavousi nejad_99431217_4_NEW\List\MyProj2.asm(1072): warning: Register r4 already defined by the .DEF directive
C:\Users\kavou\Desktop\CodeVisionAVR Projects\MP_Bahareh Kavousi nejad_99431217_4_NEW\List\MyProj2.asm(1073): warning: Register r6 already defined by the .DEF directive
C:\Users\kavou\Desktop\CodeVisionAVR Projects\MP_Bahareh Kavousi nejad_99431217_4_NEW\List\MyProj2.asm(1074): warning: Register r8 already defined by the .DEF directive
C:\Users\kavou\Desktop\CodeVisionAVR Projects\MP_Bahareh Kavousi nejad_99431217_4_NEW\List\MyProj2.asm(1075): warning: Register r10 already defined by the .DEF directive
C:\Users\kavou\Desktop\CodeVisionAVR Projects\MP_Bahareh Kavousi nejad_99431217_4_NEW\List\MyProj2.asm(1076): warning: Register r12 already defined by the .DEF directive
                 
                 
                 ;CodeVisionAVR C Compiler V2.05.3 Standard
                 ;(C) Copyright 1998-2011 Pavel Haiduc, HP InfoTech s.r.l.
                 ;http://www.hpinfotech.com
                 
                 ;Chip type                : ATmega32
                 ;Program type             : Application
                 ;Clock frequency          : 8.000000 MHz
                 ;Memory model             : Small
                 ;Optimize for             : Size
                 ;(s)printf features       : int, width
                 ;(s)scanf features        : int, width
                 ;External RAM size        : 0
                 ;Data Stack size          : 512 byte(s)
                 ;Heap size                : 0 byte(s)
                 ;Promote 'char' to 'int'  : Yes
                 ;'char' is unsigned       : Yes
                 ;8 bit enums              : Yes
                 ;Global 'const' stored in FLASH     : No
                 ;Enhanced function parameter passing: Yes
                 ;Enhanced core instructions         : On
                 ;Smart register allocation          : On
                 ;Automatic register allocation      : On
                 
                 	#pragma AVRPART ADMIN PART_NAME ATmega32
                 	#pragma AVRPART MEMORY PROG_FLASH 32768
                 	#pragma AVRPART MEMORY EEPROM 1024
                 	#pragma AVRPART MEMORY INT_SRAM SIZE 2143
                 	#pragma AVRPART MEMORY INT_SRAM START_ADDR 0x60
                 
                 	#define CALL_SUPPORTED 1
                 
                 	.LISTMAC
                 	.EQU UDRE=0x5
                 	.EQU RXC=0x7
                 	.EQU USR=0xB
                 	.EQU UDR=0xC
                 	.EQU SPSR=0xE
                 	.EQU SPDR=0xF
                 	.EQU EERE=0x0
                 	.EQU EEWE=0x1
                 	.EQU EEMWE=0x2
                 	.EQU EECR=0x1C
                 	.EQU EEDR=0x1D
                 	.EQU EEARL=0x1E
                 	.EQU EEARH=0x1F
                 	.EQU WDTCR=0x21
                 	.EQU MCUCR=0x35
                 	.EQU GICR=0x3B
                 	.EQU SPL=0x3D
                 	.EQU SPH=0x3E
                 	.EQU SREG=0x3F
                 
                 	.DEF R0X0=R0
                 	.DEF R0X1=R1
                 	.DEF R0X2=R2
                 	.DEF R0X3=R3
                 	.DEF R0X4=R4
                 	.DEF R0X5=R5
                 	.DEF R0X6=R6
                 	.DEF R0X7=R7
                 	.DEF R0X8=R8
                 	.DEF R0X9=R9
                 	.DEF R0XA=R10
                 	.DEF R0XB=R11
                 	.DEF R0XC=R12
                 	.DEF R0XD=R13
                 	.DEF R0XE=R14
                 	.DEF R0XF=R15
                 	.DEF R0X10=R16
                 	.DEF R0X11=R17
                 	.DEF R0X12=R18
                 	.DEF R0X13=R19
                 	.DEF R0X14=R20
                 	.DEF R0X15=R21
                 	.DEF R0X16=R22
                 	.DEF R0X17=R23
                 	.DEF R0X18=R24
                 	.DEF R0X19=R25
                 	.DEF R0X1A=R26
                 	.DEF R0X1B=R27
                 	.DEF R0X1C=R28
                 	.DEF R0X1D=R29
                 	.DEF R0X1E=R30
                 	.DEF R0X1F=R31
                 
                 	.EQU __SRAM_START=0x0060
                 	.EQU __SRAM_END=0x085F
                 	.EQU __DSTACK_SIZE=0x0200
                 	.EQU __HEAP_SIZE=0x0000
                 	.EQU __CLEAR_SRAM_SIZE=__SRAM_END-__SRAM_START+1
                 
                 	.MACRO __CPD1N
                 	CPI  R30,LOW(@0)
                 	LDI  R26,HIGH(@0)
                 	CPC  R31,R26
                 	LDI  R26,BYTE3(@0)
                 	CPC  R22,R26
                 	LDI  R26,BYTE4(@0)
                 	CPC  R23,R26
                 	.ENDM
                 
                 	.MACRO __CPD2N
                 	CPI  R26,LOW(@0)
                 	LDI  R30,HIGH(@0)
                 	CPC  R27,R30
                 	LDI  R30,BYTE3(@0)
                 	CPC  R24,R30
                 	LDI  R30,BYTE4(@0)
                 	CPC  R25,R30
                 	.ENDM
                 
                 	.MACRO __CPWRR
                 	CP   R@0,R@2
                 	CPC  R@1,R@3
                 	.ENDM
                 
                 	.MACRO __CPWRN
                 	CPI  R@0,LOW(@2)
                 	LDI  R30,HIGH(@2)
                 	CPC  R@1,R30
                 	.ENDM
                 
                 	.MACRO __ADDB1MN
                 	SUBI R30,LOW(-@0-(@1))
                 	.ENDM
                 
                 	.MACRO __ADDB2MN
                 	SUBI R26,LOW(-@0-(@1))
                 	.ENDM
                 
                 	.MACRO __ADDW1MN
                 	SUBI R30,LOW(-@0-(@1))
                 	SBCI R31,HIGH(-@0-(@1))
                 	.ENDM
                 
                 	.MACRO __ADDW2MN
                 	SUBI R26,LOW(-@0-(@1))
                 	SBCI R27,HIGH(-@0-(@1))
                 	.ENDM
                 
                 	.MACRO __ADDW1FN
                 	SUBI R30,LOW(-2*@0-(@1))
                 	SBCI R31,HIGH(-2*@0-(@1))
                 	.ENDM
                 
                 	.MACRO __ADDD1FN
                 	SUBI R30,LOW(-2*@0-(@1))
                 	SBCI R31,HIGH(-2*@0-(@1))
                 	SBCI R22,BYTE3(-2*@0-(@1))
                 	.ENDM
                 
                 	.MACRO __ADDD1N
                 	SUBI R30,LOW(-@0)
                 	SBCI R31,HIGH(-@0)
                 	SBCI R22,BYTE3(-@0)
                 	SBCI R23,BYTE4(-@0)
                 	.ENDM
                 
                 	.MACRO __ADDD2N
                 	SUBI R26,LOW(-@0)
                 	SBCI R27,HIGH(-@0)
                 	SBCI R24,BYTE3(-@0)
                 	SBCI R25,BYTE4(-@0)
                 	.ENDM
                 
                 	.MACRO __SUBD1N
                 	SUBI R30,LOW(@0)
                 	SBCI R31,HIGH(@0)
                 	SBCI R22,BYTE3(@0)
                 	SBCI R23,BYTE4(@0)
                 	.ENDM
                 
                 	.MACRO __SUBD2N
                 	SUBI R26,LOW(@0)
                 	SBCI R27,HIGH(@0)
                 	SBCI R24,BYTE3(@0)
                 	SBCI R25,BYTE4(@0)
                 	.ENDM
                 
                 	.MACRO __ANDBMNN
                 	LDS  R30,@0+(@1)
                 	ANDI R30,LOW(@2)
                 	STS  @0+(@1),R30
                 	.ENDM
                 
                 	.MACRO __ANDWMNN
                 	LDS  R30,@0+(@1)
                 	ANDI R30,LOW(@2)
                 	STS  @0+(@1),R30
                 	LDS  R30,@0+(@1)+1
                 	ANDI R30,HIGH(@2)
                 	STS  @0+(@1)+1,R30
                 	.ENDM
                 
                 	.MACRO __ANDD1N
                 	ANDI R30,LOW(@0)
                 	ANDI R31,HIGH(@0)
                 	ANDI R22,BYTE3(@0)
                 	ANDI R23,BYTE4(@0)
                 	.ENDM
                 
                 	.MACRO __ANDD2N
                 	ANDI R26,LOW(@0)
                 	ANDI R27,HIGH(@0)
                 	ANDI R24,BYTE3(@0)
                 	ANDI R25,BYTE4(@0)
                 	.ENDM
                 
                 	.MACRO __ORBMNN
                 	LDS  R30,@0+(@1)
                 	ORI  R30,LOW(@2)
                 	STS  @0+(@1),R30
                 	.ENDM
                 
                 	.MACRO __ORWMNN
                 	LDS  R30,@0+(@1)
                 	ORI  R30,LOW(@2)
                 	STS  @0+(@1),R30
                 	LDS  R30,@0+(@1)+1
                 	ORI  R30,HIGH(@2)
                 	STS  @0+(@1)+1,R30
                 	.ENDM
                 
                 	.MACRO __ORD1N
                 	ORI  R30,LOW(@0)
                 	ORI  R31,HIGH(@0)
                 	ORI  R22,BYTE3(@0)
                 	ORI  R23,BYTE4(@0)
                 	.ENDM
                 
                 	.MACRO __ORD2N
                 	ORI  R26,LOW(@0)
                 	ORI  R27,HIGH(@0)
                 	ORI  R24,BYTE3(@0)
                 	ORI  R25,BYTE4(@0)
                 	.ENDM
                 
                 	.MACRO __DELAY_USB
                 	LDI  R24,LOW(@0)
                 __DELAY_USB_LOOP:
                 	DEC  R24
                 	BRNE __DELAY_USB_LOOP
                 	.ENDM
                 
                 	.MACRO __DELAY_USW
                 	LDI  R24,LOW(@0)
                 	LDI  R25,HIGH(@0)
                 __DELAY_USW_LOOP:
                 	SBIW R24,1
                 	BRNE __DELAY_USW_LOOP
                 	.ENDM
                 
                 	.MACRO __GETD1S
                 	LDD  R30,Y+@0
                 	LDD  R31,Y+@0+1
                 	LDD  R22,Y+@0+2
                 	LDD  R23,Y+@0+3
                 	.ENDM
                 
                 	.MACRO __GETD2S
                 	LDD  R26,Y+@0
                 	LDD  R27,Y+@0+1
                 	LDD  R24,Y+@0+2
                 	LDD  R25,Y+@0+3
                 	.ENDM
                 
                 	.MACRO __PUTD1S
                 	STD  Y+@0,R30
                 	STD  Y+@0+1,R31
                 	STD  Y+@0+2,R22
                 	STD  Y+@0+3,R23
                 	.ENDM
                 
                 	.MACRO __PUTD2S
                 	STD  Y+@0,R26
                 	STD  Y+@0+1,R27
                 	STD  Y+@0+2,R24
                 	STD  Y+@0+3,R25
                 	.ENDM
                 
                 	.MACRO __PUTDZ2
                 	STD  Z+@0,R26
                 	STD  Z+@0+1,R27
                 	STD  Z+@0+2,R24
                 	STD  Z+@0+3,R25
                 	.ENDM
                 
                 	.MACRO __CLRD1S
                 	STD  Y+@0,R30
                 	STD  Y+@0+1,R30
                 	STD  Y+@0+2,R30
                 	STD  Y+@0+3,R30
                 	.ENDM
                 
                 	.MACRO __POINTB1MN
                 	LDI  R30,LOW(@0+(@1))
                 	.ENDM
                 
                 	.MACRO __POINTW1MN
                 	LDI  R30,LOW(@0+(@1))
                 	LDI  R31,HIGH(@0+(@1))
                 	.ENDM
                 
                 	.MACRO __POINTD1M
                 	LDI  R30,LOW(@0)
                 	LDI  R31,HIGH(@0)
                 	LDI  R22,BYTE3(@0)
                 	LDI  R23,BYTE4(@0)
                 	.ENDM
                 
                 	.MACRO __POINTW1FN
                 	LDI  R30,LOW(2*@0+(@1))
                 	LDI  R31,HIGH(2*@0+(@1))
                 	.ENDM
                 
                 	.MACRO __POINTD1FN
                 	LDI  R30,LOW(2*@0+(@1))
                 	LDI  R31,HIGH(2*@0+(@1))
                 	LDI  R22,BYTE3(2*@0+(@1))
                 	LDI  R23,BYTE4(2*@0+(@1))
                 	.ENDM
                 
                 	.MACRO __POINTB2MN
                 	LDI  R26,LOW(@0+(@1))
                 	.ENDM
                 
                 	.MACRO __POINTW2MN
                 	LDI  R26,LOW(@0+(@1))
                 	LDI  R27,HIGH(@0+(@1))
                 	.ENDM
                 
                 	.MACRO __POINTW2FN
                 	LDI  R26,LOW(2*@0+(@1))
                 	LDI  R27,HIGH(2*@0+(@1))
                 	.ENDM
                 
                 	.MACRO __POINTD2FN
                 	LDI  R26,LOW(2*@0+(@1))
                 	LDI  R27,HIGH(2*@0+(@1))
                 	LDI  R24,BYTE3(2*@0+(@1))
                 	LDI  R25,BYTE4(2*@0+(@1))
                 	.ENDM
                 
                 	.MACRO __POINTBRM
                 	LDI  R@0,LOW(@1)
                 	.ENDM
                 
                 	.MACRO __POINTWRM
                 	LDI  R@0,LOW(@2)
                 	LDI  R@1,HIGH(@2)
                 	.ENDM
                 
                 	.MACRO __POINTBRMN
                 	LDI  R@0,LOW(@1+(@2))
                 	.ENDM
                 
                 	.MACRO __POINTWRMN
                 	LDI  R@0,LOW(@2+(@3))
                 	LDI  R@1,HIGH(@2+(@3))
                 	.ENDM
                 
                 	.MACRO __POINTWRFN
                 	LDI  R@0,LOW(@2*2+(@3))
                 	LDI  R@1,HIGH(@2*2+(@3))
                 	.ENDM
                 
                 	.MACRO __GETD1N
                 	LDI  R30,LOW(@0)
                 	LDI  R31,HIGH(@0)
                 	LDI  R22,BYTE3(@0)
                 	LDI  R23,BYTE4(@0)
                 	.ENDM
                 
                 	.MACRO __GETD2N
                 	LDI  R26,LOW(@0)
                 	LDI  R27,HIGH(@0)
                 	LDI  R24,BYTE3(@0)
                 	LDI  R25,BYTE4(@0)
                 	.ENDM
                 
                 	.MACRO __GETB1MN
                 	LDS  R30,@0+(@1)
                 	.ENDM
                 
                 	.MACRO __GETB1HMN
                 	LDS  R31,@0+(@1)
                 	.ENDM
                 
                 	.MACRO __GETW1MN
                 	LDS  R30,@0+(@1)
                 	LDS  R31,@0+(@1)+1
                 	.ENDM
                 
                 	.MACRO __GETD1MN
                 	LDS  R30,@0+(@1)
                 	LDS  R31,@0+(@1)+1
                 	LDS  R22,@0+(@1)+2
                 	LDS  R23,@0+(@1)+3
                 	.ENDM
                 
                 	.MACRO __GETBRMN
                 	LDS  R@0,@1+(@2)
                 	.ENDM
                 
                 	.MACRO __GETWRMN
                 	LDS  R@0,@2+(@3)
                 	LDS  R@1,@2+(@3)+1
                 	.ENDM
                 
                 	.MACRO __GETWRZ
                 	LDD  R@0,Z+@2
                 	LDD  R@1,Z+@2+1
                 	.ENDM
                 
                 	.MACRO __GETD2Z
                 	LDD  R26,Z+@0
                 	LDD  R27,Z+@0+1
                 	LDD  R24,Z+@0+2
                 	LDD  R25,Z+@0+3
                 	.ENDM
                 
                 	.MACRO __GETB2MN
                 	LDS  R26,@0+(@1)
                 	.ENDM
                 
                 	.MACRO __GETW2MN
                 	LDS  R26,@0+(@1)
                 	LDS  R27,@0+(@1)+1
                 	.ENDM
                 
                 	.MACRO __GETD2MN
                 	LDS  R26,@0+(@1)
                 	LDS  R27,@0+(@1)+1
                 	LDS  R24,@0+(@1)+2
                 	LDS  R25,@0+(@1)+3
                 	.ENDM
                 
                 	.MACRO __PUTB1MN
                 	STS  @0+(@1),R30
                 	.ENDM
                 
                 	.MACRO __PUTW1MN
                 	STS  @0+(@1),R30
                 	STS  @0+(@1)+1,R31
                 	.ENDM
                 
                 	.MACRO __PUTD1MN
                 	STS  @0+(@1),R30
                 	STS  @0+(@1)+1,R31
                 	STS  @0+(@1)+2,R22
                 	STS  @0+(@1)+3,R23
                 	.ENDM
                 
                 	.MACRO __PUTB1EN
                 	LDI  R26,LOW(@0+(@1))
                 	LDI  R27,HIGH(@0+(@1))
                 	CALL __EEPROMWRB
                 	.ENDM
                 
                 	.MACRO __PUTW1EN
                 	LDI  R26,LOW(@0+(@1))
                 	LDI  R27,HIGH(@0+(@1))
                 	CALL __EEPROMWRW
                 	.ENDM
                 
                 	.MACRO __PUTD1EN
                 	LDI  R26,LOW(@0+(@1))
                 	LDI  R27,HIGH(@0+(@1))
                 	CALL __EEPROMWRD
                 	.ENDM
                 
                 	.MACRO __PUTBR0MN
                 	STS  @0+(@1),R0
                 	.ENDM
                 
                 	.MACRO __PUTBMRN
                 	STS  @0+(@1),R@2
                 	.ENDM
                 
                 	.MACRO __PUTWMRN
                 	STS  @0+(@1),R@2
                 	STS  @0+(@1)+1,R@3
                 	.ENDM
                 
                 	.MACRO __PUTBZR
                 	STD  Z+@1,R@0
                 	.ENDM
                 
                 	.MACRO __PUTWZR
                 	STD  Z+@2,R@0
                 	STD  Z+@2+1,R@1
                 	.ENDM
                 
                 	.MACRO __GETW1R
                 	MOV  R30,R@0
                 	MOV  R31,R@1
                 	.ENDM
                 
                 	.MACRO __GETW2R
                 	MOV  R26,R@0
                 	MOV  R27,R@1
                 	.ENDM
                 
                 	.MACRO __GETWRN
                 	LDI  R@0,LOW(@2)
                 	LDI  R@1,HIGH(@2)
                 	.ENDM
                 
                 	.MACRO __PUTW1R
                 	MOV  R@0,R30
                 	MOV  R@1,R31
                 	.ENDM
                 
                 	.MACRO __PUTW2R
                 	MOV  R@0,R26
                 	MOV  R@1,R27
                 	.ENDM
                 
                 	.MACRO __ADDWRN
                 	SUBI R@0,LOW(-@2)
                 	SBCI R@1,HIGH(-@2)
                 	.ENDM
                 
                 	.MACRO __ADDWRR
                 	ADD  R@0,R@2
                 	ADC  R@1,R@3
                 	.ENDM
                 
                 	.MACRO __SUBWRN
                 	SUBI R@0,LOW(@2)
                 	SBCI R@1,HIGH(@2)
                 	.ENDM
                 
                 	.MACRO __SUBWRR
                 	SUB  R@0,R@2
                 	SBC  R@1,R@3
                 	.ENDM
                 
                 	.MACRO __ANDWRN
                 	ANDI R@0,LOW(@2)
                 	ANDI R@1,HIGH(@2)
                 	.ENDM
                 
                 	.MACRO __ANDWRR
                 	AND  R@0,R@2
                 	AND  R@1,R@3
                 	.ENDM
                 
                 	.MACRO __ORWRN
                 	ORI  R@0,LOW(@2)
                 	ORI  R@1,HIGH(@2)
                 	.ENDM
                 
                 	.MACRO __ORWRR
                 	OR   R@0,R@2
                 	OR   R@1,R@3
                 	.ENDM
                 
                 	.MACRO __EORWRR
                 	EOR  R@0,R@2
                 	EOR  R@1,R@3
                 	.ENDM
                 
                 	.MACRO __GETWRS
                 	LDD  R@0,Y+@2
                 	LDD  R@1,Y+@2+1
                 	.ENDM
                 
                 	.MACRO __PUTBSR
                 	STD  Y+@1,R@0
                 	.ENDM
                 
                 	.MACRO __PUTWSR
                 	STD  Y+@2,R@0
                 	STD  Y+@2+1,R@1
                 	.ENDM
                 
                 	.MACRO __MOVEWRR
                 	MOV  R@0,R@2
                 	MOV  R@1,R@3
                 	.ENDM
                 
                 	.MACRO __INWR
                 	IN   R@0,@2
                 	IN   R@1,@2+1
                 	.ENDM
                 
                 	.MACRO __OUTWR
                 	OUT  @2+1,R@1
                 	OUT  @2,R@0
                 	.ENDM
                 
                 	.MACRO __CALL1MN
                 	LDS  R30,@0+(@1)
                 	LDS  R31,@0+(@1)+1
                 	ICALL
                 	.ENDM
                 
                 	.MACRO __CALL1FN
                 	LDI  R30,LOW(2*@0+(@1))
                 	LDI  R31,HIGH(2*@0+(@1))
                 	CALL __GETW1PF
                 	ICALL
                 	.ENDM
                 
                 	.MACRO __CALL2EN
                 	LDI  R26,LOW(@0+(@1))
                 	LDI  R27,HIGH(@0+(@1))
                 	CALL __EEPROMRDW
                 	ICALL
                 	.ENDM
                 
                 	.MACRO __GETW1STACK
                 	IN   R26,SPL
                 	IN   R27,SPH
                 	ADIW R26,@0+1
                 	LD   R30,X+
                 	LD   R31,X
                 	.ENDM
                 
                 	.MACRO __GETD1STACK
                 	IN   R26,SPL
                 	IN   R27,SPH
                 	ADIW R26,@0+1
                 	LD   R30,X+
                 	LD   R31,X+
                 	LD   R22,X
                 	.ENDM
                 
                 	.MACRO __NBST
                 	BST  R@0,@1
                 	IN   R30,SREG
                 	LDI  R31,0x40
                 	EOR  R30,R31
                 	OUT  SREG,R30
                 	.ENDM
                 
                 
                 	.MACRO __PUTB1SN
                 	LDD  R26,Y+@0
                 	LDD  R27,Y+@0+1
                 	SUBI R26,LOW(-@1)
                 	SBCI R27,HIGH(-@1)
                 	ST   X,R30
                 	.ENDM
                 
                 	.MACRO __PUTW1SN
                 	LDD  R26,Y+@0
                 	LDD  R27,Y+@0+1
                 	SUBI R26,LOW(-@1)
                 	SBCI R27,HIGH(-@1)
                 	ST   X+,R30
                 	ST   X,R31
                 	.ENDM
                 
                 	.MACRO __PUTD1SN
                 	LDD  R26,Y+@0
                 	LDD  R27,Y+@0+1
                 	SUBI R26,LOW(-@1)
                 	SBCI R27,HIGH(-@1)
                 	CALL __PUTDP1
                 	.ENDM
                 
                 	.MACRO __PUTB1SNS
                 	LDD  R26,Y+@0
                 	LDD  R27,Y+@0+1
                 	ADIW R26,@1
                 	ST   X,R30
                 	.ENDM
                 
                 	.MACRO __PUTW1SNS
                 	LDD  R26,Y+@0
                 	LDD  R27,Y+@0+1
                 	ADIW R26,@1
                 	ST   X+,R30
                 	ST   X,R31
                 	.ENDM
                 
                 	.MACRO __PUTD1SNS
                 	LDD  R26,Y+@0
                 	LDD  R27,Y+@0+1
                 	ADIW R26,@1
                 	CALL __PUTDP1
                 	.ENDM
                 
                 	.MACRO __PUTB1PMN
                 	LDS  R26,@0
                 	LDS  R27,@0+1
                 	SUBI R26,LOW(-@1)
                 	SBCI R27,HIGH(-@1)
                 	ST   X,R30
                 	.ENDM
                 
                 	.MACRO __PUTW1PMN
                 	LDS  R26,@0
                 	LDS  R27,@0+1
                 	SUBI R26,LOW(-@1)
                 	SBCI R27,HIGH(-@1)
                 	ST   X+,R30
                 	ST   X,R31
                 	.ENDM
                 
                 	.MACRO __PUTD1PMN
                 	LDS  R26,@0
                 	LDS  R27,@0+1
                 	SUBI R26,LOW(-@1)
                 	SBCI R27,HIGH(-@1)
                 	CALL __PUTDP1
                 	.ENDM
                 
                 	.MACRO __PUTB1PMNS
                 	LDS  R26,@0
                 	LDS  R27,@0+1
                 	ADIW R26,@1
                 	ST   X,R30
                 	.ENDM
                 
                 	.MACRO __PUTW1PMNS
                 	LDS  R26,@0
                 	LDS  R27,@0+1
                 	ADIW R26,@1
                 	ST   X+,R30
                 	ST   X,R31
                 	.ENDM
                 
                 	.MACRO __PUTD1PMNS
                 	LDS  R26,@0
                 	LDS  R27,@0+1
                 	ADIW R26,@1
                 	CALL __PUTDP1
                 	.ENDM
                 
                 	.MACRO __PUTB1RN
                 	MOVW R26,R@0
                 	SUBI R26,LOW(-@1)
                 	SBCI R27,HIGH(-@1)
                 	ST   X,R30
                 	.ENDM
                 
                 	.MACRO __PUTW1RN
                 	MOVW R26,R@0
                 	SUBI R26,LOW(-@1)
                 	SBCI R27,HIGH(-@1)
                 	ST   X+,R30
                 	ST   X,R31
                 	.ENDM
                 
                 	.MACRO __PUTD1RN
                 	MOVW R26,R@0
                 	SUBI R26,LOW(-@1)
                 	SBCI R27,HIGH(-@1)
                 	CALL __PUTDP1
                 	.ENDM
                 
                 	.MACRO __PUTB1RNS
                 	MOVW R26,R@0
                 	ADIW R26,@1
                 	ST   X,R30
                 	.ENDM
                 
                 	.MACRO __PUTW1RNS
                 	MOVW R26,R@0
                 	ADIW R26,@1
                 	ST   X+,R30
                 	ST   X,R31
                 	.ENDM
                 
                 	.MACRO __PUTD1RNS
                 	MOVW R26,R@0
                 	ADIW R26,@1
                 	CALL __PUTDP1
                 	.ENDM
                 
                 	.MACRO __PUTB1RON
                 	MOV  R26,R@0
                 	MOV  R27,R@1
                 	SUBI R26,LOW(-@2)
                 	SBCI R27,HIGH(-@2)
                 	ST   X,R30
                 	.ENDM
                 
                 	.MACRO __PUTW1RON
                 	MOV  R26,R@0
                 	MOV  R27,R@1
                 	SUBI R26,LOW(-@2)
                 	SBCI R27,HIGH(-@2)
                 	ST   X+,R30
                 	ST   X,R31
                 	.ENDM
                 
                 	.MACRO __PUTD1RON
                 	MOV  R26,R@0
                 	MOV  R27,R@1
                 	SUBI R26,LOW(-@2)
                 	SBCI R27,HIGH(-@2)
                 	CALL __PUTDP1
                 	.ENDM
                 
                 	.MACRO __PUTB1RONS
                 	MOV  R26,R@0
                 	MOV  R27,R@1
                 	ADIW R26,@2
                 	ST   X,R30
                 	.ENDM
                 
                 	.MACRO __PUTW1RONS
                 	MOV  R26,R@0
                 	MOV  R27,R@1
                 	ADIW R26,@2
                 	ST   X+,R30
                 	ST   X,R31
                 	.ENDM
                 
                 	.MACRO __PUTD1RONS
                 	MOV  R26,R@0
                 	MOV  R27,R@1
                 	ADIW R26,@2
                 	CALL __PUTDP1
                 	.ENDM
                 
                 
                 	.MACRO __GETB1SX
                 	MOVW R30,R28
                 	SUBI R30,LOW(-@0)
                 	SBCI R31,HIGH(-@0)
                 	LD   R30,Z
                 	.ENDM
                 
                 	.MACRO __GETB1HSX
                 	MOVW R30,R28
                 	SUBI R30,LOW(-@0)
                 	SBCI R31,HIGH(-@0)
                 	LD   R31,Z
                 	.ENDM
                 
                 	.MACRO __GETW1SX
                 	MOVW R30,R28
                 	SUBI R30,LOW(-@0)
                 	SBCI R31,HIGH(-@0)
                 	LD   R0,Z+
                 	LD   R31,Z
                 	MOV  R30,R0
                 	.ENDM
                 
                 	.MACRO __GETD1SX
                 	MOVW R30,R28
                 	SUBI R30,LOW(-@0)
                 	SBCI R31,HIGH(-@0)
                 	LD   R0,Z+
                 	LD   R1,Z+
                 	LD   R22,Z+
                 	LD   R23,Z
                 	MOVW R30,R0
                 	.ENDM
                 
                 	.MACRO __GETB2SX
                 	MOVW R26,R28
                 	SUBI R26,LOW(-@0)
                 	SBCI R27,HIGH(-@0)
                 	LD   R26,X
                 	.ENDM
                 
                 	.MACRO __GETW2SX
                 	MOVW R26,R28
                 	SUBI R26,LOW(-@0)
                 	SBCI R27,HIGH(-@0)
                 	LD   R0,X+
                 	LD   R27,X
                 	MOV  R26,R0
                 	.ENDM
                 
                 	.MACRO __GETD2SX
                 	MOVW R26,R28
                 	SUBI R26,LOW(-@0)
                 	SBCI R27,HIGH(-@0)
                 	LD   R0,X+
                 	LD   R1,X+
                 	LD   R24,X+
                 	LD   R25,X
                 	MOVW R26,R0
                 	.ENDM
                 
                 	.MACRO __GETBRSX
                 	MOVW R30,R28
                 	SUBI R30,LOW(-@1)
                 	SBCI R31,HIGH(-@1)
                 	LD   R@0,Z
                 	.ENDM
                 
                 	.MACRO __GETWRSX
                 	MOVW R30,R28
                 	SUBI R30,LOW(-@2)
                 	SBCI R31,HIGH(-@2)
                 	LD   R@0,Z+
                 	LD   R@1,Z
                 	.ENDM
                 
                 	.MACRO __GETBRSX2
                 	MOVW R26,R28
                 	SUBI R26,LOW(-@1)
                 	SBCI R27,HIGH(-@1)
                 	LD   R@0,X
                 	.ENDM
                 
                 	.MACRO __GETWRSX2
                 	MOVW R26,R28
                 	SUBI R26,LOW(-@2)
                 	SBCI R27,HIGH(-@2)
                 	LD   R@0,X+
                 	LD   R@1,X
                 	.ENDM
                 
                 	.MACRO __LSLW8SX
                 	MOVW R30,R28
                 	SUBI R30,LOW(-@0)
                 	SBCI R31,HIGH(-@0)
                 	LD   R31,Z
                 	CLR  R30
                 	.ENDM
                 
                 	.MACRO __PUTB1SX
                 	MOVW R26,R28
                 	SUBI R26,LOW(-@0)
                 	SBCI R27,HIGH(-@0)
                 	ST   X,R30
                 	.ENDM
                 
                 	.MACRO __PUTW1SX
                 	MOVW R26,R28
                 	SUBI R26,LOW(-@0)
                 	SBCI R27,HIGH(-@0)
                 	ST   X+,R30
                 	ST   X,R31
                 	.ENDM
                 
                 	.MACRO __PUTD1SX
                 	MOVW R26,R28
                 	SUBI R26,LOW(-@0)
                 	SBCI R27,HIGH(-@0)
                 	ST   X+,R30
                 	ST   X+,R31
                 	ST   X+,R22
                 	ST   X,R23
                 	.ENDM
                 
                 	.MACRO __CLRW1SX
                 	MOVW R26,R28
                 	SUBI R26,LOW(-@0)
                 	SBCI R27,HIGH(-@0)
                 	ST   X+,R30
                 	ST   X,R30
                 	.ENDM
                 
                 	.MACRO __CLRD1SX
                 	MOVW R26,R28
                 	SUBI R26,LOW(-@0)
                 	SBCI R27,HIGH(-@0)
                 	ST   X+,R30
                 	ST   X+,R30
                 	ST   X+,R30
                 	ST   X,R30
                 	.ENDM
                 
                 	.MACRO __PUTB2SX
                 	MOVW R30,R28
                 	SUBI R30,LOW(-@0)
                 	SBCI R31,HIGH(-@0)
                 	ST   Z,R26
                 	.ENDM
                 
                 	.MACRO __PUTW2SX
                 	MOVW R30,R28
                 	SUBI R30,LOW(-@0)
                 	SBCI R31,HIGH(-@0)
                 	ST   Z+,R26
                 	ST   Z,R27
                 	.ENDM
                 
                 	.MACRO __PUTD2SX
                 	MOVW R30,R28
                 	SUBI R30,LOW(-@0)
                 	SBCI R31,HIGH(-@0)
                 	ST   Z+,R26
                 	ST   Z+,R27
                 	ST   Z+,R24
                 	ST   Z,R25
                 	.ENDM
                 
                 	.MACRO __PUTBSRX
                 	MOVW R30,R28
                 	SUBI R30,LOW(-@1)
                 	SBCI R31,HIGH(-@1)
                 	ST   Z,R@0
                 	.ENDM
                 
                 	.MACRO __PUTWSRX
                 	MOVW R30,R28
                 	SUBI R30,LOW(-@2)
                 	SBCI R31,HIGH(-@2)
                 	ST   Z+,R@0
                 	ST   Z,R@1
                 	.ENDM
                 
                 	.MACRO __PUTB1SNX
                 	MOVW R26,R28
                 	SUBI R26,LOW(-@0)
                 	SBCI R27,HIGH(-@0)
                 	LD   R0,X+
                 	LD   R27,X
                 	MOV  R26,R0
                 	SUBI R26,LOW(-@1)
                 	SBCI R27,HIGH(-@1)
                 	ST   X,R30
                 	.ENDM
                 
                 	.MACRO __PUTW1SNX
                 	MOVW R26,R28
                 	SUBI R26,LOW(-@0)
                 	SBCI R27,HIGH(-@0)
                 	LD   R0,X+
                 	LD   R27,X
                 	MOV  R26,R0
                 	SUBI R26,LOW(-@1)
                 	SBCI R27,HIGH(-@1)
                 	ST   X+,R30
                 	ST   X,R31
                 	.ENDM
                 
                 	.MACRO __PUTD1SNX
                 	MOVW R26,R28
                 	SUBI R26,LOW(-@0)
                 	SBCI R27,HIGH(-@0)
                 	LD   R0,X+
                 	LD   R27,X
                 	MOV  R26,R0
                 	SUBI R26,LOW(-@1)
                 	SBCI R27,HIGH(-@1)
                 	ST   X+,R30
                 	ST   X+,R31
                 	ST   X+,R22
                 	ST   X,R23
                 	.ENDM
                 
                 	.MACRO __MULBRR
                 	MULS R@0,R@1
                 	MOVW R30,R0
                 	.ENDM
                 
                 	.MACRO __MULBRRU
                 	MUL  R@0,R@1
                 	MOVW R30,R0
                 	.ENDM
                 
                 	.MACRO __MULBRR0
                 	MULS R@0,R@1
                 	.ENDM
                 
                 	.MACRO __MULBRRU0
                 	MUL  R@0,R@1
                 	.ENDM
                 
                 	.MACRO __MULBNWRU
                 	LDI  R26,@2
                 	MUL  R26,R@0
                 	MOVW R30,R0
                 	MUL  R26,R@1
                 	ADD  R31,R0
                 	.ENDM
                 
                 ;NAME DEFINITIONS FOR GLOBAL VARIABLES ALLOCATED TO REGISTERS
                 	.DEF _hour_1=R4
                 	.DEF _hour_2=R6
                 	.DEF _minute_1=R8
                 	.DEF _minute_2=R10
                 	.DEF _second_1=R12
                 
                 	.CSEG
                 	.ORG 0x00
                 
                 ;START OF CODE MARKER
                 __START_OF_CODE:
                 
                 ;INTERRUPT VECTORS
000000 940c 003f 	JMP  __RESET
000002 940c 0000 	JMP  0x00
000004 940c 0000 	JMP  0x00
000006 940c 0000 	JMP  0x00
000008 940c 0000 	JMP  0x00
00000a 940c 0000 	JMP  0x00
00000c 940c 0000 	JMP  0x00
00000e 940c 008b 	JMP  _timer1_compa_isr
000010 940c 0000 	JMP  0x00
000012 940c 0000 	JMP  0x00
000014 940c 006f 	JMP  _timer0_comp_isr
000016 940c 0000 	JMP  0x00
000018 940c 0000 	JMP  0x00
00001a 940c 0000 	JMP  0x00
00001c 940c 0000 	JMP  0x00
00001e 940c 0000 	JMP  0x00
000020 940c 0000 	JMP  0x00
000022 940c 0000 	JMP  0x00
000024 940c 0000 	JMP  0x00
000026 940c 0000 	JMP  0x00
000028 940c 0000 	JMP  0x00
                 
                 _0x3:
C:\Users\kavou\Desktop\CodeVisionAVR Projects\MP_Bahareh Kavousi nejad_99431217_4_NEW\List\MyProj2.asm(1108): warning: .cseg .db misalignment - padding zero byte
00002a 0080      	.DB  0x80
                 _0x4:
00002b 063f
00002c 4f5b
00002d 6d66
00002e 077d      	.DB  0x3F,0x6,0x5B,0x4F,0x66,0x6D,0x7D,0x7
00002f 6f7f      	.DB  0x7F,0x6F
                 _0x22:
000030 0003
000031 0002
000032 0008
000033 0005      	.DB  0x3,0x0,0x2,0x0,0x8,0x0,0x5,0x0
000034 0000      	.DB  0x0,0x0
                 
                 __GLOBAL_INI_TBL:
000035 0001      	.DW  0x01
000036 0262      	.DW  _dot
000037 0054      	.DW  _0x3*2
                 
000038 000a      	.DW  0x0A
000039 0265      	.DW  _number
00003a 0056      	.DW  _0x4*2
                 
00003b 000a      	.DW  0x0A
00003c 0004      	.DW  0x04
00003d 0060      	.DW  _0x22*2
                 
                 _0xFFFFFFFF:
00003e 0000      	.DW  0
                 
                 __RESET:
00003f 94f8      	CLI
000040 27ee      	CLR  R30
000041 bbec      	OUT  EECR,R30
                 
                 ;INTERRUPT VECTORS ARE PLACED
                 ;AT THE START OF FLASH
000042 e0f1      	LDI  R31,1
000043 bffb      	OUT  GICR,R31
000044 bfeb      	OUT  GICR,R30
000045 bfe5      	OUT  MCUCR,R30
                 
                 ;DISABLE WATCHDOG
000046 e1f8      	LDI  R31,0x18
000047 bdf1      	OUT  WDTCR,R31
000048 bde1      	OUT  WDTCR,R30
                 
                 ;CLEAR R2-R14
000049 e08d      	LDI  R24,(14-2)+1
00004a e0a2      	LDI  R26,2
00004b 27bb      	CLR  R27
                 __CLEAR_REG:
00004c 93ed      	ST   X+,R30
00004d 958a      	DEC  R24
00004e f7e9      	BRNE __CLEAR_REG
                 
                 ;CLEAR SRAM
00004f e080      	LDI  R24,LOW(__CLEAR_SRAM_SIZE)
000050 e098      	LDI  R25,HIGH(__CLEAR_SRAM_SIZE)
000051 e6a0      	LDI  R26,__SRAM_START
                 __CLEAR_SRAM:
000052 93ed      	ST   X+,R30
000053 9701      	SBIW R24,1
000054 f7e9      	BRNE __CLEAR_SRAM
                 
                 ;GLOBAL VARIABLES INITIALIZATION
000055 e6ea      	LDI  R30,LOW(__GLOBAL_INI_TBL*2)
000056 e0f0      	LDI  R31,HIGH(__GLOBAL_INI_TBL*2)
                 __GLOBAL_INI_NEXT:
000057 9185      	LPM  R24,Z+
000058 9195      	LPM  R25,Z+
000059 9700      	SBIW R24,0
00005a f061      	BREQ __GLOBAL_INI_END
00005b 91a5      	LPM  R26,Z+
00005c 91b5      	LPM  R27,Z+
00005d 9005      	LPM  R0,Z+
00005e 9015      	LPM  R1,Z+
00005f 01bf      	MOVW R22,R30
000060 01f0      	MOVW R30,R0
                 __GLOBAL_INI_LOOP:
000061 9005      	LPM  R0,Z+
000062 920d      	ST   X+,R0
000063 9701      	SBIW R24,1
000064 f7e1      	BRNE __GLOBAL_INI_LOOP
000065 01fb      	MOVW R30,R22
000066 cff0      	RJMP __GLOBAL_INI_NEXT
                 __GLOBAL_INI_END:
                 
                 ;HARDWARE STACK POINTER INITIALIZATION
000067 e5ef      	LDI  R30,LOW(__SRAM_END-__HEAP_SIZE)
000068 bfed      	OUT  SPL,R30
000069 e0e8      	LDI  R30,HIGH(__SRAM_END-__HEAP_SIZE)
00006a bfee      	OUT  SPH,R30
                 
                 ;DATA STACK POINTER INITIALIZATION
00006b e6c0      	LDI  R28,LOW(__SRAM_START+__DSTACK_SIZE)
00006c e0d2      	LDI  R29,HIGH(__SRAM_START+__DSTACK_SIZE)
                 
00006d 940c 00f8 	JMP  _main
                 
                 	.ESEG
                 	.ORG 0
                 
                 	.DSEG
                 	.ORG 0x260
                 
                 	.CSEG
                 ;/*****************************************************
                 ;This program was produced by the
                 ;CodeWizardAVR V2.05.3 Standard
                 ;Automatic Program Generator
                 ;© Copyright 1998-2011 Pavel Haiduc, HP InfoTech s.r.l.
                 ;http://www.hpinfotech.com
                 ;
                 ;Project :
                 ;Version :
                 ;Date    : 3/12/2024
                 ;Author  : kavousi.b99@gmail.com
                 ;Company : IUST
                 ;Comments:
                 ;
                 ;
                 ;Chip type               : ATmega32
                 ;Program type            : Application
                 ;AVR Core Clock frequency: 8.000000 MHz
                 ;Memory model            : Small
                 ;External RAM size       : 0
                 ;Data Stack size         : 512
                 ;*****************************************************/
                 ;
                 ;/* Az-04 MICLAB
                 ;   Bahareh Kavousi nejad
                 ;   99431217
                 ;*/
                 ;
                 ;#include <mega32.h>
                 	#ifndef __SLEEP_DEFINED__
                 	#define __SLEEP_DEFINED__
                 	.EQU __se_bit=0x80
                 	.EQU __sm_mask=0x70
                 	.EQU __sm_powerdown=0x20
                 	.EQU __sm_powersave=0x30
                 	.EQU __sm_standby=0x60
                 	.EQU __sm_ext_standby=0x70
                 	.EQU __sm_adc_noise_red=0x10
                 	.SET power_ctrl_reg=mcucr
                 	#endif
                 ;#include <delay.h>
                 ;
                 ;// Declare your global variables here
                 ;unsigned int hour_1   = 3;
                 ;unsigned int hour_2   = 2;
                 ;unsigned int minute_1 = 8;
                 ;unsigned int minute_2 = 5;
                 ;unsigned int second_1 = 0;
                 ;unsigned int second_2 = 0;
                 ;
                 ;char dot = 0x80;
                 
                 	.DSEG
                 ;
                 ;unsigned int counter = 0;
                 ;
                 ;char number[] = { 0x3F, 0x06, 0x5B, 0x4F,0x66,0x6D,0x7D,0x07,0x7F,0x6F };
                 ;
                 ;// Timer 0 output compare interrupt service routine
                 ;interrupt [TIM0_COMP] void timer0_comp_isr(void)
                 ; 0000 0030 {
                 
                 	.CSEG
                 _timer0_comp_isr:
00006f 93aa      	ST   -Y,R26
000070 93ba      	ST   -Y,R27
000071 93ea      	ST   -Y,R30
000072 93fa      	ST   -Y,R31
000073 b7ef      	IN   R30,SREG
000074 93ea      	ST   -Y,R30
                 ; 0000 0031    counter++;
000075 e6a3      	LDI  R26,LOW(_counter)
000076 e0b2      	LDI  R27,HIGH(_counter)
000077 91ed      	LD   R30,X+
000078 91fd      	LD   R31,X+
000079 9631      	ADIW R30,1
00007a 93fe      	ST   -X,R31
00007b 93ee      	ST   -X,R30
                 ; 0000 0032     if (counter == 6)
00007c d0f4      	RCALL SUBOPT_0x0
00007d 9716      	SBIW R26,6
00007e f429      	BRNE _0x5
                 ; 0000 0033         counter=0;
00007f e0e0      	LDI  R30,LOW(0)
000080 93e0 0263 	STS  _counter,R30
000082 93e0 0264 	STS  _counter+1,R30
                 ; 0000 0034 }
                 _0x5:
000084 91e9      	LD   R30,Y+
000085 bfef      	OUT  SREG,R30
000086 91f9      	LD   R31,Y+
000087 91e9      	LD   R30,Y+
000088 91b9      	LD   R27,Y+
000089 91a9      	LD   R26,Y+
00008a 9518      	RETI
                 ;
                 ;
                 ;// Timer1 output compare A interrupt service routine
                 ;interrupt [TIM1_COMPA] void timer1_compa_isr(void)
                 ; 0000 0039 {
                 _timer1_compa_isr:
00008b 920a      	ST   -Y,R0
00008c 93aa      	ST   -Y,R26
00008d 93ba      	ST   -Y,R27
00008e 93ea      	ST   -Y,R30
00008f 93fa      	ST   -Y,R31
000090 b7ef      	IN   R30,SREG
000091 93ea      	ST   -Y,R30
                 ; 0000 003A     dot = 0x00;
000092 e0e0      	LDI  R30,LOW(0)
000093 93e0 0262 	STS  _dot,R30
                 ; 0000 003B     second_1+=1;
000095 01f6      	MOVW R30,R12
000096 9631      	ADIW R30,1
000097 016f      	MOVW R12,R30
                 ; 0000 003C     if (second_1%2 == 0)
000098 01f6      	MOVW R30,R12
000099 70e1      	ANDI R30,LOW(0x1)
00009a f419      	BRNE _0x6
                 ; 0000 003D         dot = 0x80;
00009b e8e0      	LDI  R30,LOW(128)
00009c 93e0 0262 	STS  _dot,R30
                 ; 0000 003E 
                 ; 0000 003F     if(second_1==10){
                 _0x6:
00009e e0ea      	LDI  R30,LOW(10)
00009f e0f0      	LDI  R31,HIGH(10)
0000a0 15ec      	CP   R30,R12
0000a1 05fd      	CPC  R31,R13
0000a2 f011      	BREQ PC+3
0000a3 940c 00f0 	JMP _0x7
                 ; 0000 0040         second_2+=1;
0000a5 91e0 0260 	LDS  R30,_second_2
0000a7 91f0 0261 	LDS  R31,_second_2+1
0000a9 9631      	ADIW R30,1
0000aa 93e0 0260 	STS  _second_2,R30
0000ac 93f0 0261 	STS  _second_2+1,R31
                 ; 0000 0041         second_1=0;
0000ae 24cc      	CLR  R12
0000af 24dd      	CLR  R13
                 ; 0000 0042         if(second_2==6){
0000b0 91a0 0260 	LDS  R26,_second_2
0000b2 91b0 0261 	LDS  R27,_second_2+1
0000b4 9716      	SBIW R26,6
0000b5 f5d1      	BRNE _0x8
                 ; 0000 0043             minute_1+=1;
0000b6 01f4      	MOVW R30,R8
0000b7 9631      	ADIW R30,1
0000b8 014f      	MOVW R8,R30
                 ; 0000 0044             second_2=0;
0000b9 e0e0      	LDI  R30,LOW(0)
0000ba 93e0 0260 	STS  _second_2,R30
0000bc 93e0 0261 	STS  _second_2+1,R30
                 ; 0000 0045             if (minute_1==10){
0000be e0ea      	LDI  R30,LOW(10)
0000bf e0f0      	LDI  R31,HIGH(10)
0000c0 15e8      	CP   R30,R8
0000c1 05f9      	CPC  R31,R9
0000c2 f569      	BRNE _0x9
                 ; 0000 0046                 minute_2+=1;
0000c3 01f5      	MOVW R30,R10
0000c4 9631      	ADIW R30,1
0000c5 015f      	MOVW R10,R30
                 ; 0000 0047                 minute_1=0;
0000c6 2488      	CLR  R8
0000c7 2499      	CLR  R9
                 ; 0000 0048                 if (minute_2==6){
0000c8 e0e6      	LDI  R30,LOW(6)
0000c9 e0f0      	LDI  R31,HIGH(6)
0000ca 15ea      	CP   R30,R10
0000cb 05fb      	CPC  R31,R11
0000cc f519      	BRNE _0xA
                 ; 0000 0049                     hour_1+=1;
0000cd 01f2      	MOVW R30,R4
0000ce 9631      	ADIW R30,1
0000cf 012f      	MOVW R4,R30
                 ; 0000 004A                     minute_2=0;
0000d0 24aa      	CLR  R10
0000d1 24bb      	CLR  R11
                 ; 0000 004B                     if (hour_1==10 && hour_2 == 0 ){
0000d2 e0ea      	LDI  R30,LOW(10)
0000d3 e0f0      	LDI  R31,HIGH(10)
0000d4 15e4      	CP   R30,R4
0000d5 05f5      	CPC  R31,R5
0000d6 f421      	BRNE _0xC
0000d7 2400      	CLR  R0
0000d8 1406      	CP   R0,R6
0000d9 0407      	CPC  R0,R7
0000da f009      	BREQ _0xD
                 _0xC:
0000db c005      	RJMP _0xB
                 _0xD:
                 ; 0000 004C                         hour_2+=1;
0000dc 01f3      	MOVW R30,R6
0000dd 9631      	ADIW R30,1
0000de 013f      	MOVW R6,R30
                 ; 0000 004D                         hour_1=0;
0000df 2444      	CLR  R4
0000e0 2455      	CLR  R5
                 ; 0000 004E                     }
                 ; 0000 004F                     if (hour_1==4 && hour_2 == 2 ){
                 _0xB:
0000e1 e0e4      	LDI  R30,LOW(4)
0000e2 e0f0      	LDI  R31,HIGH(4)
0000e3 15e4      	CP   R30,R4
0000e4 05f5      	CPC  R31,R5
0000e5 f429      	BRNE _0xF
0000e6 e0e2      	LDI  R30,LOW(2)
0000e7 e0f0      	LDI  R31,HIGH(2)
0000e8 15e6      	CP   R30,R6
0000e9 05f7      	CPC  R31,R7
0000ea f009      	BREQ _0x10
                 _0xF:
0000eb c004      	RJMP _0xE
                 _0x10:
                 ; 0000 0050                         hour_1=0;
0000ec 2444      	CLR  R4
0000ed 2455      	CLR  R5
                 ; 0000 0051                         hour_2=0;
0000ee 2466      	CLR  R6
0000ef 2477      	CLR  R7
                 ; 0000 0052                     }
                 ; 0000 0053                 }
                 _0xE:
                 ; 0000 0054             }
                 _0xA:
                 ; 0000 0055        }
                 _0x9:
                 ; 0000 0056     }
                 _0x8:
                 ; 0000 0057 }
                 _0x7:
0000f0 91e9      	LD   R30,Y+
0000f1 bfef      	OUT  SREG,R30
0000f2 91f9      	LD   R31,Y+
0000f3 91e9      	LD   R30,Y+
0000f4 91b9      	LD   R27,Y+
0000f5 91a9      	LD   R26,Y+
0000f6 9009      	LD   R0,Y+
0000f7 9518      	RETI
                 ;
                 ;
                 ;void main(void){
                 ; 0000 005A void main(void){
                 _main:
                 ; 0000 005B     // Declare your local variables here
                 ; 0000 005C 
                 ; 0000 005D     // Input/Output Ports initialization
                 ; 0000 005E     // Port A initialization
                 ; 0000 005F     // Func7=In Func6=In Func5=In Func4=In Func3=In Func2=In Func1=In Func0=In
                 ; 0000 0060     // State7=T State6=T State5=T State4=T State3=T State2=T State1=T State0=T
                 ; 0000 0061     PORTA=0x00;
0000f8 e0e0      	LDI  R30,LOW(0)
0000f9 bbeb      	OUT  0x1B,R30
                 ; 0000 0062     DDRA=0x00;
0000fa bbea      	OUT  0x1A,R30
                 ; 0000 0063 
                 ; 0000 0064     // Port B initialization
                 ; 0000 0065     // Func7=In Func6=In Func5=In Func4=In Func3=In Func2=In Func1=In Func0=In
                 ; 0000 0066     // State7=T State6=T State5=T State4=T State3=T State2=T State1=T State0=T
                 ; 0000 0067     PORTB=0x00;
0000fb bbe8      	OUT  0x18,R30
                 ; 0000 0068     DDRB=0x00;
0000fc bbe7      	OUT  0x17,R30
                 ; 0000 0069 
                 ; 0000 006A     // Port C initialization
                 ; 0000 006B     // Func7=Out Func6=Out Func5=Out Func4=Out Func3=Out Func2=Out Func1=Out Func0=Out
                 ; 0000 006C     // State7=0 State6=0 State5=0 State4=0 State3=0 State2=0 State1=0 State0=0
                 ; 0000 006D     PORTC=0x00;
0000fd bbe5      	OUT  0x15,R30
                 ; 0000 006E     DDRC=0xFF;
0000fe efef      	LDI  R30,LOW(255)
0000ff bbe4      	OUT  0x14,R30
                 ; 0000 006F 
                 ; 0000 0070     // Port D initialization
                 ; 0000 0071     // Func7=Out Func6=Out Func5=Out Func4=Out Func3=Out Func2=Out Func1=Out Func0=Out
                 ; 0000 0072     // State7=0 State6=0 State5=0 State4=0 State3=0 State2=0 State1=0 State0=0
                 ; 0000 0073     PORTD=0x00;
000100 e0e0      	LDI  R30,LOW(0)
000101 bbe2      	OUT  0x12,R30
                 ; 0000 0074     DDRD=0xFF;
000102 efef      	LDI  R30,LOW(255)
000103 bbe1      	OUT  0x11,R30
                 ; 0000 0075 
                 ; 0000 0076     // Timer/Counter 0 initialization
                 ; 0000 0077     // Clock source: System Clock
                 ; 0000 0078     // Clock value: 7.813 kHz
                 ; 0000 0079     // Mode: CTC top=OCR0
                 ; 0000 007A     // OC0 output: Disconnected
                 ; 0000 007B     TCCR0=0x0C;
000104 e0ec      	LDI  R30,LOW(12)
000105 bfe3      	OUT  0x33,R30
                 ; 0000 007C     TCNT0=0x00;
000106 e0e0      	LDI  R30,LOW(0)
000107 bfe2      	OUT  0x32,R30
                 ; 0000 007D     OCR0=0x63;
000108 e6e3      	LDI  R30,LOW(99)
000109 bfec      	OUT  0x3C,R30
                 ; 0000 007E 
                 ; 0000 007F     // Timer/Counter 1 initialization
                 ; 0000 0080     // Clock source: System Clock
                 ; 0000 0081     // Clock value: 31.250 kHz
                 ; 0000 0082     // Mode: CTC top=OCR1A
                 ; 0000 0083     // OC1A output: Discon.
                 ; 0000 0084     // OC1B output: Discon.
                 ; 0000 0085     // Noise Canceler: Off
                 ; 0000 0086     // Input Capture on Falling Edge
                 ; 0000 0087     // Timer1 Overflow Interrupt: Off
                 ; 0000 0088     // Input Capture Interrupt: Off
                 ; 0000 0089     // Compare A Match Interrupt: On
                 ; 0000 008A     // Compare B Match Interrupt: Off
                 ; 0000 008B     TCCR1A=0x00;
00010a e0e0      	LDI  R30,LOW(0)
00010b bdef      	OUT  0x2F,R30
                 ; 0000 008C     TCCR1B=0x0C;
00010c e0ec      	LDI  R30,LOW(12)
00010d bdee      	OUT  0x2E,R30
                 ; 0000 008D     TCNT1H=0x00;
00010e e0e0      	LDI  R30,LOW(0)
00010f bded      	OUT  0x2D,R30
                 ; 0000 008E     TCNT1L=0x00;
000110 bdec      	OUT  0x2C,R30
                 ; 0000 008F     ICR1H=0x00;
000111 bde7      	OUT  0x27,R30
                 ; 0000 0090     ICR1L=0x00;
000112 bde6      	OUT  0x26,R30
                 ; 0000 0091     OCR1AH=0x7A;
000113 e7ea      	LDI  R30,LOW(122)
000114 bdeb      	OUT  0x2B,R30
                 ; 0000 0092     OCR1AL=0x12;
000115 e1e2      	LDI  R30,LOW(18)
000116 bdea      	OUT  0x2A,R30
                 ; 0000 0093     OCR1BH=0x00;
000117 e0e0      	LDI  R30,LOW(0)
000118 bde9      	OUT  0x29,R30
                 ; 0000 0094     OCR1BL=0x00;
000119 bde8      	OUT  0x28,R30
                 ; 0000 0095 
                 ; 0000 0096     // Timer/Counter 2 initialization
                 ; 0000 0097     // Clock source: System Clock
                 ; 0000 0098     // Clock value: Timer2 Stopped
                 ; 0000 0099     // Mode: Normal top=FFh
                 ; 0000 009A     // OC2 output: Disconnected
                 ; 0000 009B     ASSR=0x00;
00011a bde2      	OUT  0x22,R30
                 ; 0000 009C     TCCR2=0x00;
00011b bde5      	OUT  0x25,R30
                 ; 0000 009D     TCNT2=0x00;
00011c bde4      	OUT  0x24,R30
                 ; 0000 009E     OCR2=0x00;
00011d bde3      	OUT  0x23,R30
                 ; 0000 009F 
                 ; 0000 00A0     // External Interrupt(s) initialization
                 ; 0000 00A1     // INT0: Off
                 ; 0000 00A2     // INT1: Off
                 ; 0000 00A3     // INT2: Off
                 ; 0000 00A4     MCUCR=0x00;
00011e bfe5      	OUT  0x35,R30
                 ; 0000 00A5     MCUCSR=0x00;
00011f bfe4      	OUT  0x34,R30
                 ; 0000 00A6 
                 ; 0000 00A7     // Timer(s)/Counter(s) Interrupt(s) initialization
                 ; 0000 00A8     TIMSK=0x12;
000120 e1e2      	LDI  R30,LOW(18)
000121 bfe9      	OUT  0x39,R30
                 ; 0000 00A9 
                 ; 0000 00AA     // Analog Comparator initialization
                 ; 0000 00AB     // Analog Comparator: Off
                 ; 0000 00AC     // Analog Comparator Input Capture by Timer/Counter 1: Off
                 ; 0000 00AD     ACSR=0x80;
000122 e8e0      	LDI  R30,LOW(128)
000123 b9e8      	OUT  0x8,R30
                 ; 0000 00AE     SFIOR=0x00;
000124 e0e0      	LDI  R30,LOW(0)
000125 bfe0      	OUT  0x30,R30
                 ; 0000 00AF 
                 ; 0000 00B0     // Global enable interrupts
                 ; 0000 00B1     #asm("sei")
000126 9478      	sei
                 ; 0000 00B2 
                 ; 0000 00B3     while (1){
                 _0x11:
                 ; 0000 00B4           if(counter == 0){
000127 91e0 0263 	LDS  R30,_counter
000129 91f0 0264 	LDS  R31,_counter+1
00012b 9730      	SBIW R30,0
00012c f441      	BRNE _0x14
                 ; 0000 00B5             PORTD = 0b11111110;
00012d efee      	LDI  R30,LOW(254)
00012e bbe2      	OUT  0x12,R30
                 ; 0000 00B6             PORTC = number[hour_2];
00012f e6a5      	LDI  R26,LOW(_number)
000130 e0b2      	LDI  R27,HIGH(_number)
000131 0da6      	ADD  R26,R6
000132 1db7      	ADC  R27,R7
000133 91ec      	LD   R30,X
000134 c039      	RJMP _0x20
                 ; 0000 00B7           }
                 ; 0000 00B8 
                 ; 0000 00B9           else if(counter == 1){
                 _0x14:
000135 d03b      	RCALL SUBOPT_0x0
000136 9711      	SBIW R26,1
000137 f439      	BRNE _0x16
                 ; 0000 00BA             PORTD = 0b11111101;
000138 efed      	LDI  R30,LOW(253)
000139 bbe2      	OUT  0x12,R30
                 ; 0000 00BB             PORTC = number[hour_1]| dot;
00013a e6a5      	LDI  R26,LOW(_number)
00013b e0b2      	LDI  R27,HIGH(_number)
00013c 0da4      	ADD  R26,R4
00013d 1db5      	ADC  R27,R5
00013e c02b      	RJMP _0x21
                 ; 0000 00BC           }
                 ; 0000 00BD 
                 ; 0000 00BE           else if(counter == 2) {
                 _0x16:
00013f d031      	RCALL SUBOPT_0x0
000140 9712      	SBIW R26,2
000141 f441      	BRNE _0x18
                 ; 0000 00BF             PORTD = 0b11111011;
000142 efeb      	LDI  R30,LOW(251)
000143 bbe2      	OUT  0x12,R30
                 ; 0000 00C0             PORTC = number[minute_2];
000144 e6a5      	LDI  R26,LOW(_number)
000145 e0b2      	LDI  R27,HIGH(_number)
000146 0daa      	ADD  R26,R10
000147 1dbb      	ADC  R27,R11
000148 91ec      	LD   R30,X
000149 c024      	RJMP _0x20
                 ; 0000 00C1           }
                 ; 0000 00C2 
                 ; 0000 00C3           else if(counter == 3){
                 _0x18:
00014a d026      	RCALL SUBOPT_0x0
00014b 9713      	SBIW R26,3
00014c f439      	BRNE _0x1A
                 ; 0000 00C4             PORTD = 0b11110111;
00014d efe7      	LDI  R30,LOW(247)
00014e bbe2      	OUT  0x12,R30
                 ; 0000 00C5             PORTC = number[minute_1]| dot;
00014f e6a5      	LDI  R26,LOW(_number)
000150 e0b2      	LDI  R27,HIGH(_number)
000151 0da8      	ADD  R26,R8
000152 1db9      	ADC  R27,R9
000153 c016      	RJMP _0x21
                 ; 0000 00C6           }
                 ; 0000 00C7 
                 ; 0000 00C8           else if(counter == 4) {
                 _0x1A:
000154 d01c      	RCALL SUBOPT_0x0
000155 9714      	SBIW R26,4
000156 f451      	BRNE _0x1C
                 ; 0000 00C9             PORTD = 0b11101111;
000157 eeef      	LDI  R30,LOW(239)
000158 bbe2      	OUT  0x12,R30
                 ; 0000 00CA             PORTC = number[second_2];
000159 91e0 0260 	LDS  R30,_second_2
00015b 91f0 0261 	LDS  R31,_second_2+1
00015d 59eb      	SUBI R30,LOW(-_number)
00015e 4ffd      	SBCI R31,HIGH(-_number)
00015f 81e0      	LD   R30,Z
000160 c00d      	RJMP _0x20
                 ; 0000 00CB           }
                 ; 0000 00CC 
                 ; 0000 00CD           else if(counter == 5){
                 _0x1C:
000161 d00f      	RCALL SUBOPT_0x0
000162 9715      	SBIW R26,5
000163 f459      	BRNE _0x1E
                 ; 0000 00CE             PORTD = 0b11011111;
000164 edef      	LDI  R30,LOW(223)
000165 bbe2      	OUT  0x12,R30
                 ; 0000 00CF             PORTC = number[second_1] | dot;
000166 e6a5      	LDI  R26,LOW(_number)
000167 e0b2      	LDI  R27,HIGH(_number)
000168 0dac      	ADD  R26,R12
000169 1dbd      	ADC  R27,R13
                 _0x21:
00016a 91ec      	LD   R30,X
00016b 91a0 0262 	LDS  R26,_dot
00016d 2bea      	OR   R30,R26
                 _0x20:
00016e bbe5      	OUT  0x15,R30
                 ; 0000 00D0           }
                 ; 0000 00D1     }
                 _0x1E:
00016f cfb7      	RJMP _0x11
                 ; 0000 00D2 }
                 _0x1F:
000170 cfff      	RJMP _0x1F
                 
                 	.DSEG
                 _second_2:
000260           	.BYTE 0x2
                 _dot:
000262           	.BYTE 0x1
                 _counter:
000263           	.BYTE 0x2
                 _number:
000265           	.BYTE 0xA
                 
                 	.CSEG
                 ;OPTIMIZER ADDED SUBROUTINE, CALLED 6 TIMES, CODE SIZE REDUCTION:7 WORDS
                 SUBOPT_0x0:
000171 91a0 0263 	LDS  R26,_counter
000173 91b0 0264 	LDS  R27,_counter+1
000175 9508      	RET
                 
                 
                 	.CSEG
                 ;END OF CODE MARKER
                 __END_OF_CODE:


RESOURCE USE INFORMATION
------------------------

Notice:
The register and instruction counts are symbol table hit counts,
and hence implicitly used resources are not counted, eg, the
'lpm' instruction without operands implicitly uses r0 and z,
none of which are counted.

x,y,z are separate entities in the symbol table and are
counted separately from r26..r31 here.

.dseg memory usage only counts static data declared with .byte

ATmega32 register use summary:
r0 :   9 r1 :   1 r2 :   0 r3 :   0 r4 :   7 r5 :   5 r6 :   6 r7 :   4 
r8 :   5 r9 :   3 r10:   5 r11:   3 r12:   6 r13:   3 r14:   0 r15:   0 
r16:   0 r17:   0 r18:   0 r19:   0 r20:   0 r21:   0 r22:   2 r23:   0 
r24:   7 r25:   2 r26:  29 r27:  19 r28:   1 r29:   1 r30: 140 r31:  28 
x  :  10 y  :  22 z  :   8 
Registers used: 24 out of 35 (68.6%)

ATmega32 instruction use summary:
.lds  :   0 .lds.l:   0 .sts  :   0 .sts.l:   0 adc   :   5 add   :   5 
adiw  :   7 and   :   0 andi  :   1 asr   :   0 bclr  :   0 bld   :   0 
brbc  :   0 brbs  :   0 brcc  :   0 brcs  :   0 break :   0 breq  :   4 
brge  :   0 brhc  :   0 brhs  :   0 brid  :   0 brie  :   0 brlo  :   0 
brlt  :   0 brmi  :   0 brne  :  16 brpl  :   0 brsh  :   0 brtc  :   0 
brts  :   0 brvc  :   0 brvs  :   0 bset  :   0 bst   :   0 call  :   0 
cbi   :   0 cbr   :   0 clc   :   0 clh   :   0 cli   :   1 cln   :   0 
clr   :  15 cls   :   0 clt   :   0 clv   :   0 clz   :   0 com   :   0 
cp    :   7 cpc   :   7 cpi   :   0 cpse  :   0 dec   :   1 des   :   0 
eor   :   0 fmul  :   0 fmuls :   0 fmulsu:   0 icall :   0 ijmp  :   0 
in    :   2 inc   :   0 jmp   :  23 ld    :  17 ldd   :   0 ldi   :  63 
lds   :  11 lpm   :   7 lsl   :   0 lsr   :   0 mov   :   0 movw  :  14 
mul   :   0 muls  :   0 mulsu :   0 neg   :   0 nop   :   0 or    :   1 
ori   :   0 out   :  47 pop   :   0 push  :   0 rcall :   6 ret   :   1 
reti  :   2 rjmp  :  10 rol   :   0 ror   :   0 sbc   :   0 sbci  :   1 
sbi   :   0 sbic  :   0 sbis  :   0 sbiw  :  11 sbr   :   0 sbrc  :   0 
sbrs  :   0 sec   :   0 seh   :   0 sei   :   1 sen   :   0 ser   :   0 
ses   :   0 set   :   0 sev   :   0 sez   :   0 sleep :   0 spm   :   0 
st    :  16 std   :   0 sts   :   8 sub   :   0 subi  :   1 swap  :   0 
tst   :   0 wdr   :   0 
Instructions used: 30 out of 116 (25.9%)

ATmega32 memory use summary [bytes]:
Segment   Begin    End      Code   Data   Used    Size   Use%
---------------------------------------------------------------
[.cseg] 0x000000 0x0002ec    706     42    748   32768   2.3%
[.dseg] 0x000060 0x00026f      0     15     15    2143   0.7%
[.eseg] 0x000000 0x000000      0      0      0    1024   0.0%

Assembly complete, 0 errors, 6 warnings
