
AVRASM ver. 2.1.30  D:\Bahareh\Semester 8\Files\Microprocessor Lab\Microprocessor\Session 6\Software\List\HW6.asm Sat Apr 20 11:40:16 2024

D:\Bahareh\Semester 8\Files\Microprocessor Lab\Microprocessor\Session 6\Software\List\HW6.asm(1072): warning: Register r4 already defined by the .DEF directive
D:\Bahareh\Semester 8\Files\Microprocessor Lab\Microprocessor\Session 6\Software\List\HW6.asm(1073): warning: Register r6 already defined by the .DEF directive
D:\Bahareh\Semester 8\Files\Microprocessor Lab\Microprocessor\Session 6\Software\List\HW6.asm(1074): warning: Register r8 already defined by the .DEF directive
D:\Bahareh\Semester 8\Files\Microprocessor Lab\Microprocessor\Session 6\Software\List\HW6.asm(1075): warning: Register r10 already defined by the .DEF directive
D:\Bahareh\Semester 8\Files\Microprocessor Lab\Microprocessor\Session 6\Software\List\HW6.asm(1076): warning: Register r13 already defined by the .DEF directive
D:\Bahareh\Semester 8\Files\Microprocessor Lab\Microprocessor\Session 6\Software\List\HW6.asm(1077): warning: Register r12 already defined by the .DEF directive
                 
                 
                 ;CodeVisionAVR C Compiler V2.05.3 Standard
                 ;(C) Copyright 1998-2011 Pavel Haiduc, HP InfoTech s.r.l.
                 ;http://www.hpinfotech.com
                 
                 ;Chip type                : ATmega32
                 ;Program type             : Application
                 ;Clock frequency          : 8.000000 MHz
                 ;Memory model             : Small
                 ;Optimize for             : Size
                 ;(s)printf features       : int, width
                 ;(s)scanf features        : int, width
                 ;External RAM size        : 0
                 ;Data Stack size          : 512 byte(s)
                 ;Heap size                : 0 byte(s)
                 ;Promote 'char' to 'int'  : Yes
                 ;'char' is unsigned       : Yes
                 ;8 bit enums              : Yes
                 ;Global 'const' stored in FLASH     : No
                 ;Enhanced function parameter passing: Yes
                 ;Enhanced core instructions         : On
                 ;Smart register allocation          : On
                 ;Automatic register allocation      : On
                 
                 	#pragma AVRPART ADMIN PART_NAME ATmega32
                 	#pragma AVRPART MEMORY PROG_FLASH 32768
                 	#pragma AVRPART MEMORY EEPROM 1024
                 	#pragma AVRPART MEMORY INT_SRAM SIZE 2143
                 	#pragma AVRPART MEMORY INT_SRAM START_ADDR 0x60
                 
                 	#define CALL_SUPPORTED 1
                 
                 	.LISTMAC
                 	.EQU UDRE=0x5
                 	.EQU RXC=0x7
                 	.EQU USR=0xB
                 	.EQU UDR=0xC
                 	.EQU SPSR=0xE
                 	.EQU SPDR=0xF
                 	.EQU EERE=0x0
                 	.EQU EEWE=0x1
                 	.EQU EEMWE=0x2
                 	.EQU EECR=0x1C
                 	.EQU EEDR=0x1D
                 	.EQU EEARL=0x1E
                 	.EQU EEARH=0x1F
                 	.EQU WDTCR=0x21
                 	.EQU MCUCR=0x35
                 	.EQU GICR=0x3B
                 	.EQU SPL=0x3D
                 	.EQU SPH=0x3E
                 	.EQU SREG=0x3F
                 
                 	.DEF R0X0=R0
                 	.DEF R0X1=R1
                 	.DEF R0X2=R2
                 	.DEF R0X3=R3
                 	.DEF R0X4=R4
                 	.DEF R0X5=R5
                 	.DEF R0X6=R6
                 	.DEF R0X7=R7
                 	.DEF R0X8=R8
                 	.DEF R0X9=R9
                 	.DEF R0XA=R10
                 	.DEF R0XB=R11
                 	.DEF R0XC=R12
                 	.DEF R0XD=R13
                 	.DEF R0XE=R14
                 	.DEF R0XF=R15
                 	.DEF R0X10=R16
                 	.DEF R0X11=R17
                 	.DEF R0X12=R18
                 	.DEF R0X13=R19
                 	.DEF R0X14=R20
                 	.DEF R0X15=R21
                 	.DEF R0X16=R22
                 	.DEF R0X17=R23
                 	.DEF R0X18=R24
                 	.DEF R0X19=R25
                 	.DEF R0X1A=R26
                 	.DEF R0X1B=R27
                 	.DEF R0X1C=R28
                 	.DEF R0X1D=R29
                 	.DEF R0X1E=R30
                 	.DEF R0X1F=R31
                 
                 	.EQU __SRAM_START=0x0060
                 	.EQU __SRAM_END=0x085F
                 	.EQU __DSTACK_SIZE=0x0200
                 	.EQU __HEAP_SIZE=0x0000
                 	.EQU __CLEAR_SRAM_SIZE=__SRAM_END-__SRAM_START+1
                 
                 	.MACRO __CPD1N
                 	CPI  R30,LOW(@0)
                 	LDI  R26,HIGH(@0)
                 	CPC  R31,R26
                 	LDI  R26,BYTE3(@0)
                 	CPC  R22,R26
                 	LDI  R26,BYTE4(@0)
                 	CPC  R23,R26
                 	.ENDM
                 
                 	.MACRO __CPD2N
                 	CPI  R26,LOW(@0)
                 	LDI  R30,HIGH(@0)
                 	CPC  R27,R30
                 	LDI  R30,BYTE3(@0)
                 	CPC  R24,R30
                 	LDI  R30,BYTE4(@0)
                 	CPC  R25,R30
                 	.ENDM
                 
                 	.MACRO __CPWRR
                 	CP   R@0,R@2
                 	CPC  R@1,R@3
                 	.ENDM
                 
                 	.MACRO __CPWRN
                 	CPI  R@0,LOW(@2)
                 	LDI  R30,HIGH(@2)
                 	CPC  R@1,R30
                 	.ENDM
                 
                 	.MACRO __ADDB1MN
                 	SUBI R30,LOW(-@0-(@1))
                 	.ENDM
                 
                 	.MACRO __ADDB2MN
                 	SUBI R26,LOW(-@0-(@1))
                 	.ENDM
                 
                 	.MACRO __ADDW1MN
                 	SUBI R30,LOW(-@0-(@1))
                 	SBCI R31,HIGH(-@0-(@1))
                 	.ENDM
                 
                 	.MACRO __ADDW2MN
                 	SUBI R26,LOW(-@0-(@1))
                 	SBCI R27,HIGH(-@0-(@1))
                 	.ENDM
                 
                 	.MACRO __ADDW1FN
                 	SUBI R30,LOW(-2*@0-(@1))
                 	SBCI R31,HIGH(-2*@0-(@1))
                 	.ENDM
                 
                 	.MACRO __ADDD1FN
                 	SUBI R30,LOW(-2*@0-(@1))
                 	SBCI R31,HIGH(-2*@0-(@1))
                 	SBCI R22,BYTE3(-2*@0-(@1))
                 	.ENDM
                 
                 	.MACRO __ADDD1N
                 	SUBI R30,LOW(-@0)
                 	SBCI R31,HIGH(-@0)
                 	SBCI R22,BYTE3(-@0)
                 	SBCI R23,BYTE4(-@0)
                 	.ENDM
                 
                 	.MACRO __ADDD2N
                 	SUBI R26,LOW(-@0)
                 	SBCI R27,HIGH(-@0)
                 	SBCI R24,BYTE3(-@0)
                 	SBCI R25,BYTE4(-@0)
                 	.ENDM
                 
                 	.MACRO __SUBD1N
                 	SUBI R30,LOW(@0)
                 	SBCI R31,HIGH(@0)
                 	SBCI R22,BYTE3(@0)
                 	SBCI R23,BYTE4(@0)
                 	.ENDM
                 
                 	.MACRO __SUBD2N
                 	SUBI R26,LOW(@0)
                 	SBCI R27,HIGH(@0)
                 	SBCI R24,BYTE3(@0)
                 	SBCI R25,BYTE4(@0)
                 	.ENDM
                 
                 	.MACRO __ANDBMNN
                 	LDS  R30,@0+(@1)
                 	ANDI R30,LOW(@2)
                 	STS  @0+(@1),R30
                 	.ENDM
                 
                 	.MACRO __ANDWMNN
                 	LDS  R30,@0+(@1)
                 	ANDI R30,LOW(@2)
                 	STS  @0+(@1),R30
                 	LDS  R30,@0+(@1)+1
                 	ANDI R30,HIGH(@2)
                 	STS  @0+(@1)+1,R30
                 	.ENDM
                 
                 	.MACRO __ANDD1N
                 	ANDI R30,LOW(@0)
                 	ANDI R31,HIGH(@0)
                 	ANDI R22,BYTE3(@0)
                 	ANDI R23,BYTE4(@0)
                 	.ENDM
                 
                 	.MACRO __ANDD2N
                 	ANDI R26,LOW(@0)
                 	ANDI R27,HIGH(@0)
                 	ANDI R24,BYTE3(@0)
                 	ANDI R25,BYTE4(@0)
                 	.ENDM
                 
                 	.MACRO __ORBMNN
                 	LDS  R30,@0+(@1)
                 	ORI  R30,LOW(@2)
                 	STS  @0+(@1),R30
                 	.ENDM
                 
                 	.MACRO __ORWMNN
                 	LDS  R30,@0+(@1)
                 	ORI  R30,LOW(@2)
                 	STS  @0+(@1),R30
                 	LDS  R30,@0+(@1)+1
                 	ORI  R30,HIGH(@2)
                 	STS  @0+(@1)+1,R30
                 	.ENDM
                 
                 	.MACRO __ORD1N
                 	ORI  R30,LOW(@0)
                 	ORI  R31,HIGH(@0)
                 	ORI  R22,BYTE3(@0)
                 	ORI  R23,BYTE4(@0)
                 	.ENDM
                 
                 	.MACRO __ORD2N
                 	ORI  R26,LOW(@0)
                 	ORI  R27,HIGH(@0)
                 	ORI  R24,BYTE3(@0)
                 	ORI  R25,BYTE4(@0)
                 	.ENDM
                 
                 	.MACRO __DELAY_USB
                 	LDI  R24,LOW(@0)
                 __DELAY_USB_LOOP:
                 	DEC  R24
                 	BRNE __DELAY_USB_LOOP
                 	.ENDM
                 
                 	.MACRO __DELAY_USW
                 	LDI  R24,LOW(@0)
                 	LDI  R25,HIGH(@0)
                 __DELAY_USW_LOOP:
                 	SBIW R24,1
                 	BRNE __DELAY_USW_LOOP
                 	.ENDM
                 
                 	.MACRO __GETD1S
                 	LDD  R30,Y+@0
                 	LDD  R31,Y+@0+1
                 	LDD  R22,Y+@0+2
                 	LDD  R23,Y+@0+3
                 	.ENDM
                 
                 	.MACRO __GETD2S
                 	LDD  R26,Y+@0
                 	LDD  R27,Y+@0+1
                 	LDD  R24,Y+@0+2
                 	LDD  R25,Y+@0+3
                 	.ENDM
                 
                 	.MACRO __PUTD1S
                 	STD  Y+@0,R30
                 	STD  Y+@0+1,R31
                 	STD  Y+@0+2,R22
                 	STD  Y+@0+3,R23
                 	.ENDM
                 
                 	.MACRO __PUTD2S
                 	STD  Y+@0,R26
                 	STD  Y+@0+1,R27
                 	STD  Y+@0+2,R24
                 	STD  Y+@0+3,R25
                 	.ENDM
                 
                 	.MACRO __PUTDZ2
                 	STD  Z+@0,R26
                 	STD  Z+@0+1,R27
                 	STD  Z+@0+2,R24
                 	STD  Z+@0+3,R25
                 	.ENDM
                 
                 	.MACRO __CLRD1S
                 	STD  Y+@0,R30
                 	STD  Y+@0+1,R30
                 	STD  Y+@0+2,R30
                 	STD  Y+@0+3,R30
                 	.ENDM
                 
                 	.MACRO __POINTB1MN
                 	LDI  R30,LOW(@0+(@1))
                 	.ENDM
                 
                 	.MACRO __POINTW1MN
                 	LDI  R30,LOW(@0+(@1))
                 	LDI  R31,HIGH(@0+(@1))
                 	.ENDM
                 
                 	.MACRO __POINTD1M
                 	LDI  R30,LOW(@0)
                 	LDI  R31,HIGH(@0)
                 	LDI  R22,BYTE3(@0)
                 	LDI  R23,BYTE4(@0)
                 	.ENDM
                 
                 	.MACRO __POINTW1FN
                 	LDI  R30,LOW(2*@0+(@1))
                 	LDI  R31,HIGH(2*@0+(@1))
                 	.ENDM
                 
                 	.MACRO __POINTD1FN
                 	LDI  R30,LOW(2*@0+(@1))
                 	LDI  R31,HIGH(2*@0+(@1))
                 	LDI  R22,BYTE3(2*@0+(@1))
                 	LDI  R23,BYTE4(2*@0+(@1))
                 	.ENDM
                 
                 	.MACRO __POINTB2MN
                 	LDI  R26,LOW(@0+(@1))
                 	.ENDM
                 
                 	.MACRO __POINTW2MN
                 	LDI  R26,LOW(@0+(@1))
                 	LDI  R27,HIGH(@0+(@1))
                 	.ENDM
                 
                 	.MACRO __POINTW2FN
                 	LDI  R26,LOW(2*@0+(@1))
                 	LDI  R27,HIGH(2*@0+(@1))
                 	.ENDM
                 
                 	.MACRO __POINTD2FN
                 	LDI  R26,LOW(2*@0+(@1))
                 	LDI  R27,HIGH(2*@0+(@1))
                 	LDI  R24,BYTE3(2*@0+(@1))
                 	LDI  R25,BYTE4(2*@0+(@1))
                 	.ENDM
                 
                 	.MACRO __POINTBRM
                 	LDI  R@0,LOW(@1)
                 	.ENDM
                 
                 	.MACRO __POINTWRM
                 	LDI  R@0,LOW(@2)
                 	LDI  R@1,HIGH(@2)
                 	.ENDM
                 
                 	.MACRO __POINTBRMN
                 	LDI  R@0,LOW(@1+(@2))
                 	.ENDM
                 
                 	.MACRO __POINTWRMN
                 	LDI  R@0,LOW(@2+(@3))
                 	LDI  R@1,HIGH(@2+(@3))
                 	.ENDM
                 
                 	.MACRO __POINTWRFN
                 	LDI  R@0,LOW(@2*2+(@3))
                 	LDI  R@1,HIGH(@2*2+(@3))
                 	.ENDM
                 
                 	.MACRO __GETD1N
                 	LDI  R30,LOW(@0)
                 	LDI  R31,HIGH(@0)
                 	LDI  R22,BYTE3(@0)
                 	LDI  R23,BYTE4(@0)
                 	.ENDM
                 
                 	.MACRO __GETD2N
                 	LDI  R26,LOW(@0)
                 	LDI  R27,HIGH(@0)
                 	LDI  R24,BYTE3(@0)
                 	LDI  R25,BYTE4(@0)
                 	.ENDM
                 
                 	.MACRO __GETB1MN
                 	LDS  R30,@0+(@1)
                 	.ENDM
                 
                 	.MACRO __GETB1HMN
                 	LDS  R31,@0+(@1)
                 	.ENDM
                 
                 	.MACRO __GETW1MN
                 	LDS  R30,@0+(@1)
                 	LDS  R31,@0+(@1)+1
                 	.ENDM
                 
                 	.MACRO __GETD1MN
                 	LDS  R30,@0+(@1)
                 	LDS  R31,@0+(@1)+1
                 	LDS  R22,@0+(@1)+2
                 	LDS  R23,@0+(@1)+3
                 	.ENDM
                 
                 	.MACRO __GETBRMN
                 	LDS  R@0,@1+(@2)
                 	.ENDM
                 
                 	.MACRO __GETWRMN
                 	LDS  R@0,@2+(@3)
                 	LDS  R@1,@2+(@3)+1
                 	.ENDM
                 
                 	.MACRO __GETWRZ
                 	LDD  R@0,Z+@2
                 	LDD  R@1,Z+@2+1
                 	.ENDM
                 
                 	.MACRO __GETD2Z
                 	LDD  R26,Z+@0
                 	LDD  R27,Z+@0+1
                 	LDD  R24,Z+@0+2
                 	LDD  R25,Z+@0+3
                 	.ENDM
                 
                 	.MACRO __GETB2MN
                 	LDS  R26,@0+(@1)
                 	.ENDM
                 
                 	.MACRO __GETW2MN
                 	LDS  R26,@0+(@1)
                 	LDS  R27,@0+(@1)+1
                 	.ENDM
                 
                 	.MACRO __GETD2MN
                 	LDS  R26,@0+(@1)
                 	LDS  R27,@0+(@1)+1
                 	LDS  R24,@0+(@1)+2
                 	LDS  R25,@0+(@1)+3
                 	.ENDM
                 
                 	.MACRO __PUTB1MN
                 	STS  @0+(@1),R30
                 	.ENDM
                 
                 	.MACRO __PUTW1MN
                 	STS  @0+(@1),R30
                 	STS  @0+(@1)+1,R31
                 	.ENDM
                 
                 	.MACRO __PUTD1MN
                 	STS  @0+(@1),R30
                 	STS  @0+(@1)+1,R31
                 	STS  @0+(@1)+2,R22
                 	STS  @0+(@1)+3,R23
                 	.ENDM
                 
                 	.MACRO __PUTB1EN
                 	LDI  R26,LOW(@0+(@1))
                 	LDI  R27,HIGH(@0+(@1))
                 	CALL __EEPROMWRB
                 	.ENDM
                 
                 	.MACRO __PUTW1EN
                 	LDI  R26,LOW(@0+(@1))
                 	LDI  R27,HIGH(@0+(@1))
                 	CALL __EEPROMWRW
                 	.ENDM
                 
                 	.MACRO __PUTD1EN
                 	LDI  R26,LOW(@0+(@1))
                 	LDI  R27,HIGH(@0+(@1))
                 	CALL __EEPROMWRD
                 	.ENDM
                 
                 	.MACRO __PUTBR0MN
                 	STS  @0+(@1),R0
                 	.ENDM
                 
                 	.MACRO __PUTBMRN
                 	STS  @0+(@1),R@2
                 	.ENDM
                 
                 	.MACRO __PUTWMRN
                 	STS  @0+(@1),R@2
                 	STS  @0+(@1)+1,R@3
                 	.ENDM
                 
                 	.MACRO __PUTBZR
                 	STD  Z+@1,R@0
                 	.ENDM
                 
                 	.MACRO __PUTWZR
                 	STD  Z+@2,R@0
                 	STD  Z+@2+1,R@1
                 	.ENDM
                 
                 	.MACRO __GETW1R
                 	MOV  R30,R@0
                 	MOV  R31,R@1
                 	.ENDM
                 
                 	.MACRO __GETW2R
                 	MOV  R26,R@0
                 	MOV  R27,R@1
                 	.ENDM
                 
                 	.MACRO __GETWRN
                 	LDI  R@0,LOW(@2)
                 	LDI  R@1,HIGH(@2)
                 	.ENDM
                 
                 	.MACRO __PUTW1R
                 	MOV  R@0,R30
                 	MOV  R@1,R31
                 	.ENDM
                 
                 	.MACRO __PUTW2R
                 	MOV  R@0,R26
                 	MOV  R@1,R27
                 	.ENDM
                 
                 	.MACRO __ADDWRN
                 	SUBI R@0,LOW(-@2)
                 	SBCI R@1,HIGH(-@2)
                 	.ENDM
                 
                 	.MACRO __ADDWRR
                 	ADD  R@0,R@2
                 	ADC  R@1,R@3
                 	.ENDM
                 
                 	.MACRO __SUBWRN
                 	SUBI R@0,LOW(@2)
                 	SBCI R@1,HIGH(@2)
                 	.ENDM
                 
                 	.MACRO __SUBWRR
                 	SUB  R@0,R@2
                 	SBC  R@1,R@3
                 	.ENDM
                 
                 	.MACRO __ANDWRN
                 	ANDI R@0,LOW(@2)
                 	ANDI R@1,HIGH(@2)
                 	.ENDM
                 
                 	.MACRO __ANDWRR
                 	AND  R@0,R@2
                 	AND  R@1,R@3
                 	.ENDM
                 
                 	.MACRO __ORWRN
                 	ORI  R@0,LOW(@2)
                 	ORI  R@1,HIGH(@2)
                 	.ENDM
                 
                 	.MACRO __ORWRR
                 	OR   R@0,R@2
                 	OR   R@1,R@3
                 	.ENDM
                 
                 	.MACRO __EORWRR
                 	EOR  R@0,R@2
                 	EOR  R@1,R@3
                 	.ENDM
                 
                 	.MACRO __GETWRS
                 	LDD  R@0,Y+@2
                 	LDD  R@1,Y+@2+1
                 	.ENDM
                 
                 	.MACRO __PUTBSR
                 	STD  Y+@1,R@0
                 	.ENDM
                 
                 	.MACRO __PUTWSR
                 	STD  Y+@2,R@0
                 	STD  Y+@2+1,R@1
                 	.ENDM
                 
                 	.MACRO __MOVEWRR
                 	MOV  R@0,R@2
                 	MOV  R@1,R@3
                 	.ENDM
                 
                 	.MACRO __INWR
                 	IN   R@0,@2
                 	IN   R@1,@2+1
                 	.ENDM
                 
                 	.MACRO __OUTWR
                 	OUT  @2+1,R@1
                 	OUT  @2,R@0
                 	.ENDM
                 
                 	.MACRO __CALL1MN
                 	LDS  R30,@0+(@1)
                 	LDS  R31,@0+(@1)+1
                 	ICALL
                 	.ENDM
                 
                 	.MACRO __CALL1FN
                 	LDI  R30,LOW(2*@0+(@1))
                 	LDI  R31,HIGH(2*@0+(@1))
                 	CALL __GETW1PF
                 	ICALL
                 	.ENDM
                 
                 	.MACRO __CALL2EN
                 	LDI  R26,LOW(@0+(@1))
                 	LDI  R27,HIGH(@0+(@1))
                 	CALL __EEPROMRDW
                 	ICALL
                 	.ENDM
                 
                 	.MACRO __GETW1STACK
                 	IN   R26,SPL
                 	IN   R27,SPH
                 	ADIW R26,@0+1
                 	LD   R30,X+
                 	LD   R31,X
                 	.ENDM
                 
                 	.MACRO __GETD1STACK
                 	IN   R26,SPL
                 	IN   R27,SPH
                 	ADIW R26,@0+1
                 	LD   R30,X+
                 	LD   R31,X+
                 	LD   R22,X
                 	.ENDM
                 
                 	.MACRO __NBST
                 	BST  R@0,@1
                 	IN   R30,SREG
                 	LDI  R31,0x40
                 	EOR  R30,R31
                 	OUT  SREG,R30
                 	.ENDM
                 
                 
                 	.MACRO __PUTB1SN
                 	LDD  R26,Y+@0
                 	LDD  R27,Y+@0+1
                 	SUBI R26,LOW(-@1)
                 	SBCI R27,HIGH(-@1)
                 	ST   X,R30
                 	.ENDM
                 
                 	.MACRO __PUTW1SN
                 	LDD  R26,Y+@0
                 	LDD  R27,Y+@0+1
                 	SUBI R26,LOW(-@1)
                 	SBCI R27,HIGH(-@1)
                 	ST   X+,R30
                 	ST   X,R31
                 	.ENDM
                 
                 	.MACRO __PUTD1SN
                 	LDD  R26,Y+@0
                 	LDD  R27,Y+@0+1
                 	SUBI R26,LOW(-@1)
                 	SBCI R27,HIGH(-@1)
                 	CALL __PUTDP1
                 	.ENDM
                 
                 	.MACRO __PUTB1SNS
                 	LDD  R26,Y+@0
                 	LDD  R27,Y+@0+1
                 	ADIW R26,@1
                 	ST   X,R30
                 	.ENDM
                 
                 	.MACRO __PUTW1SNS
                 	LDD  R26,Y+@0
                 	LDD  R27,Y+@0+1
                 	ADIW R26,@1
                 	ST   X+,R30
                 	ST   X,R31
                 	.ENDM
                 
                 	.MACRO __PUTD1SNS
                 	LDD  R26,Y+@0
                 	LDD  R27,Y+@0+1
                 	ADIW R26,@1
                 	CALL __PUTDP1
                 	.ENDM
                 
                 	.MACRO __PUTB1PMN
                 	LDS  R26,@0
                 	LDS  R27,@0+1
                 	SUBI R26,LOW(-@1)
                 	SBCI R27,HIGH(-@1)
                 	ST   X,R30
                 	.ENDM
                 
                 	.MACRO __PUTW1PMN
                 	LDS  R26,@0
                 	LDS  R27,@0+1
                 	SUBI R26,LOW(-@1)
                 	SBCI R27,HIGH(-@1)
                 	ST   X+,R30
                 	ST   X,R31
                 	.ENDM
                 
                 	.MACRO __PUTD1PMN
                 	LDS  R26,@0
                 	LDS  R27,@0+1
                 	SUBI R26,LOW(-@1)
                 	SBCI R27,HIGH(-@1)
                 	CALL __PUTDP1
                 	.ENDM
                 
                 	.MACRO __PUTB1PMNS
                 	LDS  R26,@0
                 	LDS  R27,@0+1
                 	ADIW R26,@1
                 	ST   X,R30
                 	.ENDM
                 
                 	.MACRO __PUTW1PMNS
                 	LDS  R26,@0
                 	LDS  R27,@0+1
                 	ADIW R26,@1
                 	ST   X+,R30
                 	ST   X,R31
                 	.ENDM
                 
                 	.MACRO __PUTD1PMNS
                 	LDS  R26,@0
                 	LDS  R27,@0+1
                 	ADIW R26,@1
                 	CALL __PUTDP1
                 	.ENDM
                 
                 	.MACRO __PUTB1RN
                 	MOVW R26,R@0
                 	SUBI R26,LOW(-@1)
                 	SBCI R27,HIGH(-@1)
                 	ST   X,R30
                 	.ENDM
                 
                 	.MACRO __PUTW1RN
                 	MOVW R26,R@0
                 	SUBI R26,LOW(-@1)
                 	SBCI R27,HIGH(-@1)
                 	ST   X+,R30
                 	ST   X,R31
                 	.ENDM
                 
                 	.MACRO __PUTD1RN
                 	MOVW R26,R@0
                 	SUBI R26,LOW(-@1)
                 	SBCI R27,HIGH(-@1)
                 	CALL __PUTDP1
                 	.ENDM
                 
                 	.MACRO __PUTB1RNS
                 	MOVW R26,R@0
                 	ADIW R26,@1
                 	ST   X,R30
                 	.ENDM
                 
                 	.MACRO __PUTW1RNS
                 	MOVW R26,R@0
                 	ADIW R26,@1
                 	ST   X+,R30
                 	ST   X,R31
                 	.ENDM
                 
                 	.MACRO __PUTD1RNS
                 	MOVW R26,R@0
                 	ADIW R26,@1
                 	CALL __PUTDP1
                 	.ENDM
                 
                 	.MACRO __PUTB1RON
                 	MOV  R26,R@0
                 	MOV  R27,R@1
                 	SUBI R26,LOW(-@2)
                 	SBCI R27,HIGH(-@2)
                 	ST   X,R30
                 	.ENDM
                 
                 	.MACRO __PUTW1RON
                 	MOV  R26,R@0
                 	MOV  R27,R@1
                 	SUBI R26,LOW(-@2)
                 	SBCI R27,HIGH(-@2)
                 	ST   X+,R30
                 	ST   X,R31
                 	.ENDM
                 
                 	.MACRO __PUTD1RON
                 	MOV  R26,R@0
                 	MOV  R27,R@1
                 	SUBI R26,LOW(-@2)
                 	SBCI R27,HIGH(-@2)
                 	CALL __PUTDP1
                 	.ENDM
                 
                 	.MACRO __PUTB1RONS
                 	MOV  R26,R@0
                 	MOV  R27,R@1
                 	ADIW R26,@2
                 	ST   X,R30
                 	.ENDM
                 
                 	.MACRO __PUTW1RONS
                 	MOV  R26,R@0
                 	MOV  R27,R@1
                 	ADIW R26,@2
                 	ST   X+,R30
                 	ST   X,R31
                 	.ENDM
                 
                 	.MACRO __PUTD1RONS
                 	MOV  R26,R@0
                 	MOV  R27,R@1
                 	ADIW R26,@2
                 	CALL __PUTDP1
                 	.ENDM
                 
                 
                 	.MACRO __GETB1SX
                 	MOVW R30,R28
                 	SUBI R30,LOW(-@0)
                 	SBCI R31,HIGH(-@0)
                 	LD   R30,Z
                 	.ENDM
                 
                 	.MACRO __GETB1HSX
                 	MOVW R30,R28
                 	SUBI R30,LOW(-@0)
                 	SBCI R31,HIGH(-@0)
                 	LD   R31,Z
                 	.ENDM
                 
                 	.MACRO __GETW1SX
                 	MOVW R30,R28
                 	SUBI R30,LOW(-@0)
                 	SBCI R31,HIGH(-@0)
                 	LD   R0,Z+
                 	LD   R31,Z
                 	MOV  R30,R0
                 	.ENDM
                 
                 	.MACRO __GETD1SX
                 	MOVW R30,R28
                 	SUBI R30,LOW(-@0)
                 	SBCI R31,HIGH(-@0)
                 	LD   R0,Z+
                 	LD   R1,Z+
                 	LD   R22,Z+
                 	LD   R23,Z
                 	MOVW R30,R0
                 	.ENDM
                 
                 	.MACRO __GETB2SX
                 	MOVW R26,R28
                 	SUBI R26,LOW(-@0)
                 	SBCI R27,HIGH(-@0)
                 	LD   R26,X
                 	.ENDM
                 
                 	.MACRO __GETW2SX
                 	MOVW R26,R28
                 	SUBI R26,LOW(-@0)
                 	SBCI R27,HIGH(-@0)
                 	LD   R0,X+
                 	LD   R27,X
                 	MOV  R26,R0
                 	.ENDM
                 
                 	.MACRO __GETD2SX
                 	MOVW R26,R28
                 	SUBI R26,LOW(-@0)
                 	SBCI R27,HIGH(-@0)
                 	LD   R0,X+
                 	LD   R1,X+
                 	LD   R24,X+
                 	LD   R25,X
                 	MOVW R26,R0
                 	.ENDM
                 
                 	.MACRO __GETBRSX
                 	MOVW R30,R28
                 	SUBI R30,LOW(-@1)
                 	SBCI R31,HIGH(-@1)
                 	LD   R@0,Z
                 	.ENDM
                 
                 	.MACRO __GETWRSX
                 	MOVW R30,R28
                 	SUBI R30,LOW(-@2)
                 	SBCI R31,HIGH(-@2)
                 	LD   R@0,Z+
                 	LD   R@1,Z
                 	.ENDM
                 
                 	.MACRO __GETBRSX2
                 	MOVW R26,R28
                 	SUBI R26,LOW(-@1)
                 	SBCI R27,HIGH(-@1)
                 	LD   R@0,X
                 	.ENDM
                 
                 	.MACRO __GETWRSX2
                 	MOVW R26,R28
                 	SUBI R26,LOW(-@2)
                 	SBCI R27,HIGH(-@2)
                 	LD   R@0,X+
                 	LD   R@1,X
                 	.ENDM
                 
                 	.MACRO __LSLW8SX
                 	MOVW R30,R28
                 	SUBI R30,LOW(-@0)
                 	SBCI R31,HIGH(-@0)
                 	LD   R31,Z
                 	CLR  R30
                 	.ENDM
                 
                 	.MACRO __PUTB1SX
                 	MOVW R26,R28
                 	SUBI R26,LOW(-@0)
                 	SBCI R27,HIGH(-@0)
                 	ST   X,R30
                 	.ENDM
                 
                 	.MACRO __PUTW1SX
                 	MOVW R26,R28
                 	SUBI R26,LOW(-@0)
                 	SBCI R27,HIGH(-@0)
                 	ST   X+,R30
                 	ST   X,R31
                 	.ENDM
                 
                 	.MACRO __PUTD1SX
                 	MOVW R26,R28
                 	SUBI R26,LOW(-@0)
                 	SBCI R27,HIGH(-@0)
                 	ST   X+,R30
                 	ST   X+,R31
                 	ST   X+,R22
                 	ST   X,R23
                 	.ENDM
                 
                 	.MACRO __CLRW1SX
                 	MOVW R26,R28
                 	SUBI R26,LOW(-@0)
                 	SBCI R27,HIGH(-@0)
                 	ST   X+,R30
                 	ST   X,R30
                 	.ENDM
                 
                 	.MACRO __CLRD1SX
                 	MOVW R26,R28
                 	SUBI R26,LOW(-@0)
                 	SBCI R27,HIGH(-@0)
                 	ST   X+,R30
                 	ST   X+,R30
                 	ST   X+,R30
                 	ST   X,R30
                 	.ENDM
                 
                 	.MACRO __PUTB2SX
                 	MOVW R30,R28
                 	SUBI R30,LOW(-@0)
                 	SBCI R31,HIGH(-@0)
                 	ST   Z,R26
                 	.ENDM
                 
                 	.MACRO __PUTW2SX
                 	MOVW R30,R28
                 	SUBI R30,LOW(-@0)
                 	SBCI R31,HIGH(-@0)
                 	ST   Z+,R26
                 	ST   Z,R27
                 	.ENDM
                 
                 	.MACRO __PUTD2SX
                 	MOVW R30,R28
                 	SUBI R30,LOW(-@0)
                 	SBCI R31,HIGH(-@0)
                 	ST   Z+,R26
                 	ST   Z+,R27
                 	ST   Z+,R24
                 	ST   Z,R25
                 	.ENDM
                 
                 	.MACRO __PUTBSRX
                 	MOVW R30,R28
                 	SUBI R30,LOW(-@1)
                 	SBCI R31,HIGH(-@1)
                 	ST   Z,R@0
                 	.ENDM
                 
                 	.MACRO __PUTWSRX
                 	MOVW R30,R28
                 	SUBI R30,LOW(-@2)
                 	SBCI R31,HIGH(-@2)
                 	ST   Z+,R@0
                 	ST   Z,R@1
                 	.ENDM
                 
                 	.MACRO __PUTB1SNX
                 	MOVW R26,R28
                 	SUBI R26,LOW(-@0)
                 	SBCI R27,HIGH(-@0)
                 	LD   R0,X+
                 	LD   R27,X
                 	MOV  R26,R0
                 	SUBI R26,LOW(-@1)
                 	SBCI R27,HIGH(-@1)
                 	ST   X,R30
                 	.ENDM
                 
                 	.MACRO __PUTW1SNX
                 	MOVW R26,R28
                 	SUBI R26,LOW(-@0)
                 	SBCI R27,HIGH(-@0)
                 	LD   R0,X+
                 	LD   R27,X
                 	MOV  R26,R0
                 	SUBI R26,LOW(-@1)
                 	SBCI R27,HIGH(-@1)
                 	ST   X+,R30
                 	ST   X,R31
                 	.ENDM
                 
                 	.MACRO __PUTD1SNX
                 	MOVW R26,R28
                 	SUBI R26,LOW(-@0)
                 	SBCI R27,HIGH(-@0)
                 	LD   R0,X+
                 	LD   R27,X
                 	MOV  R26,R0
                 	SUBI R26,LOW(-@1)
                 	SBCI R27,HIGH(-@1)
                 	ST   X+,R30
                 	ST   X+,R31
                 	ST   X+,R22
                 	ST   X,R23
                 	.ENDM
                 
                 	.MACRO __MULBRR
                 	MULS R@0,R@1
                 	MOVW R30,R0
                 	.ENDM
                 
                 	.MACRO __MULBRRU
                 	MUL  R@0,R@1
                 	MOVW R30,R0
                 	.ENDM
                 
                 	.MACRO __MULBRR0
                 	MULS R@0,R@1
                 	.ENDM
                 
                 	.MACRO __MULBRRU0
                 	MUL  R@0,R@1
                 	.ENDM
                 
                 	.MACRO __MULBNWRU
                 	LDI  R26,@2
                 	MUL  R26,R@0
                 	MOVW R30,R0
                 	MUL  R26,R@1
                 	ADD  R31,R0
                 	.ENDM
                 
                 ;NAME DEFINITIONS FOR GLOBAL VARIABLES ALLOCATED TO REGISTERS
                 	.DEF _milisecond=R4
                 	.DEF _second=R6
                 	.DEF _minute=R8
                 	.DEF _hour=R10
                 	.DEF __lcd_x=R13
                 	.DEF __lcd_y=R12
                 
                 	.CSEG
                 	.ORG 0x00
                 
                 ;START OF CODE MARKER
                 __START_OF_CODE:
                 
                 ;INTERRUPT VECTORS
000000 940c 005c 	JMP  __RESET
000002 940c 0000 	JMP  0x00
000004 940c 0000 	JMP  0x00
000006 940c 0000 	JMP  0x00
000008 940c 0000 	JMP  0x00
00000a 940c 0000 	JMP  0x00
00000c 940c 0000 	JMP  0x00
00000e 940c 008c 	JMP  _timer1_compa_isr
000010 940c 0000 	JMP  0x00
000012 940c 0000 	JMP  0x00
000014 940c 0000 	JMP  0x00
000016 940c 0000 	JMP  0x00
000018 940c 0000 	JMP  0x00
00001a 940c 0000 	JMP  0x00
00001c 940c 0000 	JMP  0x00
00001e 940c 0000 	JMP  0x00
000020 940c 0000 	JMP  0x00
000022 940c 0000 	JMP  0x00
000024 940c 0000 	JMP  0x00
000026 940c 0000 	JMP  0x00
000028 940c 0000 	JMP  0x00
                 
                 _0xD:
00002a 0000
00002b 0000
00002c 003a
00002d 0017      	.DB  0x0,0x0,0x0,0x0,0x3A,0x0,0x17,0x0
                 _0x0:
00002e 2020
00002f 4c00
000030 4443
000031 4320      	.DB  0x20,0x20,0x0,0x4C,0x43,0x44,0x20,0x43
000032 4f4c
000033 4b43
000034 3a00
D:\Bahareh\Semester 8\Files\Microprocessor Lab\Microprocessor\Session 6\Software\List\HW6.asm(1112): warning: .cseg .db misalignment - padding zero byte
000035 0000      	.DB  0x4C,0x4F,0x43,0x4B,0x0,0x3A,0x0
                 _0x2000060:
D:\Bahareh\Semester 8\Files\Microprocessor Lab\Microprocessor\Session 6\Software\List\HW6.asm(1114): warning: .cseg .db misalignment - padding zero byte
000036 0001      	.DB  0x1
                 _0x2000000:
000037 4e2d
000038 4e41
000039 4900
00003a 464e      	.DB  0x2D,0x4E,0x41,0x4E,0x0,0x49,0x4E,0x46
D:\Bahareh\Semester 8\Files\Microprocessor Lab\Microprocessor\Session 6\Software\List\HW6.asm(1117): warning: .cseg .db misalignment - padding zero byte
00003b 0000      	.DB  0x0
                 _0x2040003:
00003c c080      	.DB  0x80,0xC0
                 
                 __GLOBAL_INI_TBL:
00003d 0003      	.DW  0x03
00003e 0260      	.DW  _0x4
00003f 005c      	.DW  _0x0*2
                 
000040 0003      	.DW  0x03
000041 0263      	.DW  _0x4+3
000042 005c      	.DW  _0x0*2
                 
000043 0003      	.DW  0x03
000044 0266      	.DW  _0x4+6
000045 005c      	.DW  _0x0*2
                 
000046 000a      	.DW  0x0A
000047 0269      	.DW  _0x8
000048 005f      	.DW  _0x0*2+3
                 
000049 0002      	.DW  0x02
00004a 0273      	.DW  _0x8+10
00004b 0069      	.DW  _0x0*2+13
                 
00004c 0002      	.DW  0x02
00004d 0275      	.DW  _0x8+12
00004e 0069      	.DW  _0x0*2+13
                 
00004f 0002      	.DW  0x02
000050 0277      	.DW  _0x8+14
000051 0069      	.DW  _0x0*2+13
                 
000052 0008      	.DW  0x08
000053 0004      	.DW  0x04
000054 0054      	.DW  _0xD*2
                 
000055 0001      	.DW  0x01
000056 027d      	.DW  __seed_G100
000057 006c      	.DW  _0x2000060*2
                 
000058 0002      	.DW  0x02
000059 0281      	.DW  __base_y_G102
00005a 0078      	.DW  _0x2040003*2
                 
                 _0xFFFFFFFF:
00005b 0000      	.DW  0
                 
                 __RESET:
00005c 94f8      	CLI
00005d 27ee      	CLR  R30
00005e bbec      	OUT  EECR,R30
                 
                 ;INTERRUPT VECTORS ARE PLACED
                 ;AT THE START OF FLASH
00005f e0f1      	LDI  R31,1
000060 bffb      	OUT  GICR,R31
000061 bfeb      	OUT  GICR,R30
000062 bfe5      	OUT  MCUCR,R30
                 
                 ;DISABLE WATCHDOG
000063 e1f8      	LDI  R31,0x18
000064 bdf1      	OUT  WDTCR,R31
000065 bde1      	OUT  WDTCR,R30
                 
                 ;CLEAR R2-R14
000066 e08d      	LDI  R24,(14-2)+1
000067 e0a2      	LDI  R26,2
000068 27bb      	CLR  R27
                 __CLEAR_REG:
000069 93ed      	ST   X+,R30
00006a 958a      	DEC  R24
00006b f7e9      	BRNE __CLEAR_REG
                 
                 ;CLEAR SRAM
00006c e080      	LDI  R24,LOW(__CLEAR_SRAM_SIZE)
00006d e098      	LDI  R25,HIGH(__CLEAR_SRAM_SIZE)
00006e e6a0      	LDI  R26,__SRAM_START
                 __CLEAR_SRAM:
00006f 93ed      	ST   X+,R30
000070 9701      	SBIW R24,1
000071 f7e9      	BRNE __CLEAR_SRAM
                 
                 ;GLOBAL VARIABLES INITIALIZATION
000072 e7ea      	LDI  R30,LOW(__GLOBAL_INI_TBL*2)
000073 e0f0      	LDI  R31,HIGH(__GLOBAL_INI_TBL*2)
                 __GLOBAL_INI_NEXT:
000074 9185      	LPM  R24,Z+
000075 9195      	LPM  R25,Z+
000076 9700      	SBIW R24,0
000077 f061      	BREQ __GLOBAL_INI_END
000078 91a5      	LPM  R26,Z+
000079 91b5      	LPM  R27,Z+
00007a 9005      	LPM  R0,Z+
00007b 9015      	LPM  R1,Z+
00007c 01bf      	MOVW R22,R30
00007d 01f0      	MOVW R30,R0
                 __GLOBAL_INI_LOOP:
00007e 9005      	LPM  R0,Z+
00007f 920d      	ST   X+,R0
000080 9701      	SBIW R24,1
000081 f7e1      	BRNE __GLOBAL_INI_LOOP
000082 01fb      	MOVW R30,R22
000083 cff0      	RJMP __GLOBAL_INI_NEXT
                 __GLOBAL_INI_END:
                 
                 ;HARDWARE STACK POINTER INITIALIZATION
000084 e5ef      	LDI  R30,LOW(__SRAM_END-__HEAP_SIZE)
000085 bfed      	OUT  SPL,R30
000086 e0e8      	LDI  R30,HIGH(__SRAM_END-__HEAP_SIZE)
000087 bfee      	OUT  SPH,R30
                 
                 ;DATA STACK POINTER INITIALIZATION
000088 e6c0      	LDI  R28,LOW(__SRAM_START+__DSTACK_SIZE)
000089 e0d2      	LDI  R29,HIGH(__SRAM_START+__DSTACK_SIZE)
                 
00008a 940c 0118 	JMP  _main
                 
                 	.ESEG
                 	.ORG 0
                 
                 	.DSEG
                 	.ORG 0x260
                 
                 	.CSEG
                 ;/*****************************************************
                 ;This program was produced by the
                 ;CodeWizardAVR V2.05.3 Standard
                 ;Automatic Program Generator
                 ;© Copyright 1998-2011 Pavel Haiduc, HP InfoTech s.r.l.
                 ;http://www.hpinfotech.com
                 ;
                 ;Project :
                 ;Version :
                 ;Date    : 4/20/2024
                 ;Author  : kavousi.b99@gmail.com - Bahareh Kavousi nejad - 99431217
                 ;Company : IUST
                 ;Comments:
                 ;
                 ;
                 ;Chip type               : ATmega32
                 ;Program type            : Application
                 ;AVR Core Clock frequency: 8.000000 MHz
                 ;Memory model            : Small
                 ;External RAM size       : 0
                 ;Data Stack size         : 512
                 ;*****************************************************/
                 ;/*
                 ;Bahareh Kavousi nejad - 99431217
                 ;*/
                 ;#include <mega32.h>
                 	#ifndef __SLEEP_DEFINED__
                 	#define __SLEEP_DEFINED__
                 	.EQU __se_bit=0x80
                 	.EQU __sm_mask=0x70
                 	.EQU __sm_powerdown=0x20
                 	.EQU __sm_powersave=0x30
                 	.EQU __sm_standby=0x60
                 	.EQU __sm_ext_standby=0x70
                 	.EQU __sm_adc_noise_red=0x10
                 	.SET power_ctrl_reg=mcucr
                 	#endif
                 ;#include <stdlib.h>
                 ;#include <string.h>
                 ;#include <delay.h>
                 ;
                 ;// Alphanumeric LCD functions
                 ;#include <alcd.h>
                 ;
                 ;// Declare your global variables here
                 ;unsigned int milisecond = 0;
                 ;char str_ms[];
                 ;unsigned int second = 0;
                 ;char str_s[];
                 ;unsigned int minute = 58;
                 ;char str_m[];
                 ;unsigned int hour = 23;
                 ;char str_h[];
                 ;
                 ;
                 ;interrupt [TIM1_COMPA] void timer1_compa_isr(void) {
                 ; 0000 002D interrupt [8] void timer1_compa_isr(void) {
                 
                 	.CSEG
                 _timer1_compa_isr:
00008c 920a      	ST   -Y,R0
00008d 921a      	ST   -Y,R1
00008e 92fa      	ST   -Y,R15
00008f 936a      	ST   -Y,R22
000090 937a      	ST   -Y,R23
000091 938a      	ST   -Y,R24
000092 939a      	ST   -Y,R25
000093 93aa      	ST   -Y,R26
000094 93ba      	ST   -Y,R27
000095 93ea      	ST   -Y,R30
000096 93fa      	ST   -Y,R31
000097 b7ef      	IN   R30,SREG
000098 93ea      	ST   -Y,R30
                 ; 0000 002E     milisecond += 1;
000099 01f2      	MOVW R30,R4
00009a 9631      	ADIW R30,1
00009b 012f      	MOVW R4,R30
                 ; 0000 002F 
                 ; 0000 0030 
                 ; 0000 0031     if(hour == 24) {
00009c e1e8      	LDI  R30,LOW(24)
00009d e0f0      	LDI  R31,HIGH(24)
00009e 15ea      	CP   R30,R10
00009f 05fb      	CPC  R31,R11
0000a0 f449      	BRNE _0x3
                 ; 0000 0032         lcd_gotoxy(3,1);
0000a1 e0e3      	LDI  R30,LOW(3)
0000a2 940e 0211 	CALL SUBOPT_0x0
                 ; 0000 0033         lcd_puts("  ");
                +
0000a4 e6a0     +LDI R26 , LOW ( _0x4 + ( 0 ) )
0000a5 e0b2     +LDI R27 , HIGH ( _0x4 + ( 0 ) )
                 	__POINTW2MN _0x4,0
0000a6 940e 01d1 	CALL _lcd_puts
                 ; 0000 0034         hour=0;
0000a8 24aa      	CLR  R10
0000a9 24bb      	CLR  R11
                 ; 0000 0035     }
                 ; 0000 0036 
                 ; 0000 0037     if (minute == 60) {
                 _0x3:
0000aa e3ec      	LDI  R30,LOW(60)
0000ab e0f0      	LDI  R31,HIGH(60)
0000ac 15e8      	CP   R30,R8
0000ad 05f9      	CPC  R31,R9
0000ae f461      	BRNE _0x5
                 ; 0000 0038         lcd_gotoxy(6,1);
0000af e0e6      	LDI  R30,LOW(6)
0000b0 940e 0211 	CALL SUBOPT_0x0
                 ; 0000 0039         lcd_puts("  ");
                +
0000b2 e6a3     +LDI R26 , LOW ( _0x4 + ( 3 ) )
0000b3 e0b2     +LDI R27 , HIGH ( _0x4 + ( 3 ) )
                 	__POINTW2MN _0x4,3
0000b4 940e 01d1 	CALL _lcd_puts
                 ; 0000 003A         minute=0;
0000b6 2488      	CLR  R8
0000b7 2499      	CLR  R9
                 ; 0000 003B         hour++;
0000b8 01f5      	MOVW R30,R10
0000b9 9631      	ADIW R30,1
0000ba 015f      	MOVW R10,R30
                 ; 0000 003C     }
                 ; 0000 003D 
                 ; 0000 003E     if (second == 60) {
                 _0x5:
0000bb e3ec      	LDI  R30,LOW(60)
0000bc e0f0      	LDI  R31,HIGH(60)
0000bd 15e6      	CP   R30,R6
0000be 05f7      	CPC  R31,R7
0000bf f461      	BRNE _0x6
                 ; 0000 003F         lcd_gotoxy(9,1);
0000c0 e0e9      	LDI  R30,LOW(9)
0000c1 940e 0211 	CALL SUBOPT_0x0
                 ; 0000 0040         lcd_puts("  ");
                +
0000c3 e6a6     +LDI R26 , LOW ( _0x4 + ( 6 ) )
0000c4 e0b2     +LDI R27 , HIGH ( _0x4 + ( 6 ) )
                 	__POINTW2MN _0x4,6
0000c5 940e 01d1 	CALL _lcd_puts
                 ; 0000 0041         second = 0;
0000c7 2466      	CLR  R6
0000c8 2477      	CLR  R7
                 ; 0000 0042         minute++;
0000c9 01f4      	MOVW R30,R8
0000ca 9631      	ADIW R30,1
0000cb 014f      	MOVW R8,R30
                 ; 0000 0043     }
                 ; 0000 0044 
                 ; 0000 0045     if (milisecond == 10) {
                 _0x6:
0000cc e0ea      	LDI  R30,LOW(10)
0000cd e0f0      	LDI  R31,HIGH(10)
0000ce 15e4      	CP   R30,R4
0000cf 05f5      	CPC  R31,R5
0000d0 f429      	BRNE _0x7
                 ; 0000 0046         milisecond = 0;
0000d1 2444      	CLR  R4
0000d2 2455      	CLR  R5
                 ; 0000 0047         second++;
0000d3 01f3      	MOVW R30,R6
0000d4 9631      	ADIW R30,1
0000d5 013f      	MOVW R6,R30
                 ; 0000 0048     }
                 ; 0000 0049 
                 ; 0000 004A     itoa(milisecond, str_ms);
                 _0x7:
0000d6 925a      	ST   -Y,R5
0000d7 924a      	ST   -Y,R4
0000d8 e7a9      	LDI  R26,LOW(_str_ms)
0000d9 e0b2      	LDI  R27,HIGH(_str_ms)
0000da 940e 0153 	CALL _itoa
                 ; 0000 004B     lcd_gotoxy(12,1);
0000dc e0ec      	LDI  R30,LOW(12)
0000dd 940e 0211 	CALL SUBOPT_0x0
                 ; 0000 004C     lcd_puts(str_ms);
0000df e7a9      	LDI  R26,LOW(_str_ms)
0000e0 e0b2      	LDI  R27,HIGH(_str_ms)
0000e1 940e 01d1 	CALL _lcd_puts
                 ; 0000 004D 
                 ; 0000 004E     itoa(second, str_s);
0000e3 927a      	ST   -Y,R7
0000e4 926a      	ST   -Y,R6
0000e5 e7aa      	LDI  R26,LOW(_str_s)
0000e6 e0b2      	LDI  R27,HIGH(_str_s)
0000e7 940e 0153 	CALL _itoa
                 ; 0000 004F     lcd_gotoxy(9,1);
0000e9 e0e9      	LDI  R30,LOW(9)
0000ea 940e 0211 	CALL SUBOPT_0x0
                 ; 0000 0050     lcd_puts(str_s);
0000ec e7aa      	LDI  R26,LOW(_str_s)
0000ed e0b2      	LDI  R27,HIGH(_str_s)
0000ee 940e 01d1 	CALL _lcd_puts
                 ; 0000 0051 
                 ; 0000 0052     itoa(minute, str_m);
0000f0 929a      	ST   -Y,R9
0000f1 928a      	ST   -Y,R8
0000f2 e7ab      	LDI  R26,LOW(_str_m)
0000f3 e0b2      	LDI  R27,HIGH(_str_m)
0000f4 940e 0153 	CALL _itoa
                 ; 0000 0053     lcd_gotoxy(6,1);
0000f6 e0e6      	LDI  R30,LOW(6)
0000f7 940e 0211 	CALL SUBOPT_0x0
                 ; 0000 0054     lcd_puts(str_m);
0000f9 e7ab      	LDI  R26,LOW(_str_m)
0000fa e0b2      	LDI  R27,HIGH(_str_m)
0000fb 940e 01d1 	CALL _lcd_puts
                 ; 0000 0055 
                 ; 0000 0056     itoa(hour, str_h);
0000fd 92ba      	ST   -Y,R11
0000fe 92aa      	ST   -Y,R10
0000ff e7ac      	LDI  R26,LOW(_str_h)
000100 e0b2      	LDI  R27,HIGH(_str_h)
000101 940e 0153 	CALL _itoa
                 ; 0000 0057     lcd_gotoxy(3,1);
000103 e0e3      	LDI  R30,LOW(3)
000104 940e 0211 	CALL SUBOPT_0x0
                 ; 0000 0058     lcd_puts(str_h);
000106 e7ac      	LDI  R26,LOW(_str_h)
000107 e0b2      	LDI  R27,HIGH(_str_h)
000108 940e 01d1 	CALL _lcd_puts
                 ; 0000 0059 }
00010a 91e9      	LD   R30,Y+
00010b bfef      	OUT  SREG,R30
00010c 91f9      	LD   R31,Y+
00010d 91e9      	LD   R30,Y+
00010e 91b9      	LD   R27,Y+
00010f 91a9      	LD   R26,Y+
000110 9199      	LD   R25,Y+
000111 9189      	LD   R24,Y+
000112 9179      	LD   R23,Y+
000113 9169      	LD   R22,Y+
000114 90f9      	LD   R15,Y+
000115 9019      	LD   R1,Y+
000116 9009      	LD   R0,Y+
000117 9518      	RETI
                 
                 	.DSEG
                 _0x4:
000260           	.BYTE 0x9
                 ;
                 ;
                 ;void main(void) {
                 ; 0000 005C void main(void) {
                 
                 	.CSEG
                 _main:
                 ; 0000 005D     // Declare your local variables here
                 ; 0000 005E 
                 ; 0000 005F     DDRC=0xFF;
000118 efef      	LDI  R30,LOW(255)
000119 bbe4      	OUT  0x14,R30
                 ; 0000 0060     PORTC=0x00;
00011a e0e0      	LDI  R30,LOW(0)
00011b bbe5      	OUT  0x15,R30
                 ; 0000 0061 
                 ; 0000 0062     TCCR1A=0x00;
00011c bdef      	OUT  0x2F,R30
                 ; 0000 0063     TCCR1B=0x0C;
00011d e0ec      	LDI  R30,LOW(12)
00011e bdee      	OUT  0x2E,R30
                 ; 0000 0064     TCNT1H=0x00;
00011f e0e0      	LDI  R30,LOW(0)
000120 bded      	OUT  0x2D,R30
                 ; 0000 0065     TCNT1L=0x00;
000121 bdec      	OUT  0x2C,R30
                 ; 0000 0066     ICR1H=0x00;
000122 bde7      	OUT  0x27,R30
                 ; 0000 0067     ICR1L=0x00;
000123 bde6      	OUT  0x26,R30
                 ; 0000 0068     OCR1AH=0x0C;
000124 e0ec      	LDI  R30,LOW(12)
000125 bdeb      	OUT  0x2B,R30
                 ; 0000 0069     OCR1AL=0x35;
000126 e3e5      	LDI  R30,LOW(53)
000127 bdea      	OUT  0x2A,R30
                 ; 0000 006A     OCR1BH=0x00;
000128 e0e0      	LDI  R30,LOW(0)
000129 bde9      	OUT  0x29,R30
                 ; 0000 006B     OCR1BL=0x00;
00012a bde8      	OUT  0x28,R30
                 ; 0000 006C 
                 ; 0000 006D     TIMSK=0x10;
00012b e1e0      	LDI  R30,LOW(16)
00012c bfe9      	OUT  0x39,R30
                 ; 0000 006E 
                 ; 0000 006F     // Alphanumeric LCD initialization
                 ; 0000 0070     // Connections are specified in the
                 ; 0000 0071     // Project|Configure|C Compiler|Libraries|Alphanumeric LCD menu:
                 ; 0000 0072     // RS - PORTC Bit 0
                 ; 0000 0073     // RD - PORTC Bit 1
                 ; 0000 0074     // EN - PORTC Bit 2
                 ; 0000 0075     // D4 - PORTC Bit 4
                 ; 0000 0076     // D5 - PORTC Bit 5
                 ; 0000 0077     // D6 - PORTC Bit 6
                 ; 0000 0078     // D7 - PORTC Bit 7
                 ; 0000 0079     // Characters/line: 16
                 ; 0000 007A 
                 ; 0000 007B     // Global enable interrupts
                 ; 0000 007C     #asm("sei")
00012d 9478      	sei
                 ; 0000 007D     lcd_init(16);
00012e e1a0      	LDI  R26,LOW(16)
00012f 940e 01e2 	CALL _lcd_init
                 ; 0000 007E     lcd_clear();
000131 940e 01ae 	CALL _lcd_clear
                 ; 0000 007F 
                 ; 0000 0080     lcd_gotoxy(3,0);
000133 e0e3      	LDI  R30,LOW(3)
000134 93ea      	ST   -Y,R30
000135 e0a0      	LDI  R26,LOW(0)
000136 940e 01a1 	CALL _lcd_gotoxy
                 ; 0000 0081     lcd_puts("LCD CLOCK");
                +
000138 e6a9     +LDI R26 , LOW ( _0x8 + ( 0 ) )
000139 e0b2     +LDI R27 , HIGH ( _0x8 + ( 0 ) )
                 	__POINTW2MN _0x8,0
00013a 940e 01d1 	CALL _lcd_puts
                 ; 0000 0082 
                 ; 0000 0083     lcd_gotoxy(11,1);
00013c e0eb      	LDI  R30,LOW(11)
00013d 940e 0211 	CALL SUBOPT_0x0
                 ; 0000 0084     lcd_puts(":");
                +
00013f e7a3     +LDI R26 , LOW ( _0x8 + ( 10 ) )
000140 e0b2     +LDI R27 , HIGH ( _0x8 + ( 10 ) )
                 	__POINTW2MN _0x8,10
000141 940e 01d1 	CALL _lcd_puts
                 ; 0000 0085     lcd_gotoxy(5,1);
000143 e0e5      	LDI  R30,LOW(5)
000144 940e 0211 	CALL SUBOPT_0x0
                 ; 0000 0086     lcd_puts(":");
                +
000146 e7a5     +LDI R26 , LOW ( _0x8 + ( 12 ) )
000147 e0b2     +LDI R27 , HIGH ( _0x8 + ( 12 ) )
                 	__POINTW2MN _0x8,12
000148 940e 01d1 	CALL _lcd_puts
                 ; 0000 0087     lcd_gotoxy(8,1);
00014a e0e8      	LDI  R30,LOW(8)
00014b 940e 0211 	CALL SUBOPT_0x0
                 ; 0000 0088     lcd_puts(":");
                +
00014d e7a7     +LDI R26 , LOW ( _0x8 + ( 14 ) )
00014e e0b2     +LDI R27 , HIGH ( _0x8 + ( 14 ) )
                 	__POINTW2MN _0x8,14
00014f 940e 01d1 	CALL _lcd_puts
                 ; 0000 0089 
                 ; 0000 008A     while(1) {
                 _0x9:
                 ; 0000 008B           // Place your code here
                 ; 0000 008C 
                 ; 0000 008D     }
000151 cfff      	RJMP _0x9
                 ; 0000 008E }
                 _0xC:
000152 cfff      	RJMP _0xC
                 
                 	.DSEG
                 _0x8:
000269           	.BYTE 0x10
                 ;
                 
                 	.CSEG
                 _itoa:
000153 93ba      	ST   -Y,R27
000154 93aa      	ST   -Y,R26
000155 91a9          ld   r26,y+
000156 91b9          ld   r27,y+
000157 91e9          ld   r30,y+
000158 91f9          ld   r31,y+
000159 9630          adiw r30,0
00015a f42a          brpl __itoa0
00015b 95e0          com  r30
00015c 95f0          com  r31
00015d 9631          adiw r30,1
00015e e26d          ldi  r22,'-'
00015f 936d          st   x+,r22
                 __itoa0:
000160 94e8          clt
000161 e180          ldi  r24,low(10000)
000162 e297          ldi  r25,high(10000)
000163 d00d          rcall __itoa1
000164 ee88          ldi  r24,low(1000)
000165 e093          ldi  r25,high(1000)
000166 d00a          rcall __itoa1
000167 e684          ldi  r24,100
000168 2799          clr  r25
000169 d007          rcall __itoa1
00016a e08a          ldi  r24,10
00016b d005          rcall __itoa1
00016c 2f6e          mov  r22,r30
00016d d010          rcall __itoa5
00016e 2766          clr  r22
00016f 936c          st   x,r22
000170 9508          ret
                 
                 __itoa1:
000171 2766          clr	 r22
                 __itoa2:
000172 17e8          cp   r30,r24
000173 07f9          cpc  r31,r25
000174 f020          brlo __itoa3
000175 9563          inc  r22
000176 1be8          sub  r30,r24
000177 0bf9          sbc  r31,r25
000178 f7c9          brne __itoa2
                 __itoa3:
000179 2366          tst  r22
00017a f411          brne __itoa4
00017b f016          brts __itoa5
00017c 9508          ret
                 __itoa4:
00017d 9468          set
                 __itoa5:
00017e 5d60          subi r22,-0x30
00017f 936d          st   x+,r22
000180 9508          ret
                 
                 	.DSEG
                 
                 	.CSEG
                 
                 	.CSEG
                 	#ifndef __SLEEP_DEFINED__
                 	#endif
                 
                 	.DSEG
                 
                 	.CSEG
                 __lcd_write_nibble_G102:
000181 93aa      	ST   -Y,R26
000182 b3e5      	IN   R30,0x15
000183 70ef      	ANDI R30,LOW(0xF)
000184 2fae      	MOV  R26,R30
000185 81e8      	LD   R30,Y
000186 7fe0      	ANDI R30,LOW(0xF0)
000187 2bea      	OR   R30,R26
000188 bbe5      	OUT  0x15,R30
                +
000189 e085     +LDI R24 , LOW ( 5 )
                +__DELAY_USB_LOOP :
00018a 958a     +DEC R24
00018b f7f1     +BRNE __DELAY_USB_LOOP
                 	__DELAY_USB 5
00018c 9aaa      	SBI  0x15,2
                +
00018d e08d     +LDI R24 , LOW ( 13 )
                +__DELAY_USB_LOOP :
00018e 958a     +DEC R24
00018f f7f1     +BRNE __DELAY_USB_LOOP
                 	__DELAY_USB 13
000190 98aa      	CBI  0x15,2
                +
000191 e08d     +LDI R24 , LOW ( 13 )
                +__DELAY_USB_LOOP :
000192 958a     +DEC R24
000193 f7f1     +BRNE __DELAY_USB_LOOP
                 	__DELAY_USB 13
000194 c07a      	RJMP _0x20A0001
                 __lcd_write_data:
000195 93aa      	ST   -Y,R26
000196 81a8      	LD   R26,Y
000197 dfe9      	RCALL __lcd_write_nibble_G102
000198 81e8          ld    r30,y
000199 95e2          swap  r30
00019a 83e8          st    y,r30
00019b 81a8      	LD   R26,Y
00019c dfe4      	RCALL __lcd_write_nibble_G102
                +
00019d e885     +LDI R24 , LOW ( 133 )
                +__DELAY_USB_LOOP :
00019e 958a     +DEC R24
00019f f7f1     +BRNE __DELAY_USB_LOOP
                 	__DELAY_USB 133
0001a0 c06e      	RJMP _0x20A0001
                 _lcd_gotoxy:
0001a1 93aa      	ST   -Y,R26
0001a2 81e8      	LD   R30,Y
0001a3 e0f0      	LDI  R31,0
0001a4 57ef      	SUBI R30,LOW(-__base_y_G102)
0001a5 4ffd      	SBCI R31,HIGH(-__base_y_G102)
0001a6 81e0      	LD   R30,Z
0001a7 81a9      	LDD  R26,Y+1
0001a8 0fae      	ADD  R26,R30
0001a9 dfeb      	RCALL __lcd_write_data
0001aa 80d9      	LDD  R13,Y+1
0001ab 80c8      	LDD  R12,Y+0
0001ac 9622      	ADIW R28,2
0001ad 9508      	RET
                 _lcd_clear:
0001ae e0a2      	LDI  R26,LOW(2)
0001af 940e 0215 	CALL SUBOPT_0x1
0001b1 e0ac      	LDI  R26,LOW(12)
0001b2 dfe2      	RCALL __lcd_write_data
0001b3 e0a1      	LDI  R26,LOW(1)
0001b4 940e 0215 	CALL SUBOPT_0x1
0001b6 e0e0      	LDI  R30,LOW(0)
0001b7 2ece      	MOV  R12,R30
0001b8 2ede      	MOV  R13,R30
0001b9 9508      	RET
                 _lcd_putchar:
0001ba 93aa      	ST   -Y,R26
0001bb 81a8      	LD   R26,Y
0001bc 30aa      	CPI  R26,LOW(0xA)
0001bd f021      	BREQ _0x2040005
0001be 91e0 0285 	LDS  R30,__lcd_maxx
0001c0 16de      	CP   R13,R30
0001c1 f048      	BRLO _0x2040004
                 _0x2040005:
0001c2 e0e0      	LDI  R30,LOW(0)
0001c3 93ea      	ST   -Y,R30
0001c4 94c3      	INC  R12
0001c5 2dac      	MOV  R26,R12
0001c6 dfda      	RCALL _lcd_gotoxy
0001c7 81a8      	LD   R26,Y
0001c8 30aa      	CPI  R26,LOW(0xA)
0001c9 f409      	BRNE _0x2040007
0001ca c044      	RJMP _0x20A0001
                 _0x2040007:
                 _0x2040004:
0001cb 94d3      	INC  R13
0001cc 9aa8      	SBI  0x15,0
0001cd 81a8      	LD   R26,Y
0001ce dfc6      	RCALL __lcd_write_data
0001cf 98a8      	CBI  0x15,0
0001d0 c03e      	RJMP _0x20A0001
                 _lcd_puts:
0001d1 93ba      	ST   -Y,R27
0001d2 93aa      	ST   -Y,R26
0001d3 931a      	ST   -Y,R17
                 _0x2040008:
0001d4 81a9      	LDD  R26,Y+1
0001d5 81ba      	LDD  R27,Y+1+1
0001d6 91ed      	LD   R30,X+
0001d7 83a9      	STD  Y+1,R26
0001d8 83ba      	STD  Y+1+1,R27
0001d9 2f1e      	MOV  R17,R30
0001da 30e0      	CPI  R30,0
0001db f019      	BREQ _0x204000A
0001dc 2fa1      	MOV  R26,R17
0001dd dfdc      	RCALL _lcd_putchar
0001de cff5      	RJMP _0x2040008
                 _0x204000A:
0001df 8118      	LDD  R17,Y+0
0001e0 9623      	ADIW R28,3
0001e1 9508      	RET
                 _lcd_init:
0001e2 93aa      	ST   -Y,R26
0001e3 b3e4      	IN   R30,0x14
0001e4 6fe0      	ORI  R30,LOW(0xF0)
0001e5 bbe4      	OUT  0x14,R30
0001e6 9aa2      	SBI  0x14,2
0001e7 9aa0      	SBI  0x14,0
0001e8 9aa1      	SBI  0x14,1
0001e9 98aa      	CBI  0x15,2
0001ea 98a8      	CBI  0x15,0
0001eb 98a9      	CBI  0x15,1
0001ec 81e8      	LD   R30,Y
0001ed 93e0 0285 	STS  __lcd_maxx,R30
0001ef 58e0      	SUBI R30,-LOW(128)
                +
0001f0 93e0 0283+STS __base_y_G102 + ( 2 ) , R30
                 	__PUTB1MN __base_y_G102,2
0001f2 81e8      	LD   R30,Y
0001f3 54e0      	SUBI R30,-LOW(192)
                +
0001f4 93e0 0284+STS __base_y_G102 + ( 3 ) , R30
                 	__PUTB1MN __base_y_G102,3
0001f6 e1a4      	LDI  R26,LOW(20)
0001f7 e0b0      	LDI  R27,0
0001f8 940e 0223 	CALL _delay_ms
0001fa 940e 021b 	CALL SUBOPT_0x2
0001fc 940e 021b 	CALL SUBOPT_0x2
0001fe 940e 021b 	CALL SUBOPT_0x2
000200 e2a0      	LDI  R26,LOW(32)
000201 df7f      	RCALL __lcd_write_nibble_G102
                +
000202 ec88     +LDI R24 , LOW ( 200 )
000203 e090     +LDI R25 , HIGH ( 200 )
                +__DELAY_USW_LOOP :
000204 9701     +SBIW R24 , 1
000205 f7f1     +BRNE __DELAY_USW_LOOP
                 	__DELAY_USW 200
000206 e2a8      	LDI  R26,LOW(40)
000207 df8d      	RCALL __lcd_write_data
000208 e0a4      	LDI  R26,LOW(4)
000209 df8b      	RCALL __lcd_write_data
00020a e8a5      	LDI  R26,LOW(133)
00020b df89      	RCALL __lcd_write_data
00020c e0a6      	LDI  R26,LOW(6)
00020d df87      	RCALL __lcd_write_data
00020e df9f      	RCALL _lcd_clear
                 _0x20A0001:
00020f 9621      	ADIW R28,1
000210 9508      	RET
                 
                 	.CSEG
                 
                 	.CSEG
                 
                 	.DSEG
                 _str_ms:
000279           	.BYTE 0x1
                 _str_s:
00027a           	.BYTE 0x1
                 _str_m:
00027b           	.BYTE 0x1
                 _str_h:
00027c           	.BYTE 0x1
                 __seed_G100:
00027d           	.BYTE 0x4
                 __base_y_G102:
000281           	.BYTE 0x4
                 __lcd_maxx:
000285           	.BYTE 0x1
                 
                 	.CSEG
                 ;OPTIMIZER ADDED SUBROUTINE, CALLED 10 TIMES, CODE SIZE REDUCTION:15 WORDS
                 SUBOPT_0x0:
000211 93ea      	ST   -Y,R30
000212 e0a1      	LDI  R26,LOW(1)
000213 940c 01a1 	JMP  _lcd_gotoxy
                 
                 ;OPTIMIZER ADDED SUBROUTINE, CALLED 2 TIMES, CODE SIZE REDUCTION:3 WORDS
                 SUBOPT_0x1:
000215 940e 0195 	CALL __lcd_write_data
000217 e0a3      	LDI  R26,LOW(3)
000218 e0b0      	LDI  R27,0
000219 940c 0223 	JMP  _delay_ms
                 
                 ;OPTIMIZER ADDED SUBROUTINE, CALLED 3 TIMES, CODE SIZE REDUCTION:7 WORDS
                 SUBOPT_0x2:
00021b e3a0      	LDI  R26,LOW(48)
00021c 940e 0181 	CALL __lcd_write_nibble_G102
                +
00021e ec88     +LDI R24 , LOW ( 200 )
00021f e090     +LDI R25 , HIGH ( 200 )
                +__DELAY_USW_LOOP :
000220 9701     +SBIW R24 , 1
000221 f7f1     +BRNE __DELAY_USW_LOOP
                 	__DELAY_USW 200
000222 9508      	RET
                 
                 
                 	.CSEG
                 _delay_ms:
000223 9610      	adiw r26,0
000224 f039      	breq __delay_ms1
                 __delay_ms0:
                +
000225 ed80     +LDI R24 , LOW ( 0x7D0 )
000226 e097     +LDI R25 , HIGH ( 0x7D0 )
                +__DELAY_USW_LOOP :
000227 9701     +SBIW R24 , 1
000228 f7f1     +BRNE __DELAY_USW_LOOP
                 	__DELAY_USW 0x7D0
000229 95a8      	wdr
00022a 9711      	sbiw r26,1
00022b f7c9      	brne __delay_ms0
                 __delay_ms1:
00022c 9508      	ret
                 
                 ;END OF CODE MARKER
                 __END_OF_CODE:


RESOURCE USE INFORMATION
------------------------

Notice:
The register and instruction counts are symbol table hit counts,
and hence implicitly used resources are not counted, eg, the
'lpm' instruction without operands implicitly uses r0 and z,
none of which are counted.

x,y,z are separate entities in the symbol table and are
counted separately from r26..r31 here.

.dseg memory usage only counts static data declared with .byte

ATmega32 register use summary:
r0 :   6 r1 :   3 r2 :   0 r3 :   0 r4 :   5 r5 :   3 r6 :   5 r7 :   3 
r8 :   5 r9 :   3 r10:   5 r11:   3 r12:   4 r13:   4 r14:   0 r15:   2 
r16:   0 r17:   4 r18:   0 r19:   0 r20:   0 r21:   0 r22:  14 r23:   2 
r24:  29 r25:  12 r26:  59 r27:  26 r28:   4 r29:   1 r30: 116 r31:  21 
x  :   7 y  :  68 z  :   8 
Registers used: 27 out of 35 (77.1%)

ATmega32 instruction use summary:
.lds  :   0 .lds.l:   0 .sts  :   0 .sts.l:   0 adc   :   0 add   :   1 
adiw  :  10 and   :   0 andi  :   2 asr   :   0 bclr  :   0 bld   :   0 
brbc  :   0 brbs  :   0 brcc  :   0 brcs  :   0 break :   0 breq  :   4 
brge  :   0 brhc  :   0 brhs  :   0 brid  :   0 brie  :   0 brlo  :   2 
brlt  :   0 brmi  :   0 brne  :  18 brpl  :   1 brsh  :   0 brtc  :   0 
brts  :   1 brvc  :   0 brvs  :   0 bset  :   0 bst   :   0 call  :  36 
cbi   :   5 cbr   :   0 clc   :   0 clh   :   0 cli   :   1 cln   :   0 
clr   :  13 cls   :   0 clt   :   1 clv   :   0 clz   :   0 com   :   2 
cp    :   6 cpc   :   5 cpi   :   3 cpse  :   0 dec   :   5 des   :   0 
eor   :   0 fmul  :   0 fmuls :   0 fmulsu:   0 icall :   0 ijmp  :   0 
in    :   3 inc   :   3 jmp   :  24 ld    :  28 ldd   :   6 ldi   : 106 
lds   :   1 lpm   :   7 lsl   :   0 lsr   :   0 mov   :   7 movw  :  11 
mul   :   0 muls  :   0 mulsu :   0 neg   :   0 nop   :   0 or    :   1 
ori   :   1 out   :  24 pop   :   0 push  :   0 rcall :  18 ret   :   9 
reti  :   1 rjmp  :   8 rol   :   0 ror   :   0 sbc   :   1 sbci  :   1 
sbi   :   5 sbic  :   0 sbis  :   0 sbiw  :   7 sbr   :   0 sbrc  :   0 
sbrs  :   0 sec   :   0 seh   :   0 sei   :   1 sen   :   0 ser   :   0 
ses   :   0 set   :   1 sev   :   0 sez   :   0 sleep :   0 spm   :   0 
st    :  40 std   :   2 sts   :   3 sub   :   1 subi  :   4 swap  :   1 
tst   :   1 wdr   :   1 
Instructions used: 49 out of 116 (42.2%)

ATmega32 memory use summary [bytes]:
Segment   Begin    End      Code   Data   Used    Size   Use%
---------------------------------------------------------------
[.cseg] 0x000000 0x00045a   1014    100   1114   32768   3.4%
[.dseg] 0x000060 0x000286      0     38     38    2143   1.8%
[.eseg] 0x000000 0x000000      0      0      0    1024   0.0%

Assembly complete, 0 errors, 9 warnings
